{"numFailedTestSuites":8,"numFailedTests":11,"numPassedTestSuites":0,"numPassedTests":26,"numPendingTestSuites":0,"numPendingTests":0,"numRuntimeErrorTestSuites":0,"numTodoTests":0,"numTotalTestSuites":8,"numTotalTests":37,"openHandles":[],"snapshot":{"added":0,"didUpdate":false,"failure":false,"filesAdded":0,"filesRemoved":0,"filesRemovedList":[],"filesUnmatched":0,"filesUpdated":0,"matched":2,"total":2,"unchecked":0,"uncheckedKeysByFile":[],"unmatched":0,"updated":0},"startTime":1779900509503,"success":false,"testResults":[{"assertionResults":[{"ancestorTitles":["principal command center"],"duration":10,"failing":false,"failureDetails":[],"failureMessages":[],"fullName":"principal command center filters approvals to enabled modules","invocations":1,"location":null,"numPassingAsserts":3,"retryReasons":[],"startAt":1779900511876,"status":"passed","title":"filters approvals to enabled modules"},{"ancestorTitles":["principal command center"],"duration":414,"failing":false,"failureDetails":[{"name":"TestingLibraryElementError"}],"failureMessages":["TestingLibraryElementError: Unable to find an element with the text: Approval command queue. This could be because the text is broken up by multiple elements. In this case, you can provide a function for your text matcher to make your matcher more flexible.\n\nIgnored nodes: comments, script, style\n\u001b[36m<body>\u001b[39m\n  \u001b[36m<div>\u001b[39m\n    \u001b[36m<div\u001b[39m\n      \u001b[33mclass\u001b[39m=\u001b[32m\"space-y-6\"\u001b[39m\n      \u001b[33mdata-testid\u001b[39m=\u001b[32m\"principal-command-center\"\u001b[39m\n    \u001b[36m>\u001b[39m\n      \u001b[36m<div\u001b[39m\n        \u001b[33mclass\u001b[39m=\u001b[32m\"flex flex-col gap-4 lg:flex-row lg:items-end lg:justify-between\"\u001b[39m\n      \u001b[36m>\u001b[39m\n        \u001b[36m<div\u001b[39m\n          \u001b[33mclass\u001b[39m=\u001b[32m\"max-w-2xl min-w-0\"\u001b[39m\n        \u001b[36m>\u001b[39m\n          \u001b[36m<p\u001b[39m\n            \u001b[33mclass\u001b[39m=\u001b[32m\"eyebrow\"\u001b[39m\n          \u001b[36m>\u001b[39m\n            \u001b[0mPrincipal Command\u001b[0m\n          \u001b[36m</p>\u001b[39m\n          \u001b[36m<h2\u001b[39m\n            \u001b[33mclass\u001b[39m=\u001b[32m\"mt-1.5 text-xl font-bold text-foreground tracking-tight\"\u001b[39m\n          \u001b[36m>\u001b[39m\n            \u001b[0mExecutive command center\u001b[0m\n          \u001b[36m</h2>\u001b[39m\n          \u001b[36m<p\u001b[39m\n            \u001b[33mclass\u001b[39m=\u001b[32m\"mt-1 text-[13px] leading-relaxed text-muted\"\u001b[39m\n          \u001b[36m>\u001b[39m\n            \u001b[0mOversight, approvals, risk detection, accountability, AI insights, and live governance across enabled modules only.\u001b[0m\n          \u001b[36m</p>\u001b[39m\n          \u001b[36m<div\u001b[39m\n            \u001b[33mclass\u001b[39m=\u001b[32m\"mt-2.5 flex flex-wrap gap-2\"\u001b[39m\n          \u001b[36m>\u001b[39m\n            \u001b[36m<span\u001b[39m\n              \u001b[33mclass\u001b[39m=\u001b[32m\"badge badge-neutral\"\u001b[39m\n            \u001b[36m>\u001b[39m\n              \u001b[0mGenerated \u001b[0m\n              \u001b[0m11:00:00\u001b[0m\n            \u001b[36m</span>\u001b[39m\n          \u001b[36m</div>\u001b[39m\n        \u001b[36m</div>\u001b[39m\n        \u001b[36m<div\u001b[39m\n          \u001b[33mclass\u001b[39m=\u001b[32m\"flex flex-wrap items-center gap-2 shrink-0\"\u001b[39m\n        \u001b[36m>\u001b[39m\n          \u001b[36m<div\u001b[39m\n            \u001b[33mclass\u001b[39m=\u001b[32m\"flex flex-wrap items-center gap-2\"\u001b[39m\n          \u001b[36m>\u001b[39m\n            \u001b[36m<span\u001b[39m\n              \u001b[33mclass\u001b[39m=\u001b[32m\"inline-flex items-center gap-2 text-xs font-semibold text-success\"\u001b[39m\n            \u001b[36m>\u001b[39m\n              \u001b[36m<span\u001b[39m\n                \u001b[33mclass\u001b[39m=\u001b[32m\"pulse-indicator relative inline-flex h-2 w-2 rounded-full bg-current\"\u001b[39m\n              \u001b[36m/>\u001b[39m\n              \u001b[0mLive\u001b[0m\n            \u001b[36m</span>\u001b[39m\n            \u001b[36m<span\u001b[39m\n              \u001b[33mclass\u001b[39m=\u001b[32m\"inline-flex items-center gap-1.5 rounded-full px-2.5 py-0.5 text-[11px] font-semibold leading-tight whitespace-nowrap border border-success/25 bg-success-soft text-success shadow-[0_0_18px_rgba(52,211,153,0.08)]\"\u001b[39m\n            \u001b[36m>\u001b[39m\n              \u001b[36m<svg\u001b[39m\n                \u001b[33maria-hidden\u001b[39m=\u001b[32m\"true\"\u001b[39m\n                \u001b[33mclass\u001b[39m=\u001b[32m\"lucide lucide-circle-check h-3 w-3\"\u001b[39m\n                \u001b[33mfill\u001b[39m=\u001b[32m\"none\"\u001b[39m\n                \u001b[33mheight\u001b[39m=\u001b[32m\"24\"\u001b[39m\n                \u001b[33mstroke\u001b[39m=\u001b[32m\"currentColor\"\u001b[39m\n                \u001b[33mstroke-linecap\u001b[39m=\u001b[32m\"round\"\u001b[39m\n                \u001b[33mstroke-linejoin\u001b[39m=\u001b[32m\"round\"\u001b[39m\n                \u001b[33mstroke-width\u001b[39m=\u001b[32m\"2\"\u001b[39m\n                \u001b[33mviewBox\u001b[39m=\u001b[32m\"0 0 24 24\"\u001b[39m\n                \u001b[33mwidth\u001b[39m=\u001b[32m\"24\"\u001b[39m\n                \u001b[33mxmlns\u001b[39m=\u001b[32m\"http://www.w3.org/2000/svg\"\u001b[39m\n              \u001b[36m>\u001b[39m\n                \u001b[36m<circle\u001b[39m\n                  \u001b[33mcx\u001b[39m=\u001b[32m\"12\"\u001b[39m\n                  \u001b[33mcy\u001b[39m=\u001b[32m\"12\"\u001b[39m\n                  \u001b[33mr\u001b[39m=\u001b[32m\"10\"\u001b[39m\n                \u001b[36m/>\u001b[39m\n                \u001b[36m<path\u001b[39m\n                  \u001b[33md\u001b[39m=\u001b[32m\"m9 12 2 2 4-4\"\u001b[39m\n                \u001b[36m/>\u001b[39m\n              \u001b[36m</svg>\u001b[39m\n              \u001b[0m4 modules\u001b[0m\n            \u001b[36m</span>\u001b[39m\n          \u001b[36m</div>\u001b[39m\n        \u001b[36m</div>\u001b[39m\n      \u001b[36m</div>\u001b[39m\n      \u001b[36m<section\u001b[39m\n        \u001b[33mclass\u001b[39m=\u001b[32m\"dashboard-card  overflow-hidden border-border bg-surface-muted/80 p-5\"\u001b[39m\n      \u001b[36m>\u001b[39m\n        \u001b[36m<div\u001b[39m\n          \u001b[33mclass\u001b[39m=\u001b[32m\"flex flex-col gap-4 md:flex-row md:items-center md:justify-between\"\u001b[39m\n        \u001b[36m>\u001b[39m\n          \u001b[36m<div\u001b[39m\n            \u001b[33mclass\u001b[39m=\u001b[32m\"min-w-0\"\u001b[39m\n          \u001b[36m>\u001b[39m\n            \u001b[36m<p\u001b[39m\n              \u001b[33mclass\u001b[39m=\u001b[32m\"text-[11px] font-bold uppercase tracking-[0.16em] text-accent\"\u001b[39m\n            \u001b[36m>\u001b[39m\n              \u001b[0mExecutive briefing\u001b[0m\n            \u001b[36m</p>\u001b[39m\n            \u001b[36m<h1\u001b[39m\n              \u001b[33mclass\u001b[39m=\u001b[32m\"mt-2 text-2xl font-bold tracking-tight text-foreground sm:text-3xl\"\u001b[39m\n            \u001b[36m>\u001b[39m\n              \u001b[0mGood Evening\u001b[0m\n              \u001b[0m, \u001b[0m\n              \u001b[0mPrincipal\u001b[0m\n            \u001b[36m</h1>\u001b[39m\n            \u001b[36m<p\u001b[39m\n              \u001b[33mclass\u001b[39m=\u001b[32m\"mt-2 text-sm leading-6 text-muted\"\u001b[39m\n            \u001b[36m>\u001b[39m\n              \u001b[0m1 executive signal is ready for review.\u001b[0m\n            \u001b[36m</p>\u001b[39m\n          \u001b[36m</div>\u001b[39m\n          \u001b[36m<div\u001b[39m\n            \u001b[33mclass\u001b[39m=\u001b[32m\"flex flex-wrap items-center gap-2 rounded-[var(--radius-sm)] border border-border bg-primary-soft/40 px-3 py-2 text-xs font-semibold text-muted\"\u001b[39m\n          \u001b[36m>\u001b[39m\n            \u001b[36m<span>\u001b[39m\n              \u001b[0mFriday, 22 May\u001b[0m\n            \u001b[36m</span>\u001b[39m\n            \u001b[36m<span\u001b[39m\n              \u001b[33maria-hidden\u001b[39m=\u001b[32m\"true\"\u001b[39m\n              \u001b[33mclass\u001b[39m=\u001b[32m\"h-1 w-1 rounded-full bg-accent\"\u001b[39m\n            \u001b[36m/>\u001b[39m\n            \u001b[36m<span>\u001b[39m\n              \u001b[0mTerm view\u001b[0m\n            \u001b[36m</span>\u001b[39m\n          \u001b[36m</div>\u001b[39m\n        \u001b[36m</div>\u001b[39m\n      \u001b[36m</section>\u001b[39m\n      \u001b[36m<section\u001b[39m\n        \u001b[33mclass\u001b[39m=\u001b[32m\"grid gap-6 xl:grid-cols-[minmax(0,1fr)_340px]\"\u001b[39m\n      \u001b[36m>\u001b[39m\n        \u001b[36m<div\u001b[39m\n          \u001b[33mclass\u001b[39m=\u001b[32m\"space-y-6\"\u001b[39m\n        \u001b[36m>\u001b[39m\n          \u001b[36m<section\u001b[39m\n            \u001b[33mclass\u001b[39m=\u001b[32m\"grid gap-4 md:grid-cols-2 xl:grid-cols-4\"\u001b[39m\n          \u001b[36m>\u001b[39m\n            \u001b[36m<section\u001b[39m\n              \u001b[33mclass\u001b[39m=\u001b[32m\"dashboard-card  p-4 \"\u001b[39m\n            \u001b[36m>\u001b[39m\n              \u001b[36m<div\u001b[39m\n                \u001b[33mclass\u001b[39m=\u001b[32m\"flex items-start justify-between gap-3\"\u001b[39m\n              \u001b[36m>\u001b[39m\n                \u001b[36m<p\u001b[39m\n                  \u001b[33mclass\u001b[39m=\u001b[32m\"eyebrow\"\u001b[39m\n                \u001b[36m>\u001b[39m\n                  \u001b[0mStudents\u001b[0m\n                \u001b[36m</p>\u001b[39m\n                \u001b[36m<span\u001b[39m\n                  \u001b[33mclass\u001b[39m=\u001b[32m\"inline-flex items-center gap-1 rounded-full border px-2 py-0.5 text-[11px] font-semibold border-success/25 bg-success-soft text-success\"\u001b[39m\n                \u001b[36m>\u001b[39m\n                  \u001b[36m<svg\u001b[39m\n                    \u001b[33maria-hidden\u001b[39m=\u001b[32m\"true\"\u001b[39m\n                    \u001b[33mclass\u001b[39m=\u001b[32m\"lucide lucide-arrow-up-right h-3 w-3\"\u001b[39m\n                    \u001b[33mfill\u001b[39m=\u001b[32m\"none\"\u001b[39m\n                    \u001b[33mheight\u001b[39m=\u001b[32m\"24\"\u001b[39m\n                    \u001b[33mstroke\u001b[39m=\u001b[32m\"currentColor\"\u001b[39m\n                    \u001b[33mstroke-linecap\u001b[39m=\u001b[32m\"round\"\u001b[39m\n                    \u001b[33mstroke-linejoin\u001b[39m=\u001b[32m\"round\"\u001b[39m\n                    \u001b[33mstroke-width\u001b[39m=\u001b[32m\"2\"\u001b[39m\n                    \u001b[33mviewBox\u001b[39m=\u001b[32m\"0 0 24 24\"\u001b[39m\n                  ...\n    at Object.getElementError (C:\\Users\\user\\Desktop\\PROJECTS\\Shule hub\\apps\\web\\node_modules\\@testing-library\\dom\\dist\\config.js:37:19)\n    at C:\\Users\\user\\Desktop\\PROJECTS\\Shule hub\\apps\\web\\node_modules\\@testing-library\\dom\\dist\\query-helpers.js:76:38\n    at C:\\Users\\user\\Desktop\\PROJECTS\\Shule hub\\apps\\web\\node_modules\\@testing-library\\dom\\dist\\query-helpers.js:52:17\n    at C:\\Users\\user\\Desktop\\PROJECTS\\Shule hub\\apps\\web\\node_modules\\@testing-library\\dom\\dist\\query-helpers.js:95:19\n    at Object.getByText (C:\\Users\\user\\Desktop\\PROJECTS\\Shule hub\\apps\\web\\tests\\design\\principal-command-center.test.tsx:92:19)"],"fullName":"principal command center keeps AI insight content mounted as locked until the tenant enables AI insights","invocations":1,"location":null,"numPassingAsserts":4,"retryReasons":[],"startAt":1779900511887,"status":"failed","title":"keeps AI insight content mounted as locked until the tenant enables AI insights"},{"ancestorTitles":["principal command center"],"duration":122,"failing":false,"failureDetails":[],"failureMessages":[],"fullName":"principal command center shows AI insights only when ai_insights is enabled","invocations":1,"location":null,"numPassingAsserts":4,"retryReasons":[],"startAt":1779900512312,"status":"passed","title":"shows AI insights only when ai_insights is enabled"},{"ancestorTitles":["principal command center"],"duration":88,"failing":false,"failureDetails":[],"failureMessages":[],"fullName":"principal command center keeps fixed executive intelligence zones mounted when modules are disabled","invocations":1,"location":null,"numPassingAsserts":6,"retryReasons":[],"startAt":1779900512435,"status":"passed","title":"keeps fixed executive intelligence zones mounted when modules are disabled"},{"ancestorTitles":["principal command center"],"duration":217,"failing":false,"failureDetails":[],"failureMessages":[],"fullName":"principal command center renders live metrics when the API gateway wraps the dashboard payload","invocations":1,"location":null,"numPassingAsserts":5,"retryReasons":[],"startAt":1779900512523,"status":"passed","title":"renders live metrics when the API gateway wraps the dashboard payload"},{"ancestorTitles":["principal command center"],"duration":222,"failing":false,"failureDetails":[],"failureMessages":[],"fullName":"principal command center renders a time-aware executive greeting for the principal","invocations":1,"location":null,"numPassingAsserts":2,"retryReasons":[],"startAt":1779900512741,"status":"passed","title":"renders a time-aware executive greeting for the principal"},{"ancestorTitles":["principal command center"],"duration":102,"failing":false,"failureDetails":[],"failureMessages":[],"fullName":"principal command center routes expired principal dashboard sessions back to school login","invocations":1,"location":null,"numPassingAsserts":1,"retryReasons":[],"startAt":1779900512963,"status":"passed","title":"routes expired principal dashboard sessions back to school login"},{"ancestorTitles":["principal command center"],"duration":106,"failing":false,"failureDetails":[],"failureMessages":[],"fullName":"principal command center shows billing lifecycle messages returned by the live API","invocations":1,"location":null,"numPassingAsserts":1,"retryReasons":[],"startAt":1779900513065,"status":"passed","title":"shows billing lifecycle messages returned by the live API"},{"ancestorTitles":["principal command center"],"duration":145,"failing":false,"failureDetails":[],"failureMessages":[],"fullName":"principal command center keeps the principal dashboard mounted when a legacy live payload omits module arrays","invocations":1,"location":null,"numPassingAsserts":4,"retryReasons":[],"startAt":1779900513171,"status":"passed","title":"keeps the principal dashboard mounted when a legacy live payload omits module arrays"},{"ancestorTitles":["principal command center"],"duration":152,"failing":false,"failureDetails":[],"failureMessages":[],"fullName":"principal command center opens principal sections from cached module access while live access refreshes","invocations":1,"location":null,"numPassingAsserts":7,"retryReasons":[],"startAt":1779900513316,"status":"passed","title":"opens principal sections from cached module access while live access refreshes"},{"ancestorTitles":["principal command center"],"duration":99,"failing":false,"failureDetails":[],"failureMessages":[],"fullName":"principal command center opens principal sections on cold module access while live access refreshes","invocations":1,"location":null,"numPassingAsserts":6,"retryReasons":[],"startAt":1779900513468,"status":"passed","title":"opens principal sections on cold module access while live access refreshes"}],"endTime":1779900513592,"message":"  ● principal command center › keeps AI insight content mounted as locked until the tenant enables AI insights\n\n    TestingLibraryElementError: Unable to find an element with the text: Approval command queue. This could be because the text is broken up by multiple elements. In this case, you can provide a function for your text matcher to make your matcher more flexible.\n\n    Ignored nodes: comments, script, style\n    \u001b[36m<body>\u001b[39m\n      \u001b[36m<div>\u001b[39m\n        \u001b[36m<div\u001b[39m\n          \u001b[33mclass\u001b[39m=\u001b[32m\"space-y-6\"\u001b[39m\n          \u001b[33mdata-testid\u001b[39m=\u001b[32m\"principal-command-center\"\u001b[39m\n        \u001b[36m>\u001b[39m\n          \u001b[36m<div\u001b[39m\n            \u001b[33mclass\u001b[39m=\u001b[32m\"flex flex-col gap-4 lg:flex-row lg:items-end lg:justify-between\"\u001b[39m\n          \u001b[36m>\u001b[39m\n            \u001b[36m<div\u001b[39m\n              \u001b[33mclass\u001b[39m=\u001b[32m\"max-w-2xl min-w-0\"\u001b[39m\n            \u001b[36m>\u001b[39m\n              \u001b[36m<p\u001b[39m\n                \u001b[33mclass\u001b[39m=\u001b[32m\"eyebrow\"\u001b[39m\n              \u001b[36m>\u001b[39m\n                \u001b[0mPrincipal Command\u001b[0m\n              \u001b[36m</p>\u001b[39m\n              \u001b[36m<h2\u001b[39m\n                \u001b[33mclass\u001b[39m=\u001b[32m\"mt-1.5 text-xl font-bold text-foreground tracking-tight\"\u001b[39m\n              \u001b[36m>\u001b[39m\n                \u001b[0mExecutive command center\u001b[0m\n              \u001b[36m</h2>\u001b[39m\n              \u001b[36m<p\u001b[39m\n                \u001b[33mclass\u001b[39m=\u001b[32m\"mt-1 text-[13px] leading-relaxed text-muted\"\u001b[39m\n              \u001b[36m>\u001b[39m\n                \u001b[0mOversight, approvals, risk detection, accountability, AI insights, and live governance across enabled modules only.\u001b[0m\n              \u001b[36m</p>\u001b[39m\n              \u001b[36m<div\u001b[39m\n                \u001b[33mclass\u001b[39m=\u001b[32m\"mt-2.5 flex flex-wrap gap-2\"\u001b[39m\n              \u001b[36m>\u001b[39m\n                \u001b[36m<span\u001b[39m\n                  \u001b[33mclass\u001b[39m=\u001b[32m\"badge badge-neutral\"\u001b[39m\n                \u001b[36m>\u001b[39m\n                  \u001b[0mGenerated \u001b[0m\n                  \u001b[0m11:00:00\u001b[0m\n                \u001b[36m</span>\u001b[39m\n              \u001b[36m</div>\u001b[39m\n            \u001b[36m</div>\u001b[39m\n            \u001b[36m<div\u001b[39m\n              \u001b[33mclass\u001b[39m=\u001b[32m\"flex flex-wrap items-center gap-2 shrink-0\"\u001b[39m\n            \u001b[36m>\u001b[39m\n              \u001b[36m<div\u001b[39m\n                \u001b[33mclass\u001b[39m=\u001b[32m\"flex flex-wrap items-center gap-2\"\u001b[39m\n              \u001b[36m>\u001b[39m\n                \u001b[36m<span\u001b[39m\n                  \u001b[33mclass\u001b[39m=\u001b[32m\"inline-flex items-center gap-2 text-xs font-semibold text-success\"\u001b[39m\n                \u001b[36m>\u001b[39m\n                  \u001b[36m<span\u001b[39m\n                    \u001b[33mclass\u001b[39m=\u001b[32m\"pulse-indicator relative inline-flex h-2 w-2 rounded-full bg-current\"\u001b[39m\n                  \u001b[36m/>\u001b[39m\n                  \u001b[0mLive\u001b[0m\n                \u001b[36m</span>\u001b[39m\n                \u001b[36m<span\u001b[39m\n                  \u001b[33mclass\u001b[39m=\u001b[32m\"inline-flex items-center gap-1.5 rounded-full px-2.5 py-0.5 text-[11px] font-semibold leading-tight whitespace-nowrap border border-success/25 bg-success-soft text-success shadow-[0_0_18px_rgba(52,211,153,0.08)]\"\u001b[39m\n                \u001b[36m>\u001b[39m\n                  \u001b[36m<svg\u001b[39m\n                    \u001b[33maria-hidden\u001b[39m=\u001b[32m\"true\"\u001b[39m\n                    \u001b[33mclass\u001b[39m=\u001b[32m\"lucide lucide-circle-check h-3 w-3\"\u001b[39m\n                    \u001b[33mfill\u001b[39m=\u001b[32m\"none\"\u001b[39m\n                    \u001b[33mheight\u001b[39m=\u001b[32m\"24\"\u001b[39m\n                    \u001b[33mstroke\u001b[39m=\u001b[32m\"currentColor\"\u001b[39m\n                    \u001b[33mstroke-linecap\u001b[39m=\u001b[32m\"round\"\u001b[39m\n                    \u001b[33mstroke-linejoin\u001b[39m=\u001b[32m\"round\"\u001b[39m\n                    \u001b[33mstroke-width\u001b[39m=\u001b[32m\"2\"\u001b[39m\n                    \u001b[33mviewBox\u001b[39m=\u001b[32m\"0 0 24 24\"\u001b[39m\n                    \u001b[33mwidth\u001b[39m=\u001b[32m\"24\"\u001b[39m\n                    \u001b[33mxmlns\u001b[39m=\u001b[32m\"http://www.w3.org/2000/svg\"\u001b[39m\n                  \u001b[36m>\u001b[39m\n                    \u001b[36m<circle\u001b[39m\n                      \u001b[33mcx\u001b[39m=\u001b[32m\"12\"\u001b[39m\n                      \u001b[33mcy\u001b[39m=\u001b[32m\"12\"\u001b[39m\n                      \u001b[33mr\u001b[39m=\u001b[32m\"10\"\u001b[39m\n                    \u001b[36m/>\u001b[39m\n                    \u001b[36m<path\u001b[39m\n                      \u001b[33md\u001b[39m=\u001b[32m\"m9 12 2 2 4-4\"\u001b[39m\n                    \u001b[36m/>\u001b[39m\n                  \u001b[36m</svg>\u001b[39m\n                  \u001b[0m4 modules\u001b[0m\n                \u001b[36m</span>\u001b[39m\n              \u001b[36m</div>\u001b[39m\n            \u001b[36m</div>\u001b[39m\n          \u001b[36m</div>\u001b[39m\n          \u001b[36m<section\u001b[39m\n            \u001b[33mclass\u001b[39m=\u001b[32m\"dashboard-card  overflow-hidden border-border bg-surface-muted/80 p-5\"\u001b[39m\n          \u001b[36m>\u001b[39m\n            \u001b[36m<div\u001b[39m\n              \u001b[33mclass\u001b[39m=\u001b[32m\"flex flex-col gap-4 md:flex-row md:items-center md:justify-between\"\u001b[39m\n            \u001b[36m>\u001b[39m\n              \u001b[36m<div\u001b[39m\n                \u001b[33mclass\u001b[39m=\u001b[32m\"min-w-0\"\u001b[39m\n              \u001b[36m>\u001b[39m\n                \u001b[36m<p\u001b[39m\n                  \u001b[33mclass\u001b[39m=\u001b[32m\"text-[11px] font-bold uppercase tracking-[0.16em] text-accent\"\u001b[39m\n                \u001b[36m>\u001b[39m\n                  \u001b[0mExecutive briefing\u001b[0m\n                \u001b[36m</p>\u001b[39m\n                \u001b[36m<h1\u001b[39m\n                  \u001b[33mclass\u001b[39m=\u001b[32m\"mt-2 text-2xl font-bold tracking-tight text-foreground sm:text-3xl\"\u001b[39m\n                \u001b[36m>\u001b[39m\n                  \u001b[0mGood Evening\u001b[0m\n                  \u001b[0m, \u001b[0m\n                  \u001b[0mPrincipal\u001b[0m\n                \u001b[36m</h1>\u001b[39m\n                \u001b[36m<p\u001b[39m\n                  \u001b[33mclass\u001b[39m=\u001b[32m\"mt-2 text-sm leading-6 text-muted\"\u001b[39m\n                \u001b[36m>\u001b[39m\n                  \u001b[0m1 executive signal is ready for review.\u001b[0m\n                \u001b[36m</p>\u001b[39m\n              \u001b[36m</div>\u001b[39m\n              \u001b[36m<div\u001b[39m\n                \u001b[33mclass\u001b[39m=\u001b[32m\"flex flex-wrap items-center gap-2 rounded-[var(--radius-sm)] border border-border bg-primary-soft/40 px-3 py-2 text-xs font-semibold text-muted\"\u001b[39m\n              \u001b[36m>\u001b[39m\n                \u001b[36m<span>\u001b[39m\n                  \u001b[0mFriday, 22 May\u001b[0m\n                \u001b[36m</span>\u001b[39m\n                \u001b[36m<span\u001b[39m\n                  \u001b[33maria-hidden\u001b[39m=\u001b[32m\"true\"\u001b[39m\n                  \u001b[33mclass\u001b[39m=\u001b[32m\"h-1 w-1 rounded-full bg-accent\"\u001b[39m\n                \u001b[36m/>\u001b[39m\n                \u001b[36m<span>\u001b[39m\n                  \u001b[0mTerm view\u001b[0m\n                \u001b[36m</span>\u001b[39m\n              \u001b[36m</div>\u001b[39m\n            \u001b[36m</div>\u001b[39m\n          \u001b[36m</section>\u001b[39m\n          \u001b[36m<section\u001b[39m\n            \u001b[33mclass\u001b[39m=\u001b[32m\"grid gap-6 xl:grid-cols-[minmax(0,1fr)_340px]\"\u001b[39m\n          \u001b[36m>\u001b[39m\n            \u001b[36m<div\u001b[39m\n              \u001b[33mclass\u001b[39m=\u001b[32m\"space-y-6\"\u001b[39m\n            \u001b[36m>\u001b[39m\n              \u001b[36m<section\u001b[39m\n                \u001b[33mclass\u001b[39m=\u001b[32m\"grid gap-4 md:grid-cols-2 xl:grid-cols-4\"\u001b[39m\n              \u001b[36m>\u001b[39m\n                \u001b[36m<section\u001b[39m\n                  \u001b[33mclass\u001b[39m=\u001b[32m\"dashboard-card  p-4 \"\u001b[39m\n                \u001b[36m>\u001b[39m\n                  \u001b[36m<div\u001b[39m\n                    \u001b[33mclass\u001b[39m=\u001b[32m\"flex items-start justify-between gap-3\"\u001b[39m\n                  \u001b[36m>\u001b[39m\n                    \u001b[36m<p\u001b[39m\n                      \u001b[33mclass\u001b[39m=\u001b[32m\"eyebrow\"\u001b[39m\n                    \u001b[36m>\u001b[39m\n                      \u001b[0mStudents\u001b[0m\n                    \u001b[36m</p>\u001b[39m\n                    \u001b[36m<span\u001b[39m\n                      \u001b[33mclass\u001b[39m=\u001b[32m\"inline-flex items-center gap-1 rounded-full border px-2 py-0.5 text-[11px] font-semibold border-success/25 bg-success-soft text-success\"\u001b[39m\n                    \u001b[36m>\u001b[39m\n                      \u001b[36m<svg\u001b[39m\n                        \u001b[33maria-hidden\u001b[39m=\u001b[32m\"true\"\u001b[39m\n                        \u001b[33mclass\u001b[39m=\u001b[32m\"lucide lucide-arrow-up-right h-3 w-3\"\u001b[39m\n                        \u001b[33mfill\u001b[39m=\u001b[32m\"none\"\u001b[39m\n                        \u001b[33mheight\u001b[39m=\u001b[32m\"24\"\u001b[39m\n                        \u001b[33mstroke\u001b[39m=\u001b[32m\"currentColor\"\u001b[39m\n                        \u001b[33mstroke-linecap\u001b[39m=\u001b[32m\"round\"\u001b[39m\n                        \u001b[33mstroke-linejoin\u001b[39m=\u001b[32m\"round\"\u001b[39m\n                        \u001b[33mstroke-width\u001b[39m=\u001b[32m\"2\"\u001b[39m\n                        \u001b[33mviewBox\u001b[39m=\u001b[32m\"0 0 24 24\"\u001b[39m\n                      ...\n\n    \u001b[0m \u001b[90m 90 |\u001b[39m     expect(screen\u001b[33m.\u001b[39mgetByText(\u001b[32m\"AI insights\"\u001b[39m))\u001b[33m.\u001b[39mtoBeVisible()\u001b[33m;\u001b[39m\n     \u001b[90m 91 |\u001b[39m     expect(screen\u001b[33m.\u001b[39mgetAllByText(\u001b[32m\"Module not enabled for this school\"\u001b[39m)\u001b[33m.\u001b[39mlength)\u001b[33m.\u001b[39mtoBeGreaterThan(\u001b[35m0\u001b[39m)\u001b[33m;\u001b[39m\n    \u001b[31m\u001b[1m>\u001b[22m\u001b[39m\u001b[90m 92 |\u001b[39m     expect(screen\u001b[33m.\u001b[39mgetByText(\u001b[32m\"Approval command queue\"\u001b[39m))\u001b[33m.\u001b[39mtoBeVisible()\u001b[33m;\u001b[39m\n     \u001b[90m    |\u001b[39m                   \u001b[31m\u001b[1m^\u001b[22m\u001b[39m\n     \u001b[90m 93 |\u001b[39m   })\u001b[33m;\u001b[39m\n     \u001b[90m 94 |\u001b[39m\n     \u001b[90m 95 |\u001b[39m   it(\u001b[32m\"shows AI insights only when ai_insights is enabled\"\u001b[39m\u001b[33m,\u001b[39m \u001b[36masync\u001b[39m () \u001b[33m=>\u001b[39m {\u001b[0m\n\n      at Object.getElementError (node_modules/@testing-library/dom/dist/config.js:37:19)\n      at node_modules/@testing-library/dom/dist/query-helpers.js:76:38\n      at node_modules/@testing-library/dom/dist/query-helpers.js:52:17\n      at node_modules/@testing-library/dom/dist/query-helpers.js:95:19\n      at Object.getByText (tests/design/principal-command-center.test.tsx:92:19)\n","name":"C:\\Users\\user\\Desktop\\PROJECTS\\Shule hub\\apps\\web\\tests\\design\\principal-command-center.test.tsx","startTime":1779900510699,"status":"failed","summary":""},{"assertionResults":[{"ancestorTitles":["frontend operational command surfaces"],"duration":1121,"failing":false,"failureDetails":[{"name":"TestingLibraryElementError"}],"failureMessages":["Error: Unable to find an element with the text: /approve-results dispatched/i. This could be because the text is broken up by multiple elements. In this case, you can provide a function for your text matcher to make your matcher more flexible.\n\nIgnored nodes: comments, script, style\n\u001b[36m<body>\u001b[39m\n  \u001b[36m<div>\u001b[39m\n    \u001b[36m<section\u001b[39m\n      \u001b[33mclass\u001b[39m=\u001b[32m\"dashboard-card  p-5\"\u001b[39m\n    \u001b[36m>\u001b[39m\n      \u001b[36m<div\u001b[39m\n        \u001b[33mclass\u001b[39m=\u001b[32m\"flex flex-wrap items-start justify-between gap-3\"\u001b[39m\n      \u001b[36m>\u001b[39m\n        \u001b[36m<div>\u001b[39m\n          \u001b[36m<p\u001b[39m\n            \u001b[33mclass\u001b[39m=\u001b[32m\"eyebrow\"\u001b[39m\n          \u001b[36m>\u001b[39m\n            \u001b[0mApprovals\u001b[0m\n          \u001b[36m</p>\u001b[39m\n          \u001b[36m<h3\u001b[39m\n            \u001b[33mclass\u001b[39m=\u001b[32m\"mt-2 text-lg font-semibold text-foreground\"\u001b[39m\n          \u001b[36m>\u001b[39m\n            \u001b[0mApproval queue\u001b[0m\n          \u001b[36m</h3>\u001b[39m\n          \u001b[36m<p\u001b[39m\n            \u001b[33mclass\u001b[39m=\u001b[32m\"mt-2 text-sm leading-6 text-muted\"\u001b[39m\n          \u001b[36m>\u001b[39m\n            \u001b[0mRequests waiting for review, approval, return, or follow-up.\u001b[0m\n          \u001b[36m</p>\u001b[39m\n        \u001b[36m</div>\u001b[39m\n        \u001b[36m<span\u001b[39m\n          \u001b[33mclass\u001b[39m=\u001b[32m\"inline-flex items-center gap-1.5 rounded-full px-2.5 py-0.5 text-[11px] font-semibold leading-tight whitespace-nowrap border border-warning/25 bg-warning-soft text-warning shadow-[0_0_18px_rgba(251,191,36,0.08)]\"\u001b[39m\n        \u001b[36m>\u001b[39m\n          \u001b[36m<svg\u001b[39m\n            \u001b[33maria-hidden\u001b[39m=\u001b[32m\"true\"\u001b[39m\n            \u001b[33mclass\u001b[39m=\u001b[32m\"lucide lucide-triangle-alert h-3 w-3\"\u001b[39m\n            \u001b[33mfill\u001b[39m=\u001b[32m\"none\"\u001b[39m\n            \u001b[33mheight\u001b[39m=\u001b[32m\"24\"\u001b[39m\n            \u001b[33mstroke\u001b[39m=\u001b[32m\"currentColor\"\u001b[39m\n            \u001b[33mstroke-linecap\u001b[39m=\u001b[32m\"round\"\u001b[39m\n            \u001b[33mstroke-linejoin\u001b[39m=\u001b[32m\"round\"\u001b[39m\n            \u001b[33mstroke-width\u001b[39m=\u001b[32m\"2\"\u001b[39m\n            \u001b[33mviewBox\u001b[39m=\u001b[32m\"0 0 24 24\"\u001b[39m\n            \u001b[33mwidth\u001b[39m=\u001b[32m\"24\"\u001b[39m\n            \u001b[33mxmlns\u001b[39m=\u001b[32m\"http://www.w3.org/2000/svg\"\u001b[39m\n          \u001b[36m>\u001b[39m\n            \u001b[36m<path\u001b[39m\n              \u001b[33md\u001b[39m=\u001b[32m\"m21.73 18-8-14a2 2 0 0 0-3.48 0l-8 14A2 2 0 0 0 4 21h16a2 2 0 0 0 1.73-3\"\u001b[39m\n            \u001b[36m/>\u001b[39m\n            \u001b[36m<path\u001b[39m\n              \u001b[33md\u001b[39m=\u001b[32m\"M12 9v4\"\u001b[39m\n            \u001b[36m/>\u001b[39m\n            \u001b[36m<path\u001b[39m\n              \u001b[33md\u001b[39m=\u001b[32m\"M12 17h.01\"\u001b[39m\n            \u001b[36m/>\u001b[39m\n          \u001b[36m</svg>\u001b[39m\n          \u001b[0m1 active\u001b[0m\n        \u001b[36m</span>\u001b[39m\n      \u001b[36m</div>\u001b[39m\n      \u001b[36m<div\u001b[39m\n        \u001b[33mclass\u001b[39m=\u001b[32m\"mt-5 space-y-3\"\u001b[39m\n      \u001b[36m>\u001b[39m\n        \u001b[36m<div\u001b[39m\n          \u001b[33mclass\u001b[39m=\u001b[32m\"rounded-[var(--radius-sm)] border border-border bg-surface-muted/75 px-4 py-4\"\u001b[39m\n        \u001b[36m>\u001b[39m\n          \u001b[36m<div\u001b[39m\n            \u001b[33mclass\u001b[39m=\u001b[32m\"flex flex-wrap items-start justify-between gap-3\"\u001b[39m\n          \u001b[36m>\u001b[39m\n            \u001b[36m<div\u001b[39m\n              \u001b[33mclass\u001b[39m=\u001b[32m\"min-w-0\"\u001b[39m\n            \u001b[36m>\u001b[39m\n              \u001b[36m<div\u001b[39m\n                \u001b[33mclass\u001b[39m=\u001b[32m\"flex items-center gap-2\"\u001b[39m\n              \u001b[36m>\u001b[39m\n                \u001b[36m<svg\u001b[39m\n                  \u001b[33maria-hidden\u001b[39m=\u001b[32m\"true\"\u001b[39m\n                  \u001b[33mclass\u001b[39m=\u001b[32m\"lucide lucide-clipboard-check h-4 w-4 text-accent\"\u001b[39m\n                  \u001b[33mfill\u001b[39m=\u001b[32m\"none\"\u001b[39m\n                  \u001b[33mheight\u001b[39m=\u001b[32m\"24\"\u001b[39m\n                  \u001b[33mstroke\u001b[39m=\u001b[32m\"currentColor\"\u001b[39m\n                  \u001b[33mstroke-linecap\u001b[39m=\u001b[32m\"round\"\u001b[39m\n                  \u001b[33mstroke-linejoin\u001b[39m=\u001b[32m\"round\"\u001b[39m\n                  \u001b[33mstroke-width\u001b[39m=\u001b[32m\"2\"\u001b[39m\n                  \u001b[33mviewBox\u001b[39m=\u001b[32m\"0 0 24 24\"\u001b[39m\n                  \u001b[33mwidth\u001b[39m=\u001b[32m\"24\"\u001b[39m\n                  \u001b[33mxmlns\u001b[39m=\u001b[32m\"http://www.w3.org/2000/svg\"\u001b[39m\n                \u001b[36m>\u001b[39m\n                  \u001b[36m<rect\u001b[39m\n                    \u001b[33mheight\u001b[39m=\u001b[32m\"4\"\u001b[39m\n                    \u001b[33mrx\u001b[39m=\u001b[32m\"1\"\u001b[39m\n                    \u001b[33mry\u001b[39m=\u001b[32m\"1\"\u001b[39m\n                    \u001b[33mwidth\u001b[39m=\u001b[32m\"8\"\u001b[39m\n                    \u001b[33mx\u001b[39m=\u001b[32m\"8\"\u001b[39m\n                    \u001b[33my\u001b[39m=\u001b[32m\"2\"\u001b[39m\n                  \u001b[36m/>\u001b[39m\n                  \u001b[36m<path\u001b[39m\n                    \u001b[33md\u001b[39m=\u001b[32m\"M16 4h2a2 2 0 0 1 2 2v14a2 2 0 0 1-2 2H6a2 2 0 0 1-2-2V6a2 2 0 0 1 2-2h2\"\u001b[39m\n                  \u001b[36m/>\u001b[39m\n                  \u001b[36m<path\u001b[39m\n                    \u001b[33md\u001b[39m=\u001b[32m\"m9 14 2 2 4-4\"\u001b[39m\n                  \u001b[36m/>\u001b[39m\n                \u001b[36m</svg>\u001b[39m\n                \u001b[36m<p\u001b[39m\n                  \u001b[33mclass\u001b[39m=\u001b[32m\"text-sm font-semibold text-foreground\"\u001b[39m\n                \u001b[36m>\u001b[39m\n                  \u001b[0mExam release approvals\u001b[0m\n                \u001b[36m</p>\u001b[39m\n              \u001b[36m</div>\u001b[39m\n              \u001b[36m<p\u001b[39m\n                \u001b[33mclass\u001b[39m=\u001b[32m\"mt-2 text-xs leading-5 text-muted\"\u001b[39m\n              \u001b[36m>\u001b[39m\n                \u001b[0mApprove moderated results before they become visible to families.\u001b[0m\n              \u001b[36m</p>\u001b[39m\n            \u001b[36m</div>\u001b[39m\n            \u001b[36m<span\u001b[39m\n              \u001b[33mclass\u001b[39m=\u001b[32m\"inline-flex items-center gap-1.5 rounded-full px-2.5 py-0.5 text-[11px] font-semibold leading-tight whitespace-nowrap border border-warning/25 bg-warning-soft text-warning shadow-[0_0_18px_rgba(251,191,36,0.08)]\"\u001b[39m\n            \u001b[36m>\u001b[39m\n              \u001b[36m<svg\u001b[39m\n                \u001b[33maria-hidden\u001b[39m=\u001b[32m\"true\"\u001b[39m\n                \u001b[33mclass\u001b[39m=\u001b[32m\"lucide lucide-triangle-alert h-3 w-3\"\u001b[39m\n                \u001b[33mfill\u001b[39m=\u001b[32m\"none\"\u001b[39m\n                \u001b[33mheight\u001b[39m=\u001b[32m\"24\"\u001b[39m\n                \u001b[33mstroke\u001b[39m=\u001b[32m\"currentColor\"\u001b[39m\n                \u001b[33mstroke-linecap\u001b[39m=\u001b[32m\"round\"\u001b[39m\n                \u001b[33mstroke-linejoin\u001b[39m=\u001b[32m\"round\"\u001b[39m\n                \u001b[33mstroke-width\u001b[39m=\u001b[32m\"2\"\u001b[39m\n                \u001b[33mviewBox\u001b[39m=\u001b[32m\"0 0 24 24\"\u001b[39m\n                \u001b[33mwidth\u001b[39m=\u001b[32m\"24\"\u001b[39m\n                \u001b[33mxmlns\u001b[39m=\u001b[32m\"http://www.w3.org/2000/svg\"\u001b[39m\n              \u001b[36m>\u001b[39m\n                \u001b[36m<path\u001b[39m\n                  \u001b[33md\u001b[39m=\u001b[32m\"m21.73 18-8-14a2 2 0 0 0-3.48 0l-8 14A2 2 0 0 0 4 21h16a2 2 0 0 0 1.73-3\"\u001b[39m\n                \u001b[36m/>\u001b[39m\n                \u001b[36m<path\u001b[39m\n                  \u001b[33md\u001b[39m=\u001b[32m\"M12 9v4\"\u001b[39m\n                \u001b[36m/>\u001b[39m\n                \u001b[36m<path\u001b[39m\n                  \u001b[33md\u001b[39m=\u001b[32m\"M12 17h.01\"\u001b[39m\n                \u001b[36m/>\u001b[39m\n              \u001b[36m</svg>\u001b[39m\n              \u001b[0m4\u001b[0m\n            \u001b[36m</span>\u001b[39m\n          \u001b[36m</div>\u001b[39m\n          \u001b[36m<div\u001b[39m\n            \u001b[33mclass\u001b[39m=\u001b[32m\"mt-4 grid grid-cols-4 gap-2 text-[10px] font-semibold uppercase tracking-[0.12em] text-muted\"\u001b[39m\n          \u001b[36m>\u001b[39m\n            \u001b[36m<div\u001b[39m\n              \u001b[33mclass\u001b[39m=\u001b[32m\"rounded-[var(--radius-xs)] border px-2 py-2 border-border bg-primary-soft/30\"\u001b[39m\n            \u001b[36m>\u001b[39m\n              \u001b[36m<svg\u001b[39m\n                \u001b[33maria-hidden\u001b[39m=\u001b[32m\"true\"\u001b[39m\n                \u001b[33mclass\u001b[39m=\u001b[32m\"lucide lucide-file-clock mb-1 h-3.5 w-3.5\"\u001b[39m\n                \u001b[33mfill\u001b[39m=\u001b[32m\"none\"\u001b[39m\n                \u001b[33mheight\u001b[39m=\u001b[32m\"24\"\u001b[39m\n                \u001b[33mstroke\u001b[39m=\u001b[32m\"currentColor\"\u001b[39m\n                \u001b[33mstroke-linecap\u001b[39m=\u001b[32m\"round\"\u001b[39m\n                \u001b[33mstroke-linejoin\u001b[39m=\u001b[32m\"round\"\u001b[39m\n                \u001b[33mstroke-width\u001b[39m=\u001b[32m\"2\"\u001b[39m\n                \u001b[33mviewBox\u001b[39m=\u001b[32m\"0 0 24 24\"\u001b[39m\n                \u001b[33mwidth\u001b[39m=\u001b[32m\"24\"\u001b[39m\n                \u001b[33mxmlns\u001b[39m=\u001b[32m\"http://www.w3.org/2000/svg\"\u001b[39m\n              \u001b[36m>\u001b[39m\n                \u001b[36m<path\u001b[39m\n                  \u001b[33md\u001b[39m=\u001b[32m\"M16 22h2a2 2 0 0 0 2-2V8a2.4 2.4 0 0 0-.706-1.706l-3.588-3.588A2.4 2.4 0 0 0 14 2H6a2 2 0 0 0-2 2v2.85\"\u001b[39m\n                \u001b[36m/>\u001b[39m\n                \u001b[36m<path\u001b[39m\n                  \u001b[33md\u001b[39m=\u001b[32m\"M14 2v5a1 1 0 0 0 1 1h5\"\u001b[39m\n                \u001b[36m/>\u001b[39m\n                \u001b[36m<path\u001b[39m\n                  \u001b[33md\u001b[39m=\u001b[32m\"M8 14v2.2l1.6 1\"\u001b[39m\n                \u001b[36m/>\u001b[39m\n                \u001b[36m<circle\u001b[39m\n                  \u001b[33mcx\u001b[39m=\u001b[32m\"8\"\u001b[39m\n                  \u001b[33mcy\u001b[39m=\u001b[32m\"16\"\u001b[39m\n                  \u001b[33mr\u001b[39m=\u001b[32m\"6\"\u001b[39m\n                \u001b[36m/>\u001b[39m\n              \u001b[36m</svg>\u001b[39m\n              \u001b[0mRequest\u001b[0m\n            \u001b[36m</div>\u001b[39m\n            \u001b[36m<div\u001b[39m\n              \u001b[33mclass\u001b[39m=\u001b[32m\"rounded-[var(--radius-xs)] border px-2 py-2 border-border bg-primary-soft/30\"\u001b[39m\n            \u001b[36m>\u001b[39m\n              \u001b[36m<svg\u001b[39m\n                \u001b[33maria-hidden\u001b[39m=\u001b[32m\"true\"\u001b[39m\n                \u001b[33mclass\u001b[39m=\u001b[32m\"lucide lucide-file-clock mb-1 h-3.5 w-3.5\"\u001b[39m\n                \u001b[33mfill\u001b[39m=\u001b[32m\"none\"\u001b[39m\n                \u001b[33mheight\u001b[39m=\u001b[32m\"24\"\u001b[39m\n                \u001b[33mstroke\u001b[39m=\u001b[32m\"currentColor\"\u001b[39m\n                \u001b[33mstroke-linecap\u001b[39m=\u001b[32m\"round\"\u001b[39m\n                \u001b[33mstroke-linejoin\u001b[39m=\u001b[32m\"round\"\u001b[39m\n                \u001b[33mstroke-width\u001b[39m=\u001b[32m\"2\"\u001b[39m\n                \u001b[33mviewBox\u001b[39m=\u001b[32m\"0 0 24 24\"\u001b[39m\n                \u001b[33mwidth\u001b[39m=\u001b[32m\"24\"\u001b[39m\n                \u001b[33mxmlns\u001b[39m=\u001b[32m\"http://www.w3.org/2000/svg\"\u001b[39m\n              \u001b[36m>\u001b[39m\n                \u001b[36m<path\u001b[39m\n                  \u001b[33md\u001b[39m=\u001b[32m\"M16 22h2a2 2 0 0 0 2-2V8a2.4 2.4 0 0 0-.706-1.706l-3.588-3.588A2.4 2.4 0 0 0 14 2H6a2 2 0 0 0-2 2v2.85\"\u001b[39m\n                \u001b[36m/>\u001b[39m\n                \u001b[36m<path\u001b[39m\n                  \u001b[33md\u001b[39m=\u001b[32m\"M14 2v5a1 1 0 0 0 1 1h5\"\u001b[39m\n                \u001b[36m/>\u001b[39m\n                \u001b[36m<path\u001b[39m\n                  \u001b[33md\u001b[39m=\u001b[32m\"M8 14v2.2l1.6 1\"\u001b[39m\n                \u001b[36m/>\u001b[39m\n                \u001b[36m<circle\u001b[39m\n                  \u001b[33mcx\u001b[39m=\u001b[32m\"8\"\u001b[39m\n                  \u001b[33mcy\u001b[39m=\u001b[32m\"16\"\u001b[39m\n                  \u001b[33mr\u001b[39m=\u001b[32m\"6\"\u001b[39m\n                \u001b[36m/>\u001b[39m\n              \u001b[36m</svg>\u001b[39m\n              \u001b[0mReview\u001b[0m\n            \u001b[36m</div>\u001b[39m\n            \u001b[36m<div\u001b[39m\n              \u001b[33mclass\u001b[39m=\u001b[32m\"rounded-[var(--radius-xs)] border px-2 py-2 border-accent/35 bg-accent-soft text-accent\"\u001b[39m\n            \u001b[36m>\u001b[39m\n              \u001b[36m<svg\u001b[39m\n                \u001b[33maria-hidden\u001b[39m=\u001b[32m\"true\"\u001b[39m\n                \u001b[33mclass\u001b[39m=\u001b[32m\"lucide lucide-circle-check mb-1 h-3.5 w-3.5\"\u001b[39m\n                \u001b[33mfill\u001b[39m=\u001b[32m\"none\"\u001b[39m\n                \u001b[33mheight\u001b[39m=\u001b[32m\"24\"\u001b[39m\n                \u001b[33mstroke\u001b[39m=\u001b[32m\"currentColor\"\u001b[39m\n                \u001b[33mstroke-linecap\u001b[39m=\u001b[32m\"round\"\u001b[39m\n                \u001b[33mstroke-linejoin\u001b[39m=\u001b[32m\"round\"\u001b[39m\n                \u001b[33mstroke-width\u001b[39m=\u001b[32m\"2\"\u001b[39m\n                \u001b[33mviewBox\u001b[39m=\u001b[32m\"0 0 24 24\"\u001b[39m\n                \u001b[33mwidth\u001b[39m=\u001b[32m\"24\"\u001b[39m\n                \u001b[33mxmlns\u001b[39m=\u001b[32m\"http://www.w3.org/2000/svg\"\u001b[39m\n              \u001b[36m>\u001b[39m\n                \u001b[36m<circle\u001b[39m\n                  \u001b[33mcx\u001b[39m=\u001b[32m\"12\"\u001b[39m\n                  \u001b[33mcy\u001b[39m=\u001b[32m\"12\"\u001b[39m\n                  \u001b[33mr\u001b[39m=\u001b[32m\"10\"\u001b[39m\n                \u001b[36m/>\u001b[39m\n                \u001b[36m<path\u001b[39m\n                  \u001b[33md\u001b[39m=\u001b[32m\"m9 12 2 2 4-4\"\u001b[39m\n                \u001b[36m/>\u001b[39m\n              \u001b[36m</svg>\u001b[39m\n              \u001b[0mApproval\u001b[0m\n            \u001b[36m</div>\u001b[39m\n            \u001b[36m<div\u001b[39m\n              \u001b[33mclass\u001b[39m=\u001b[32m\"rounded-[var(--radius-xs)] border px-2 py-2 border-border bg-primary-soft/30\"\u001b[39m\n            \u001b[36m>\u001b[39m\n              \u001b[36m<svg\u001b[39m\n                \u001b[33maria-hidden\u001b[39m=\u001b[32m\"true\"\u001b[39m\n                \u001b[33mclass\u001b[39m=\u001b[32m\"lucide lucide-radio-tower mb-1 h-3.5 w-3.5\"\u001b[39m\n                \u001b[33mfill\u001b[39m=\u001b[32m\"none\"\u001b[39m\n                \u001b[33mheight\u001b[39m=\u001b[32m\"24\"\u001b[39m\n                \u001b[33mstroke\u001b[39m=\u001b[32m\"currentColor\"\u001b[39m\n                \u001b[33mstroke-linecap\u001b[39m=\u001b[32m\"round\"\u001b[39m\n                \u001b[33mstroke-linejoin\u001b[39m=\u001b[32m\"round\"\u001b[39m\n                \u001b[33mstroke-width\u001b[39m=\u001b[32m\"2\"\u001b[39m\n                \u001b[33mviewBox\u001b[39m=\u001b[32m\"0 0 24 24\"\u001b[39m\n                \u001b[33mwidth\u001b[39m=\u001b[32m\"24\"\u001b[39m\n                \u001b[33mxmlns\u001b[39m=\u001b[32m\"http://www.w3.org/2000/svg\"\u001b[39m\n              \u001b[36m>\u001b[39m\n                \u001b[36m<path\u001b[39m\n                  \u001b[33md\u001b[39m=\u001b[32m\"M4.9 16.1C1 12.2 1 5.8 4.9 1.9\"\u001b[39m\n                \u001b[36m/>\u001b[39m\n                \u001b[36m<path\u001b[39m\n                  \u001b[33md\u001b[39m=\u001b[32m\"M7.8 4.7a6.14 6.14 0 0 0-.8 7.5\"\u001b[39m\n                \u001b[36m/>\u001b[39m\n                \u001b[36m<circle\u001b[39m\n                  \u001b[33mcx\u001b[39m=\u001b[32m\"12\"\u001b[39m\n                  \u001b[33mcy\u001b[39m=\u001b[32m\"9\"\u001b[39m\n                  \u001b[33mr\u001b[39m=\u001b[32m\"2\"\u001b[39m\n                \u001b[36m/>\u001b[39m\n                \u001b[36m<path\u001b[39m\n                  \u001b[33md\u001b[39m=\u001b[32m\"M16.2 4.8c2 2 2.26 5.11.8 7.47\"\u001b[39m\n                \u001b[36m/>\u001b[39m\n                \u001b[36m<path\u001b[39m\n                  \u001b[33md\u001b[39m=\u001b[32m\"M19.1 1.9a9.96 9.96 0 0 1 0 14.1\"\u001b[39m\n                \u001b[36m/>\u001b[39m\n                \u001b[36m<path\u001b[39m\n                  \u001b[33md\u001b[39m=\u001b[32m\"M9.5 18h5\"\u001b[39m\n                \u001b[36m/>\u001b[39m\n                \u001b[36m<path\u001b[39m\n                  \u001b[33md\u001b[39m=\u001b[32m\"m8 22 4-11 4 11\"\u001b[39m\n                \u001b[36m/>\u001b[39m\n              \u001b[36m</svg>\u001b[39m\n              \u001b[0mRelease\u001b[0m\n            \u001b[36m</div>\u001b[39m\n          \u001b[36m</div>\u001b[39m\n          \u001b[36m<div\u001b[39m\n            \u001b[33mclass\u001b[39m=\u001b[32m\"mt-4 rounded-[var(--radius-xs)] border border-border bg-primary-soft/25 p-3\"\u001b[39m\n          \u001b[36m>\u001b[39m\n            \u001b[36m<div\u001b[39m\n              \u001b[33mclass\u001b[39m=\u001b[32m\"flex flex-wrap items-center justify-between gap-2\"\u001b[39m\n            \u001b[36m>\u001b[39m\n              \u001b[36m<p\u001b[39m\n                \u001b[33mclass\u001b[39m=\u001b[32m\"text-[10px] font-semibold uppercase tracking-[0.14em] text-muted\"\u001b[39m\n              \u001b[36m>\u001b[39m\n                \u001b[0mActions\u001b[0m\n              \u001b[36m</p>\u001b[39m\n              \u001b[36m<span\u001b[39m\n                \u001b[33mclass\u001b[39m=\u001b[32m\"text-[10px] font-semibold uppercase tracking-[0.14em] text-muted\"\u001b[39m\n              \u001b[36m>\u001b[39m\n                \u001b[0mPermission checked\u001b[0m\n              \u001b[36m</span>\u001b[39m\n            \u001b[36m</div>\u001b[39m\n            \u001b[36m<div\u001b[39m\n              \u001b[33mclass\u001b[39m=\u001b[32m\"mt-3 flex flex-wrap gap-2\"\u001b[39m\n            \u001b[36m>\u001b[39m\n              \u001b[36m<button\u001b[39m\n                \u001b[33maria-label\u001b[39m=\u001b[32m\"Approve Results\"\u001b[39m\n                \u001b[33mclass\u001b[39m=\u001b[32m\"inline-flex items-center gap-2 rounded-[var(--radius-xs)] border px-3 py-2 text-xs font-semibold transition hover:-translate-y-0.5 disabled:cursor-not-allowed disabled:opacity-70 border-accent/25 bg-accent-soft text-accent hover:border-accent/40\"\u001b[39m\n                \u001b[33mtype\u001b[39m=\u001b[32m\"button\"\u001b[39m\n              \u001b[36m>\u001b[39m\n                \u001b[36m<span\u001b[39m\n                  \u001b[33mclass\u001b[39m=\u001b[32m\"rounded-full border border-current/20 px-1.5 py-0.5 text-[9px] uppercase tracking-[0.12em]\"\u001b[39m\n                \u001b[36m>\u001b[39m\n                  \u001b[0mReady\u001b[0m\n                \u001b[36m</span>\u001b[39m\n                \u001b[0mApprove Results\u001b[0m\n              \u001b[36m</button>\u001b[39m\n              \u001b[36m<button\u001b[39m\n                \u001b[33maria-label\u001b[39m=\u001b[32m\"Return for Correction\"\u001b[39m\n                \u001b[33mclass\u001b[39m=\u001b[32m\"inline-flex items-center gap-2 rounded-[var(--radius-xs)] border px-3 py-2 text-xs font-semibold transition hover:-translate-y-0.5 disabled:cursor-not-allowed disabled:opacity-70 border-accent/25 bg-accent-soft text-accent hover:border-accent/40\"\u001b[39m\n                \u001b[33mtype\u001b[39m=\u001b[32m\"button\"\u001b[39m\n              \u001b[36m>\u001b[39m\n                \u001b[36m<span\u001b[39m\n                  \u001b[33mclass\u001b[39m=\u001b[32m\"rounded-full border border-current/20 px-1.5 py-0.5 text-[9px] uppercase tracking-[0.12em]\"\u001b[39m\n                \u001b[36m>\u001b[39m\n                  \u001b[0mReady\u001b[0m\n                \u001b[36m</span>\u001b[39m\n                \u001b[0mReturn for Correction\u001b[0m\n              \u001b[36m</button>\u001b[39m\n              \u001b[36m<button\u001b[39m\n                \u001b[33maria-label\u001b[39m=\u001b[32m\"Escalate Moderation\"\u001b[39m\n                \u001b[33mclass\u001b[39m=\u001b[32m\"inline-flex items-center gap-2 rounded-[var(--radius-xs)] border px-3 py-2 text-xs font-semibold transition hover:-translate-y-0.5 disabled:cursor-not-allowed disabled:opacity-70 border-accent/25 bg-accent-soft text-accent hover:border-accent/40\"\u001b[39m\n                \u001b[33mtype\u001b[39m=\u001b[32m\"button\"\u001b[39m\n              \u001b[36m>\u001b[39m\n                \u001b[36m<span\u001b[39m\n                  \u001b[33mclass\u001b[39m=\u001b[32m\"rounded-full border border-current/20 px-1.5 py-0.5 text-[9px] uppercase tracking-[0.12em]\"\u001b[39m\n                \u001b[36m>\u001b[39m\n                  \u001b[0mReady\u001b[0m\n                \u001b[36m</span>\u001b[39m\n                \u001b[0mEscalate Moderation\u001b[0m\n              \u001b[36m</button>\u001b[39m\n            \u001b[36m</div>\u001b[39m\n            \u001b[36m<div\u001b[39m\n              \u001b[33mclass\u001b[39m=\u001b[32m\"mt-3 rounded-[var(--radius-xs)] border px-3 py-2 text-xs leading-5 border-accent/20 bg-accent-soft/50 text-accent\"\u001b[39m\n            \u001b[36m>\u001b[39m\n              \u001b[36m<p\u001b[39m\n                \u001b[33mclass\u001b[39m=\u001b[32m\"font-semibold\"\u001b[39m\n              \u001b[36m>\u001b[39m\n                \u001b[0mApprove Results completed.\u001b[0m\n              \u001b[36m</p>\u001b[39m\n              \u001b[36m<p\u001b[39m\n                \u001b[33mclass\u001b[39m=\u001b[32m\"mt-1 text-current/80\"\u001b[39m\n              \u001b[36m>\u001b[39m\n                \u001b[0mworkflow.action.dispatched\u001b[0m\n              \u001b[36m</p>\u001b[39m\n            \u001b[36m</div>\u001b[39m\n          \u001b[36m</div>\u001b[39m\n        \u001b[36m</div>\u001b[39m\n      \u001b[36m</div>\u001b[39m\n    \u001b[36m</section>\u001b[39m\n  \u001b[36m</div>\u001b[39m\n\u001b[36m</body>\u001b[39m\n    at waitForWrapper (C:\\Users\\user\\Desktop\\PROJECTS\\Shule hub\\apps\\web\\node_modules\\@testing-library\\dom\\dist\\wait-for.js:163:27)\n    at C:\\Users\\user\\Desktop\\PROJECTS\\Shule hub\\apps\\web\\node_modules\\@testing-library\\dom\\dist\\query-helpers.js:86:33\n    at Object.findByText (C:\\Users\\user\\Desktop\\PROJECTS\\Shule hub\\apps\\web\\tests\\design\\frontend-operationalization.test.tsx:65:25)\n    at runNextTicks (node:internal/process/task_queues:65:5)\n    at listOnTimeout (node:internal/timers:549:9)\n    at processTimers (node:internal/timers:523:7)"],"fullName":"frontend operational command surfaces dispatches approval workflow actions through governed operational endpoints","invocations":1,"location":null,"numPassingAsserts":2,"retryReasons":[],"startAt":1779900514009,"status":"failed","title":"dispatches approval workflow actions through governed operational endpoints"},{"ancestorTitles":["frontend operational command surfaces"],"duration":1081,"failing":false,"failureDetails":[{"name":"TestingLibraryElementError"}],"failureMessages":["Error: Unable to find an element with the text: /return-correction failed/i. This could be because the text is broken up by multiple elements. In this case, you can provide a function for your text matcher to make your matcher more flexible.\n\nIgnored nodes: comments, script, style\n\u001b[36m<body>\u001b[39m\n  \u001b[36m<div>\u001b[39m\n    \u001b[36m<section\u001b[39m\n      \u001b[33mclass\u001b[39m=\u001b[32m\"dashboard-card  p-5\"\u001b[39m\n    \u001b[36m>\u001b[39m\n      \u001b[36m<div\u001b[39m\n        \u001b[33mclass\u001b[39m=\u001b[32m\"flex flex-wrap items-start justify-between gap-3\"\u001b[39m\n      \u001b[36m>\u001b[39m\n        \u001b[36m<div>\u001b[39m\n          \u001b[36m<p\u001b[39m\n            \u001b[33mclass\u001b[39m=\u001b[32m\"eyebrow\"\u001b[39m\n          \u001b[36m>\u001b[39m\n            \u001b[0mApprovals\u001b[0m\n          \u001b[36m</p>\u001b[39m\n          \u001b[36m<h3\u001b[39m\n            \u001b[33mclass\u001b[39m=\u001b[32m\"mt-2 text-lg font-semibold text-foreground\"\u001b[39m\n          \u001b[36m>\u001b[39m\n            \u001b[0mApproval queue\u001b[0m\n          \u001b[36m</h3>\u001b[39m\n          \u001b[36m<p\u001b[39m\n            \u001b[33mclass\u001b[39m=\u001b[32m\"mt-2 text-sm leading-6 text-muted\"\u001b[39m\n          \u001b[36m>\u001b[39m\n            \u001b[0mRequests waiting for review, approval, return, or follow-up.\u001b[0m\n          \u001b[36m</p>\u001b[39m\n        \u001b[36m</div>\u001b[39m\n        \u001b[36m<span\u001b[39m\n          \u001b[33mclass\u001b[39m=\u001b[32m\"inline-flex items-center gap-1.5 rounded-full px-2.5 py-0.5 text-[11px] font-semibold leading-tight whitespace-nowrap border border-warning/25 bg-warning-soft text-warning shadow-[0_0_18px_rgba(251,191,36,0.08)]\"\u001b[39m\n        \u001b[36m>\u001b[39m\n          \u001b[36m<svg\u001b[39m\n            \u001b[33maria-hidden\u001b[39m=\u001b[32m\"true\"\u001b[39m\n            \u001b[33mclass\u001b[39m=\u001b[32m\"lucide lucide-triangle-alert h-3 w-3\"\u001b[39m\n            \u001b[33mfill\u001b[39m=\u001b[32m\"none\"\u001b[39m\n            \u001b[33mheight\u001b[39m=\u001b[32m\"24\"\u001b[39m\n            \u001b[33mstroke\u001b[39m=\u001b[32m\"currentColor\"\u001b[39m\n            \u001b[33mstroke-linecap\u001b[39m=\u001b[32m\"round\"\u001b[39m\n            \u001b[33mstroke-linejoin\u001b[39m=\u001b[32m\"round\"\u001b[39m\n            \u001b[33mstroke-width\u001b[39m=\u001b[32m\"2\"\u001b[39m\n            \u001b[33mviewBox\u001b[39m=\u001b[32m\"0 0 24 24\"\u001b[39m\n            \u001b[33mwidth\u001b[39m=\u001b[32m\"24\"\u001b[39m\n            \u001b[33mxmlns\u001b[39m=\u001b[32m\"http://www.w3.org/2000/svg\"\u001b[39m\n          \u001b[36m>\u001b[39m\n            \u001b[36m<path\u001b[39m\n              \u001b[33md\u001b[39m=\u001b[32m\"m21.73 18-8-14a2 2 0 0 0-3.48 0l-8 14A2 2 0 0 0 4 21h16a2 2 0 0 0 1.73-3\"\u001b[39m\n            \u001b[36m/>\u001b[39m\n            \u001b[36m<path\u001b[39m\n              \u001b[33md\u001b[39m=\u001b[32m\"M12 9v4\"\u001b[39m\n            \u001b[36m/>\u001b[39m\n            \u001b[36m<path\u001b[39m\n              \u001b[33md\u001b[39m=\u001b[32m\"M12 17h.01\"\u001b[39m\n            \u001b[36m/>\u001b[39m\n          \u001b[36m</svg>\u001b[39m\n          \u001b[0m1 active\u001b[0m\n        \u001b[36m</span>\u001b[39m\n      \u001b[36m</div>\u001b[39m\n      \u001b[36m<div\u001b[39m\n        \u001b[33mclass\u001b[39m=\u001b[32m\"mt-5 space-y-3\"\u001b[39m\n      \u001b[36m>\u001b[39m\n        \u001b[36m<div\u001b[39m\n          \u001b[33mclass\u001b[39m=\u001b[32m\"rounded-[var(--radius-sm)] border border-border bg-surface-muted/75 px-4 py-4\"\u001b[39m\n        \u001b[36m>\u001b[39m\n          \u001b[36m<div\u001b[39m\n            \u001b[33mclass\u001b[39m=\u001b[32m\"flex flex-wrap items-start justify-between gap-3\"\u001b[39m\n          \u001b[36m>\u001b[39m\n            \u001b[36m<div\u001b[39m\n              \u001b[33mclass\u001b[39m=\u001b[32m\"min-w-0\"\u001b[39m\n            \u001b[36m>\u001b[39m\n              \u001b[36m<div\u001b[39m\n                \u001b[33mclass\u001b[39m=\u001b[32m\"flex items-center gap-2\"\u001b[39m\n              \u001b[36m>\u001b[39m\n                \u001b[36m<svg\u001b[39m\n                  \u001b[33maria-hidden\u001b[39m=\u001b[32m\"true\"\u001b[39m\n                  \u001b[33mclass\u001b[39m=\u001b[32m\"lucide lucide-clipboard-check h-4 w-4 text-accent\"\u001b[39m\n                  \u001b[33mfill\u001b[39m=\u001b[32m\"none\"\u001b[39m\n                  \u001b[33mheight\u001b[39m=\u001b[32m\"24\"\u001b[39m\n                  \u001b[33mstroke\u001b[39m=\u001b[32m\"currentColor\"\u001b[39m\n                  \u001b[33mstroke-linecap\u001b[39m=\u001b[32m\"round\"\u001b[39m\n                  \u001b[33mstroke-linejoin\u001b[39m=\u001b[32m\"round\"\u001b[39m\n                  \u001b[33mstroke-width\u001b[39m=\u001b[32m\"2\"\u001b[39m\n                  \u001b[33mviewBox\u001b[39m=\u001b[32m\"0 0 24 24\"\u001b[39m\n                  \u001b[33mwidth\u001b[39m=\u001b[32m\"24\"\u001b[39m\n                  \u001b[33mxmlns\u001b[39m=\u001b[32m\"http://www.w3.org/2000/svg\"\u001b[39m\n                \u001b[36m>\u001b[39m\n                  \u001b[36m<rect\u001b[39m\n                    \u001b[33mheight\u001b[39m=\u001b[32m\"4\"\u001b[39m\n                    \u001b[33mrx\u001b[39m=\u001b[32m\"1\"\u001b[39m\n                    \u001b[33mry\u001b[39m=\u001b[32m\"1\"\u001b[39m\n                    \u001b[33mwidth\u001b[39m=\u001b[32m\"8\"\u001b[39m\n                    \u001b[33mx\u001b[39m=\u001b[32m\"8\"\u001b[39m\n                    \u001b[33my\u001b[39m=\u001b[32m\"2\"\u001b[39m\n                  \u001b[36m/>\u001b[39m\n                  \u001b[36m<path\u001b[39m\n                    \u001b[33md\u001b[39m=\u001b[32m\"M16 4h2a2 2 0 0 1 2 2v14a2 2 0 0 1-2 2H6a2 2 0 0 1-2-2V6a2 2 0 0 1 2-2h2\"\u001b[39m\n                  \u001b[36m/>\u001b[39m\n                  \u001b[36m<path\u001b[39m\n                    \u001b[33md\u001b[39m=\u001b[32m\"m9 14 2 2 4-4\"\u001b[39m\n                  \u001b[36m/>\u001b[39m\n                \u001b[36m</svg>\u001b[39m\n                \u001b[36m<p\u001b[39m\n                  \u001b[33mclass\u001b[39m=\u001b[32m\"text-sm font-semibold text-foreground\"\u001b[39m\n                \u001b[36m>\u001b[39m\n                  \u001b[0mExam release approvals\u001b[0m\n                \u001b[36m</p>\u001b[39m\n              \u001b[36m</div>\u001b[39m\n              \u001b[36m<p\u001b[39m\n                \u001b[33mclass\u001b[39m=\u001b[32m\"mt-2 text-xs leading-5 text-muted\"\u001b[39m\n              \u001b[36m>\u001b[39m\n                \u001b[0mApprove moderated results before they become visible to families.\u001b[0m\n              \u001b[36m</p>\u001b[39m\n            \u001b[36m</div>\u001b[39m\n            \u001b[36m<span\u001b[39m\n              \u001b[33mclass\u001b[39m=\u001b[32m\"inline-flex items-center gap-1.5 rounded-full px-2.5 py-0.5 text-[11px] font-semibold leading-tight whitespace-nowrap border border-warning/25 bg-warning-soft text-warning shadow-[0_0_18px_rgba(251,191,36,0.08)]\"\u001b[39m\n            \u001b[36m>\u001b[39m\n              \u001b[36m<svg\u001b[39m\n                \u001b[33maria-hidden\u001b[39m=\u001b[32m\"true\"\u001b[39m\n                \u001b[33mclass\u001b[39m=\u001b[32m\"lucide lucide-triangle-alert h-3 w-3\"\u001b[39m\n                \u001b[33mfill\u001b[39m=\u001b[32m\"none\"\u001b[39m\n                \u001b[33mheight\u001b[39m=\u001b[32m\"24\"\u001b[39m\n                \u001b[33mstroke\u001b[39m=\u001b[32m\"currentColor\"\u001b[39m\n                \u001b[33mstroke-linecap\u001b[39m=\u001b[32m\"round\"\u001b[39m\n                \u001b[33mstroke-linejoin\u001b[39m=\u001b[32m\"round\"\u001b[39m\n                \u001b[33mstroke-width\u001b[39m=\u001b[32m\"2\"\u001b[39m\n                \u001b[33mviewBox\u001b[39m=\u001b[32m\"0 0 24 24\"\u001b[39m\n                \u001b[33mwidth\u001b[39m=\u001b[32m\"24\"\u001b[39m\n                \u001b[33mxmlns\u001b[39m=\u001b[32m\"http://www.w3.org/2000/svg\"\u001b[39m\n              \u001b[36m>\u001b[39m\n                \u001b[36m<path\u001b[39m\n                  \u001b[33md\u001b[39m=\u001b[32m\"m21.73 18-8-14a2 2 0 0 0-3.48 0l-8 14A2 2 0 0 0 4 21h16a2 2 0 0 0 1.73-3\"\u001b[39m\n                \u001b[36m/>\u001b[39m\n                \u001b[36m<path\u001b[39m\n                  \u001b[33md\u001b[39m=\u001b[32m\"M12 9v4\"\u001b[39m\n                \u001b[36m/>\u001b[39m\n                \u001b[36m<path\u001b[39m\n                  \u001b[33md\u001b[39m=\u001b[32m\"M12 17h.01\"\u001b[39m\n                \u001b[36m/>\u001b[39m\n              \u001b[36m</svg>\u001b[39m\n              \u001b[0m4\u001b[0m\n            \u001b[36m</span>\u001b[39m\n          \u001b[36m</div>\u001b[39m\n          \u001b[36m<div\u001b[39m\n            \u001b[33mclass\u001b[39m=\u001b[32m\"mt-4 grid grid-cols-4 gap-2 text-[10px] font-semibold uppercase tracking-[0.12em] text-muted\"\u001b[39m\n          \u001b[36m>\u001b[39m\n            \u001b[36m<div\u001b[39m\n              \u001b[33mclass\u001b[39m=\u001b[32m\"rounded-[var(--radius-xs)] border px-2 py-2 border-border bg-primary-soft/30\"\u001b[39m\n            \u001b[36m>\u001b[39m\n              \u001b[36m<svg\u001b[39m\n                \u001b[33maria-hidden\u001b[39m=\u001b[32m\"true\"\u001b[39m\n                \u001b[33mclass\u001b[39m=\u001b[32m\"lucide lucide-file-clock mb-1 h-3.5 w-3.5\"\u001b[39m\n                \u001b[33mfill\u001b[39m=\u001b[32m\"none\"\u001b[39m\n                \u001b[33mheight\u001b[39m=\u001b[32m\"24\"\u001b[39m\n                \u001b[33mstroke\u001b[39m=\u001b[32m\"currentColor\"\u001b[39m\n                \u001b[33mstroke-linecap\u001b[39m=\u001b[32m\"round\"\u001b[39m\n                \u001b[33mstroke-linejoin\u001b[39m=\u001b[32m\"round\"\u001b[39m\n                \u001b[33mstroke-width\u001b[39m=\u001b[32m\"2\"\u001b[39m\n                \u001b[33mviewBox\u001b[39m=\u001b[32m\"0 0 24 24\"\u001b[39m\n                \u001b[33mwidth\u001b[39m=\u001b[32m\"24\"\u001b[39m\n                \u001b[33mxmlns\u001b[39m=\u001b[32m\"http://www.w3.org/2000/svg\"\u001b[39m\n              \u001b[36m>\u001b[39m\n                \u001b[36m<path\u001b[39m\n                  \u001b[33md\u001b[39m=\u001b[32m\"M16 22h2a2 2 0 0 0 2-2V8a2.4 2.4 0 0 0-.706-1.706l-3.588-3.588A2.4 2.4 0 0 0 14 2H6a2 2 0 0 0-2 2v2.85\"\u001b[39m\n                \u001b[36m/>\u001b[39m\n                \u001b[36m<path\u001b[39m\n                  \u001b[33md\u001b[39m=\u001b[32m\"M14 2v5a1 1 0 0 0 1 1h5\"\u001b[39m\n                \u001b[36m/>\u001b[39m\n                \u001b[36m<path\u001b[39m\n                  \u001b[33md\u001b[39m=\u001b[32m\"M8 14v2.2l1.6 1\"\u001b[39m\n                \u001b[36m/>\u001b[39m\n                \u001b[36m<circle\u001b[39m\n                  \u001b[33mcx\u001b[39m=\u001b[32m\"8\"\u001b[39m\n                  \u001b[33mcy\u001b[39m=\u001b[32m\"16\"\u001b[39m\n                  \u001b[33mr\u001b[39m=\u001b[32m\"6\"\u001b[39m\n                \u001b[36m/>\u001b[39m\n              \u001b[36m</svg>\u001b[39m\n              \u001b[0mRequest\u001b[0m\n            \u001b[36m</div>\u001b[39m\n            \u001b[36m<div\u001b[39m\n              \u001b[33mclass\u001b[39m=\u001b[32m\"rounded-[var(--radius-xs)] border px-2 py-2 border-border bg-primary-soft/30\"\u001b[39m\n            \u001b[36m>\u001b[39m\n              \u001b[36m<svg\u001b[39m\n                \u001b[33maria-hidden\u001b[39m=\u001b[32m\"true\"\u001b[39m\n                \u001b[33mclass\u001b[39m=\u001b[32m\"lucide lucide-file-clock mb-1 h-3.5 w-3.5\"\u001b[39m\n                \u001b[33mfill\u001b[39m=\u001b[32m\"none\"\u001b[39m\n                \u001b[33mheight\u001b[39m=\u001b[32m\"24\"\u001b[39m\n                \u001b[33mstroke\u001b[39m=\u001b[32m\"currentColor\"\u001b[39m\n                \u001b[33mstroke-linecap\u001b[39m=\u001b[32m\"round\"\u001b[39m\n                \u001b[33mstroke-linejoin\u001b[39m=\u001b[32m\"round\"\u001b[39m\n                \u001b[33mstroke-width\u001b[39m=\u001b[32m\"2\"\u001b[39m\n                \u001b[33mviewBox\u001b[39m=\u001b[32m\"0 0 24 24\"\u001b[39m\n                \u001b[33mwidth\u001b[39m=\u001b[32m\"24\"\u001b[39m\n                \u001b[33mxmlns\u001b[39m=\u001b[32m\"http://www.w3.org/2000/svg\"\u001b[39m\n              \u001b[36m>\u001b[39m\n                \u001b[36m<path\u001b[39m\n                  \u001b[33md\u001b[39m=\u001b[32m\"M16 22h2a2 2 0 0 0 2-2V8a2.4 2.4 0 0 0-.706-1.706l-3.588-3.588A2.4 2.4 0 0 0 14 2H6a2 2 0 0 0-2 2v2.85\"\u001b[39m\n                \u001b[36m/>\u001b[39m\n                \u001b[36m<path\u001b[39m\n                  \u001b[33md\u001b[39m=\u001b[32m\"M14 2v5a1 1 0 0 0 1 1h5\"\u001b[39m\n                \u001b[36m/>\u001b[39m\n                \u001b[36m<path\u001b[39m\n                  \u001b[33md\u001b[39m=\u001b[32m\"M8 14v2.2l1.6 1\"\u001b[39m\n                \u001b[36m/>\u001b[39m\n                \u001b[36m<circle\u001b[39m\n                  \u001b[33mcx\u001b[39m=\u001b[32m\"8\"\u001b[39m\n                  \u001b[33mcy\u001b[39m=\u001b[32m\"16\"\u001b[39m\n                  \u001b[33mr\u001b[39m=\u001b[32m\"6\"\u001b[39m\n                \u001b[36m/>\u001b[39m\n              \u001b[36m</svg>\u001b[39m\n              \u001b[0mReview\u001b[0m\n            \u001b[36m</div>\u001b[39m\n            \u001b[36m<div\u001b[39m\n              \u001b[33mclass\u001b[39m=\u001b[32m\"rounded-[var(--radius-xs)] border px-2 py-2 border-accent/35 bg-accent-soft text-accent\"\u001b[39m\n            \u001b[36m>\u001b[39m\n              \u001b[36m<svg\u001b[39m\n                \u001b[33maria-hidden\u001b[39m=\u001b[32m\"true\"\u001b[39m\n                \u001b[33mclass\u001b[39m=\u001b[32m\"lucide lucide-circle-check mb-1 h-3.5 w-3.5\"\u001b[39m\n                \u001b[33mfill\u001b[39m=\u001b[32m\"none\"\u001b[39m\n                \u001b[33mheight\u001b[39m=\u001b[32m\"24\"\u001b[39m\n                \u001b[33mstroke\u001b[39m=\u001b[32m\"currentColor\"\u001b[39m\n                \u001b[33mstroke-linecap\u001b[39m=\u001b[32m\"round\"\u001b[39m\n                \u001b[33mstroke-linejoin\u001b[39m=\u001b[32m\"round\"\u001b[39m\n                \u001b[33mstroke-width\u001b[39m=\u001b[32m\"2\"\u001b[39m\n                \u001b[33mviewBox\u001b[39m=\u001b[32m\"0 0 24 24\"\u001b[39m\n                \u001b[33mwidth\u001b[39m=\u001b[32m\"24\"\u001b[39m\n                \u001b[33mxmlns\u001b[39m=\u001b[32m\"http://www.w3.org/2000/svg\"\u001b[39m\n              \u001b[36m>\u001b[39m\n                \u001b[36m<circle\u001b[39m\n                  \u001b[33mcx\u001b[39m=\u001b[32m\"12\"\u001b[39m\n                  \u001b[33mcy\u001b[39m=\u001b[32m\"12\"\u001b[39m\n                  \u001b[33mr\u001b[39m=\u001b[32m\"10\"\u001b[39m\n                \u001b[36m/>\u001b[39m\n                \u001b[36m<path\u001b[39m\n                  \u001b[33md\u001b[39m=\u001b[32m\"m9 12 2 2 4-4\"\u001b[39m\n                \u001b[36m/>\u001b[39m\n              \u001b[36m</svg>\u001b[39m\n              \u001b[0mApproval\u001b[0m\n            \u001b[36m</div>\u001b[39m\n            \u001b[36m<div\u001b[39m\n              \u001b[33mclass\u001b[39m=\u001b[32m\"rounded-[var(--radius-xs)] border px-2 py-2 border-border bg-primary-soft/30\"\u001b[39m\n            \u001b[36m>\u001b[39m\n              \u001b[36m<svg\u001b[39m\n                \u001b[33maria-hidden\u001b[39m=\u001b[32m\"true\"\u001b[39m\n                \u001b[33mclass\u001b[39m=\u001b[32m\"lucide lucide-radio-tower mb-1 h-3.5 w-3.5\"\u001b[39m\n                \u001b[33mfill\u001b[39m=\u001b[32m\"none\"\u001b[39m\n                \u001b[33mheight\u001b[39m=\u001b[32m\"24\"\u001b[39m\n                \u001b[33mstroke\u001b[39m=\u001b[32m\"currentColor\"\u001b[39m\n                \u001b[33mstroke-linecap\u001b[39m=\u001b[32m\"round\"\u001b[39m\n                \u001b[33mstroke-linejoin\u001b[39m=\u001b[32m\"round\"\u001b[39m\n                \u001b[33mstroke-width\u001b[39m=\u001b[32m\"2\"\u001b[39m\n                \u001b[33mviewBox\u001b[39m=\u001b[32m\"0 0 24 24\"\u001b[39m\n                \u001b[33mwidth\u001b[39m=\u001b[32m\"24\"\u001b[39m\n                \u001b[33mxmlns\u001b[39m=\u001b[32m\"http://www.w3.org/2000/svg\"\u001b[39m\n              \u001b[36m>\u001b[39m\n                \u001b[36m<path\u001b[39m\n                  \u001b[33md\u001b[39m=\u001b[32m\"M4.9 16.1C1 12.2 1 5.8 4.9 1.9\"\u001b[39m\n                \u001b[36m/>\u001b[39m\n                \u001b[36m<path\u001b[39m\n                  \u001b[33md\u001b[39m=\u001b[32m\"M7.8 4.7a6.14 6.14 0 0 0-.8 7.5\"\u001b[39m\n                \u001b[36m/>\u001b[39m\n                \u001b[36m<circle\u001b[39m\n                  \u001b[33mcx\u001b[39m=\u001b[32m\"12\"\u001b[39m\n                  \u001b[33mcy\u001b[39m=\u001b[32m\"9\"\u001b[39m\n                  \u001b[33mr\u001b[39m=\u001b[32m\"2\"\u001b[39m\n                \u001b[36m/>\u001b[39m\n                \u001b[36m<path\u001b[39m\n                  \u001b[33md\u001b[39m=\u001b[32m\"M16.2 4.8c2 2 2.26 5.11.8 7.47\"\u001b[39m\n                \u001b[36m/>\u001b[39m\n                \u001b[36m<path\u001b[39m\n                  \u001b[33md\u001b[39m=\u001b[32m\"M19.1 1.9a9.96 9.96 0 0 1 0 14.1\"\u001b[39m\n                \u001b[36m/>\u001b[39m\n                \u001b[36m<path\u001b[39m\n                  \u001b[33md\u001b[39m=\u001b[32m\"M9.5 18h5\"\u001b[39m\n                \u001b[36m/>\u001b[39m\n                \u001b[36m<path\u001b[39m\n                  \u001b[33md\u001b[39m=\u001b[32m\"m8 22 4-11 4 11\"\u001b[39m\n                \u001b[36m/>\u001b[39m\n              \u001b[36m</svg>\u001b[39m\n              \u001b[0mRelease\u001b[0m\n            \u001b[36m</div>\u001b[39m\n          \u001b[36m</div>\u001b[39m\n          \u001b[36m<div\u001b[39m\n            \u001b[33mclass\u001b[39m=\u001b[32m\"mt-4 rounded-[var(--radius-xs)] border border-border bg-primary-soft/25 p-3\"\u001b[39m\n          \u001b[36m>\u001b[39m\n            \u001b[36m<div\u001b[39m\n              \u001b[33mclass\u001b[39m=\u001b[32m\"flex flex-wrap items-center justify-between gap-2\"\u001b[39m\n            \u001b[36m>\u001b[39m\n              \u001b[36m<p\u001b[39m\n                \u001b[33mclass\u001b[39m=\u001b[32m\"text-[10px] font-semibold uppercase tracking-[0.14em] text-muted\"\u001b[39m\n              \u001b[36m>\u001b[39m\n                \u001b[0mActions\u001b[0m\n              \u001b[36m</p>\u001b[39m\n              \u001b[36m<span\u001b[39m\n                \u001b[33mclass\u001b[39m=\u001b[32m\"text-[10px] font-semibold uppercase tracking-[0.14em] text-muted\"\u001b[39m\n              \u001b[36m>\u001b[39m\n                \u001b[0mPermission checked\u001b[0m\n              \u001b[36m</span>\u001b[39m\n            \u001b[36m</div>\u001b[39m\n            \u001b[36m<div\u001b[39m\n              \u001b[33mclass\u001b[39m=\u001b[32m\"mt-3 flex flex-wrap gap-2\"\u001b[39m\n            \u001b[36m>\u001b[39m\n              \u001b[36m<button\u001b[39m\n                \u001b[33maria-label\u001b[39m=\u001b[32m\"Approve Results\"\u001b[39m\n                \u001b[33mclass\u001b[39m=\u001b[32m\"inline-flex items-center gap-2 rounded-[var(--radius-xs)] border px-3 py-2 text-xs font-semibold transition hover:-translate-y-0.5 disabled:cursor-not-allowed disabled:opacity-70 border-accent/25 bg-accent-soft text-accent hover:border-accent/40\"\u001b[39m\n                \u001b[33mtype\u001b[39m=\u001b[32m\"button\"\u001b[39m\n              \u001b[36m>\u001b[39m\n                \u001b[36m<span\u001b[39m\n                  \u001b[33mclass\u001b[39m=\u001b[32m\"rounded-full border border-current/20 px-1.5 py-0.5 text-[9px] uppercase tracking-[0.12em]\"\u001b[39m\n                \u001b[36m>\u001b[39m\n                  \u001b[0mReady\u001b[0m\n                \u001b[36m</span>\u001b[39m\n                \u001b[0mApprove Results\u001b[0m\n              \u001b[36m</button>\u001b[39m\n              \u001b[36m<button\u001b[39m\n                \u001b[33maria-label\u001b[39m=\u001b[32m\"Return for Correction\"\u001b[39m\n                \u001b[33mclass\u001b[39m=\u001b[32m\"inline-flex items-center gap-2 rounded-[var(--radius-xs)] border px-3 py-2 text-xs font-semibold transition hover:-translate-y-0.5 disabled:cursor-not-allowed disabled:opacity-70 border-danger/25 bg-danger-soft text-danger hover:border-danger/40\"\u001b[39m\n                \u001b[33mtype\u001b[39m=\u001b[32m\"button\"\u001b[39m\n              \u001b[36m>\u001b[39m\n                \u001b[36m<span\u001b[39m\n                  \u001b[33mclass\u001b[39m=\u001b[32m\"rounded-full border border-current/20 px-1.5 py-0.5 text-[9px] uppercase tracking-[0.12em]\"\u001b[39m\n                \u001b[36m>\u001b[39m\n                  \u001b[0mNeeds retry\u001b[0m\n                \u001b[36m</span>\u001b[39m\n                \u001b[0mReturn for Correction\u001b[0m\n              \u001b[36m</button>\u001b[39m\n              \u001b[36m<button\u001b[39m\n                \u001b[33maria-label\u001b[39m=\u001b[32m\"Escalate Moderation\"\u001b[39m\n                \u001b[33mclass\u001b[39m=\u001b[32m\"inline-flex items-center gap-2 rounded-[var(--radius-xs)] border px-3 py-2 text-xs font-semibold transition hover:-translate-y-0.5 disabled:cursor-not-allowed disabled:opacity-70 border-accent/25 bg-accent-soft text-accent hover:border-accent/40\"\u001b[39m\n                \u001b[33mtype\u001b[39m=\u001b[32m\"button\"\u001b[39m\n              \u001b[36m>\u001b[39m\n                \u001b[36m<span\u001b[39m\n                  \u001b[33mclass\u001b[39m=\u001b[32m\"rounded-full border border-current/20 px-1.5 py-0.5 text-[9px] uppercase tracking-[0.12em]\"\u001b[39m\n                \u001b[36m>\u001b[39m\n                  \u001b[0mReady\u001b[0m\n                \u001b[36m</span>\u001b[39m\n                \u001b[0mEscalate Moderation\u001b[0m\n              \u001b[36m</button>\u001b[39m\n            \u001b[36m</div>\u001b[39m\n            \u001b[36m<div\u001b[39m\n              \u001b[33mclass\u001b[39m=\u001b[32m\"mt-3 rounded-[var(--radius-xs)] border px-3 py-2 text-xs leading-5 border-danger/20 bg-danger-soft/60 text-danger\"\u001b[39m\n            \u001b[36m>\u001b[39m\n              \u001b[36m<p\u001b[39m\n                \u001b[33mclass\u001b[39m=\u001b[32m\"font-semibold\"\u001b[39m\n              \u001b[36m>\u001b[39m\n                \u001b[0mReturn for Correction needs retry: dispatcher unavailable\u001b[0m\n              \u001b[36m</p>\u001b[39m\n              \u001b[36m<p\u001b[39m\n                \u001b[33mclass\u001b[39m=\u001b[32m\"mt-1 text-current/80\"\u001b[39m\n              \u001b[36m>\u001b[39m\n                \u001b[0mRetry is available. The request remains visible.\u001b[0m\n              \u001b[36m</p>\u001b[39m\n            \u001b[36m</div>\u001b[39m\n          \u001b[36m</div>\u001b[39m\n        \u001b[36m</div>\u001b[39m\n      \u001b[36m</div>\u001b[39m\n    \u001b[36m</section>\u001b[39m\n  \u001b[36m</div>\u001b[39m\n\u001b[36m</body>\u001b[39m\n    at waitForWrapper (C:\\Users\\user\\Desktop\\PROJECTS\\Shule hub\\apps\\web\\node_modules\\@testing-library\\dom\\dist\\wait-for.js:163:27)\n    at C:\\Users\\user\\Desktop\\PROJECTS\\Shule hub\\apps\\web\\node_modules\\@testing-library\\dom\\dist\\query-helpers.js:86:33\n    at Object.findByText (C:\\Users\\user\\Desktop\\PROJECTS\\Shule hub\\apps\\web\\tests\\design\\frontend-operationalization.test.tsx:95:25)\n    at runNextTicks (node:internal/process/task_queues:65:5)\n    at listOnTimeout (node:internal/timers:549:9)\n    at processTimers (node:internal/timers:523:7)"],"fullName":"frontend operational command surfaces keeps failed workflow buttons visible and exposes self-healing recovery state","invocations":1,"location":null,"numPassingAsserts":0,"retryReasons":[],"startAt":1779900515130,"status":"failed","title":"keeps failed workflow buttons visible and exposes self-healing recovery state"},{"ancestorTitles":["frontend operational command surfaces"],"duration":46,"failing":false,"failureDetails":[],"failureMessages":[],"fullName":"frontend operational command surfaces registers the full Implementation 142 workflow catalog with governed action contracts","invocations":1,"location":null,"numPassingAsserts":566,"retryReasons":[],"startAt":1779900516211,"status":"passed","title":"registers the full Implementation 142 workflow catalog with governed action contracts"}],"endTime":1779900516267,"message":"  ● frontend operational command surfaces › dispatches approval workflow actions through governed operational endpoints\n\n    Unable to find an element with the text: /approve-results dispatched/i. This could be because the text is broken up by multiple elements. In this case, you can provide a function for your text matcher to make your matcher more flexible.\n\n    Ignored nodes: comments, script, style\n    \u001b[36m<body>\u001b[39m\n      \u001b[36m<div>\u001b[39m\n        \u001b[36m<section\u001b[39m\n          \u001b[33mclass\u001b[39m=\u001b[32m\"dashboard-card  p-5\"\u001b[39m\n        \u001b[36m>\u001b[39m\n          \u001b[36m<div\u001b[39m\n            \u001b[33mclass\u001b[39m=\u001b[32m\"flex flex-wrap items-start justify-between gap-3\"\u001b[39m\n          \u001b[36m>\u001b[39m\n            \u001b[36m<div>\u001b[39m\n              \u001b[36m<p\u001b[39m\n                \u001b[33mclass\u001b[39m=\u001b[32m\"eyebrow\"\u001b[39m\n              \u001b[36m>\u001b[39m\n                \u001b[0mApprovals\u001b[0m\n              \u001b[36m</p>\u001b[39m\n              \u001b[36m<h3\u001b[39m\n                \u001b[33mclass\u001b[39m=\u001b[32m\"mt-2 text-lg font-semibold text-foreground\"\u001b[39m\n              \u001b[36m>\u001b[39m\n                \u001b[0mApproval queue\u001b[0m\n              \u001b[36m</h3>\u001b[39m\n              \u001b[36m<p\u001b[39m\n                \u001b[33mclass\u001b[39m=\u001b[32m\"mt-2 text-sm leading-6 text-muted\"\u001b[39m\n              \u001b[36m>\u001b[39m\n                \u001b[0mRequests waiting for review, approval, return, or follow-up.\u001b[0m\n              \u001b[36m</p>\u001b[39m\n            \u001b[36m</div>\u001b[39m\n            \u001b[36m<span\u001b[39m\n              \u001b[33mclass\u001b[39m=\u001b[32m\"inline-flex items-center gap-1.5 rounded-full px-2.5 py-0.5 text-[11px] font-semibold leading-tight whitespace-nowrap border border-warning/25 bg-warning-soft text-warning shadow-[0_0_18px_rgba(251,191,36,0.08)]\"\u001b[39m\n            \u001b[36m>\u001b[39m\n              \u001b[36m<svg\u001b[39m\n                \u001b[33maria-hidden\u001b[39m=\u001b[32m\"true\"\u001b[39m\n                \u001b[33mclass\u001b[39m=\u001b[32m\"lucide lucide-triangle-alert h-3 w-3\"\u001b[39m\n                \u001b[33mfill\u001b[39m=\u001b[32m\"none\"\u001b[39m\n                \u001b[33mheight\u001b[39m=\u001b[32m\"24\"\u001b[39m\n                \u001b[33mstroke\u001b[39m=\u001b[32m\"currentColor\"\u001b[39m\n                \u001b[33mstroke-linecap\u001b[39m=\u001b[32m\"round\"\u001b[39m\n                \u001b[33mstroke-linejoin\u001b[39m=\u001b[32m\"round\"\u001b[39m\n                \u001b[33mstroke-width\u001b[39m=\u001b[32m\"2\"\u001b[39m\n                \u001b[33mviewBox\u001b[39m=\u001b[32m\"0 0 24 24\"\u001b[39m\n                \u001b[33mwidth\u001b[39m=\u001b[32m\"24\"\u001b[39m\n                \u001b[33mxmlns\u001b[39m=\u001b[32m\"http://www.w3.org/2000/svg\"\u001b[39m\n              \u001b[36m>\u001b[39m\n                \u001b[36m<path\u001b[39m\n                  \u001b[33md\u001b[39m=\u001b[32m\"m21.73 18-8-14a2 2 0 0 0-3.48 0l-8 14A2 2 0 0 0 4 21h16a2 2 0 0 0 1.73-3\"\u001b[39m\n                \u001b[36m/>\u001b[39m\n                \u001b[36m<path\u001b[39m\n                  \u001b[33md\u001b[39m=\u001b[32m\"M12
[...]
me\u001b[33m:\u001b[39m \u001b[36mnew\u001b[39m \u001b[33mRegExp\u001b[39m(\u001b[32m`approve results ${health}`\u001b[39m\u001b[33m,\u001b[39m \u001b[32m\"i\"\u001b[39m) }))\u001b[33m.\u001b[39mtoBeVisible()\u001b[33m;\u001b[39m\n     \u001b[90m    |\u001b[39m                     \u001b[31m\u001b[1m^\u001b[22m\u001b[39m\n     \u001b[90m 52 |\u001b[39m       expect(screen\u001b[33m.\u001b[39mgetByText(health))\u001b[33m.\u001b[39mtoBeVisible()\u001b[33m;\u001b[39m\n     \u001b[90m 53 |\u001b[39m     }\n     \u001b[90m 54 |\u001b[39m\u001b[0m\n\n      at Object.getElementError (node_modules/@testing-library/dom/dist/config.js:37:19)\n      at node_modules/@testing-library/dom/dist/query-helpers.js:76:38\n      at node_modules/@testing-library/dom/dist/query-helpers.js:52:17\n      at node_modules/@testing-library/dom/dist/query-helpers.js:95:19\n      at Object.getByRole (tests/design/operational-action-contract.test.tsx:51:21)\n\n  ● OperationalActionButton › does not hide locked, degraded, or failed actions and routes active clicks through the execution contract\n\n    TestingLibraryElementError: Unable to find an accessible element with the role \"button\" and name `/approve results locked/i`\n\n    Here are the accessible roles:\n\n      button:\n\n      Name \"Approve Results No permission\":\n      \u001b[36m<button\u001b[39m\n        \u001b[33maria-label\u001b[39m=\u001b[32m\"Approve Results No permission\"\u001b[39m\n        \u001b[33mclass\u001b[39m=\u001b[32m\"inline-flex items-center gap-2 rounded-[var(--radius-xs)] border px-3 py-2 text-xs font-bold transition hover:-translate-y-0.5 disabled:cursor-not-allowed disabled:opacity-75 border-border bg-surface-muted text-muted\"\u001b[39m\n        \u001b[33mdisabled\u001b[39m=\u001b[32m\"\"\u001b[39m\n        \u001b[33mtype\u001b[39m=\u001b[32m\"button\"\u001b[39m\n      \u001b[36m/>\u001b[39m\n\n      Name \"Return Correction Retry available\":\n      \u001b[36m<button\u001b[39m\n        \u001b[33maria-label\u001b[39m=\u001b[32m\"Return Correction Retry available\"\u001b[39m\n        \u001b[33mclass\u001b[39m=\u001b[32m\"inline-flex items-center gap-2 rounded-[var(--radius-xs)] border px-3 py-2 text-xs font-bold transition hover:-translate-y-0.5 disabled:cursor-not-allowed disabled:opacity-75 border-warning/25 bg-warning-soft text-warning hover:border-warning/45\"\u001b[39m\n        \u001b[33mtype\u001b[39m=\u001b[32m\"button\"\u001b[39m\n      \u001b[36m/>\u001b[39m\n\n      Name \"Retry Dispatch Needs retry\":\n      \u001b[36m<button\u001b[39m\n        \u001b[33maria-label\u001b[39m=\u001b[32m\"Retry Dispatch Needs retry\"\u001b[39m\n        \u001b[33mclass\u001b[39m=\u001b[32m\"inline-flex items-center gap-2 rounded-[var(--radius-xs)] border px-3 py-2 text-xs font-bold transition hover:-translate-y-0.5 disabled:cursor-not-allowed disabled:opacity-75 border-danger/25 bg-danger-soft text-danger hover:border-danger/45\"\u001b[39m\n        \u001b[33mtype\u001b[39m=\u001b[32m\"button\"\u001b[39m\n      \u001b[36m/>\u001b[39m\n\n      Name \"Send to Dean Ready\":\n      \u001b[36m<button\u001b[39m\n        \u001b[33maria-label\u001b[39m=\u001b[32m\"Send to Dean Ready\"\u001b[39m\n        \u001b[33mclass\u001b[39m=\u001b[32m\"inline-flex items-center gap-2 rounded-[var(--radius-xs)] border px-3 py-2 text-xs font-bold transition hover:-translate-y-0.5 disabled:cursor-not-allowed disabled:opacity-75 border-[#BFD7FF] bg-[#EEF6FF] text-[#0B3A7A] hover:border-[#7BAEF9]\"\u001b[39m\n        \u001b[33mtype\u001b[39m=\u001b[32m\"button\"\u001b[39m\n      \u001b[36m/>\u001b[39m\n\n      --------------------------------------------------\n      paragraph:\n\n      Name \"\":\n      \u001b[36m<p />\u001b[39m\n\n      Name \"\":\n      \u001b[36m<p />\u001b[39m\n\n      Name \"\":\n      \u001b[36m<p />\u001b[39m\n\n      Name \"\":\n      \u001b[36m<p />\u001b[39m\n\n      Name \"\":\n      \u001b[36m<p />\u001b[39m\n\n      Name \"\":\n      \u001b[36m<p />\u001b[39m\n\n      Name \"\":\n      \u001b[36m<p />\u001b[39m\n\n      Name \"\":\n      \u001b[36m<p />\u001b[39m\n\n      --------------------------------------------------\n\n    Ignored nodes: comments, script, style\n    \u001b[36m<body>\u001b[39m\n      \u001b[36m<div>\u001b[39m\n        \u001b[36m<div>\u001b[39m\n          \u001b[36m<div\u001b[39m\n            \u001b[33mclass\u001b[39m=\u001b[32m\"rounded-[var(--radius-sm)] border border-border bg-surface/80 p-3 shadow-[0_12px_32px_rgba(15,23,42,0.05)]\"\u001b[39m\n            \u001b[33mdata-action-health\u001b[39m=\u001b[32m\"LOCKED\"\u001b[39m\n          \u001b[36m>\u001b[39m\n            \u001b[36m<button\u001b[39m\n              \u001b[33maria-label\u001b[39m=\u001b[32m\"Approve Results No permission\"\u001b[39m\n              \u001b[33mclass\u001b[39m=\u001b[32m\"inline-flex items-center gap-2 rounded-[var(--radius-xs)] border px-3 py-2 text-xs font-bold transition hover:-translate-y-0.5 disabled:cursor-not-allowed disabled:opacity-75 border-border bg-surface-muted text-muted\"\u001b[39m\n              \u001b[33mdisabled\u001b[39m=\u001b[32m\"\"\u001b[39m\n              \u001b[33mtype\u001b[39m=\u001b[32m\"button\"\u001b[39m\n            \u001b[36m>\u001b[39m\n              \u001b[36m<svg\u001b[39m\n                \u001b[33maria-hidden\u001b[39m=\u001b[32m\"true\"\u001b[39m\n                \u001b[33mclass\u001b[39m=\u001b[32m\"lucide lucide-lock h-3.5 w-3.5\"\u001b[39m\n                \u001b[33mfill\u001b[39m=\u001b[32m\"none\"\u001b[39m\n                \u001b[33mheight\u001b[39m=\u001b[32m\"24\"\u001b[39m\n                \u001b[33mstroke\u001b[39m=\u001b[32m\"currentColor\"\u001b[39m\n                \u001b[33mstroke-linecap\u001b[39m=\u001b[32m\"round\"\u001b[39m\n                \u001b[33mstroke-linejoin\u001b[39m=\u001b[32m\"round\"\u001b[39m\n                \u001b[33mstroke-width\u001b[39m=\u001b[32m\"2\"\u001b[39m\n                \u001b[33mviewBox\u001b[39m=\u001b[32m\"0 0 24 24\"\u001b[39m\n                \u001b[33mwidth\u001b[39m=\u001b[32m\"24\"\u001b[39m\n                \u001b[33mxmlns\u001b[39m=\u001b[32m\"http://www.w3.org/2000/svg\"\u001b[39m\n              \u001b[36m>\u001b[39m\n                \u001b[36m<rect\u001b[39m\n                  \u001b[33mheight\u001b[39m=\u001b[32m\"11\"\u001b[39m\n                  \u001b[33mrx\u001b[39m=\u001b[32m\"2\"\u001b[39m\n                  \u001b[33mry\u001b[39m=\u001b[32m\"2\"\u001b[39m\n                  \u001b[33mwidth\u001b[39m=\u001b[32m\"18\"\u001b[39m\n                  \u001b[33mx\u001b[39m=\u001b[32m\"3\"\u001b[39m\n                  \u001b[33my\u001b[39m=\u001b[32m\"11\"\u001b[39m\n                \u001b[36m/>\u001b[39m\n                \u001b[36m<path\u001b[39m\n                  \u001b[33md\u001b[39m=\u001b[32m\"M7 11V7a5 5 0 0 1 10 0v4\"\u001b[39m\n                \u001b[36m/>\u001b[39m\n              \u001b[36m</svg>\u001b[39m\n              \u001b[36m<span\u001b[39m\n                \u001b[33mclass\u001b[39m=\u001b[32m\"rounded-full border border-current/20 px-1.5 py-0.5 text-[9px] uppercase tracking-[0.12em]\"\u001b[39m\n              \u001b[36m>\u001b[39m\n                \u001b[0mNo permission\u001b[0m\n              \u001b[36m</span>\u001b[39m\n              \u001b[0mApprove Results\u001b[0m\n            \u001b[36m</button>\u001b[39m\n            \u001b[36m<div\u001b[39m\n              \u001b[33mclass\u001b[39m=\u001b[32m\"mt-2 space-y-1 text-[10px] font-semibold leading-4 text-muted\"\u001b[39m\n            \u001b[36m>\u001b[39m\n              \u001b[36m<p>\u001b[39m\n                \u001b[0mYou do not have permission for this action, but it remains visible for context.\u001b[0m\n              \u001b[36m</p>\u001b[39m\n              \u001b[36m<p>\u001b[39m\n                \u001b[0mAction history will record who did this and when.\u001b[0m\n              \u001b[36m</p>\u001b[39m\n            \u001b[36m</div>\u001b[39m\n          \u001b[36m</div>\u001b[39m\n          \u001b[36m<div\u001b[39m\n            \u001b[33mclass\u001b[39m=\u001b[32m\"rounded-[var(--radius-sm)] border border-border bg-surface/80 p-3 shadow-[0_12px_32px_rgba(15,23,42,0.05)]\"\u001b[39m\n            \u001b[33mdata-action-health\u001b[39m=\u001b[32m\"DEGRADED\"\u001b[39m\n          \u001b[36m>\u001b[39m\n            \u001b[36m<button\u001b[39m\n              \u001b[33maria-label\u001b[39m=\u001b[32m\"Return Correction Retry available\"\u001b[39m\n              \u001b[33mclass\u001b[39m=\u001b[32m\"inline-flex items-center gap-2 rounded-[var(--radius-xs)] border px-3 py-2 text-xs font-bold transition hover:-translate-y-0.5 disabled:cursor-not-allowed disabled:opacity-75 border-warning/25 bg-warning-soft text-warning hover:border-warning/45\"\u001b[39m\n              \u001b[33mtype\u001b[39m=\u001b[32m\"button\"\u001b[39m\n            \u001b[36m>\u001b[39m\n              \u001b[36m<svg\u001b[39m\n                \u001b[33maria-hidden\u001b[39m=\u001b[32m\"true\"\u001b[39m\n                \u001b[33mclass\u001b[39m=\u001b[32m\"lucide lucide-triangle-alert h-3.5 w-3.5\"\u001b[39m\n                \u001b[33mfill\u001b[39m=\u001b[32m\"none\"\u001b[39m\n                \u001b[33mheight\u001b[39m=\u001b[32m\"24\"\u001b[39m\n                \u001b[33mstroke\u001b[39m=\u001b[32m\"currentColor\"\u001b[39m\n                \u001b[33mstroke-linecap\u001b[39m=\u001b[32m\"round\"\u001b[39m\n                \u001b[33mstroke-linejoin\u001b[39m=\u001b[32m\"round\"\u001b[39m\n                \u001b[33mstroke-width\u001b[39m=\u001b[32m\"2\"\u001b[39m\n                \u001b[33mviewBox\u001b[39m=\u001b[32m\"0 0 24 24\"\u001b[39m\n                \u001b[33mwidth\u001b[39m=\u001b[32m\"24\"\u001b[39m\n                \u001b[33mxmlns\u001b[39m=\u001b[32m\"http://www.w3.org/2000/svg\"\u001b[39m\n              \u001b[36m>\u001b[39m\n                \u001b[36m<path\u001b[39m\n                  \u001b[33md\u001b[39m=\u001b[32m\"m21.73 18-8-14a2 2 0 0 0-3.48 0l-8 14A2 2 0 0 0 4 21h16a2 2 0 0 0 1.73-3\"\u001b[39m\n                \u001b[36m/>\u001b[39m\n                \u001b[36m<path\u001b[39m\n                  \u001b[33md\u001b[39m=\u001b[32m\"M12 9v4\"\u001b[39m\n                \u001b[36m/>\u001b[39m\n                \u001b[36m<path\u001b[39m\n                  \u001b[33md\u001b[39m=\u001b[32m\"M12 17h.01\"\u001b[39m\n                \u001b[36m/>\u001b[39m\n              \u001b[36m</svg>\u001b[39m\n              \u001b[36m<span\u001b[39m\n                \u001b[33mclass\u001b[39m=\u001b[32m\"rounded-full border border-current/20 px-1.5 py-0.5 text-[9px] uppercase tracking-[0.12em]\"\u001b[39m\n              \u001b[36m>\u001b[39m\n                \u001b[0mRetry available\u001b[0m\n              \u001b[36m</span>\u001b[39m\n              \u001b[0mReturn Correction\u001b[0m\n            \u001b[36m</button>\u001b[39m\n            \u001b[36m<div\u001b[39m\n              \u001b[33mclass\u001b[39m=\u001b[32m\"mt-2 space-y-1 text-[10px] font-semibold leading-4 text-muted\"\u001b[39m\n            \u001b[36m>\u001b[39m\n              \u001b[36m<p>\u001b[39m\n                \u001b[0mThe action is still available while the system retries the connection.\u001b[0m\n              \u001b[36m</p>\u001b[39m\n              \u001b[36m<p>\u001b[39m\n                \u001b[0mAction history will record who did this and when.\u001b[0m\n              \u001b[36m</p>\u001b[39m\n            \u001b[36m</div>\u001b[39m\n          \u001b[36m</div>\u001b[39m\n          \u001b[36m<div\u001b[39m\n            \u001b[33mclass\u001b[39m=\u001b[32m\"rounded-[var(--radius-sm)] border border-border bg-surface/80 p-3 shadow-[0_12px_32px_rgba(15,23,42,0.05)]\"\u001b[39m\n            \u001b[33mdata-action-health\u001b[39m=\u001b[32m\"FAILED\"\u001b[39m\n          \u001b[36m>\u001b[39m\n            \u001b[36m<button\u001b[39m\n              \u001b[33maria-label\u001b[39m=\u001b[32m\"Retry Dispatch Needs retry\"\u001b[39m\n              \u001b[33mclass\u001b[39m=\u001b[32m\"inline-flex items-center gap-2 rounded-[var(--radius-xs)] border px-3 py-2 text-xs font-bold transition hover:-translate-y-0.5 disabled:cursor-not-allowed disabled:opacity-75 border-danger/25 bg-danger-soft text-danger hover:border-danger/45\"\u001b[39m\n              \u001b[33mtype\u001b[39m=\u001b[32m\"button\"\u001b[39m\n            \u001b[36m>\u001b[39m\n              \u001b[36m<svg\u001b[39m\n                \u001b[33maria-hidden\u001b[39m=\u001b[32m\"true\"\u001b[39m\n                \u001b[33mclass\u001b[39m=\u001b[32m\"lucide lucide-triangle-alert h-3.5 w-3.5\"\u001b[39m\n                \u001b[33mfill\u001b[39m=\u001b[32m\"none\"\u001b[39m\n                \u001b[33mheight\u001b[39m=\u001b[32m\"24\"\u001b[39m\n                \u001b[33mstroke\u001b[39m=\u001b[32m\"currentColor\"\u001b[39m\n                \u001b[33mstroke-linecap\u001b[39m=\u001b[32m\"round\"\u001b[39m\n                \u001b[33mstroke-linejoin\u001b[39m=\u001b[32m\"round\"\u001b[39m\n                \u001b[33mstroke-width\u001b[39m=\u001b[32m\"2\"\u001b[39m\n                \u001b[33mviewBox\u001b[39m=\u001b[32m\"0 0 24 24\"\u001b[39m\n                \u001b[33mwidth\u001b[39m=\u001b[32m\"24\"\u001b[39m\n                \u001b[33mxmlns\u001b[39m=\u001b[32m\"http://www.w3.org/2000/svg\"\u001b[39m\n              \u001b[36m>\u001b[39m\n                \u001b[36m<path\u001b[39m\n                  \u001b[33md\u001b[39m=\u001b[32m\"m21.73 18-8-14a2 2 0 0 0-3.48 0l-8 14A2 2 0 0 0 4 21h16a2 2 0 0 0 1.73-3\"\u001b[39m\n                \u001b[36m/>\u001b[39m\n                \u001b[36m<path\u001b[39m\n                  \u001b[33md\u001b[39m=\u001b[32m\"M12 9v4\"\u001b[39m\n                \u001b[36m/>\u001b[39m\n                \u001b[36m<path\u001b[39m\n                  \u001b[33md\u001b[39m=\u001b[32m\"M12 17h.01\"\u001b[39m\n                \u001b[36m/>\u001b[39m\n              \u001b[36m</svg>\u001b[39m\n              \u001b[36m<span\u001b[39m\n                \u001b[33mclass\u001b[39m=\u001b[32m\"rounded-full border border-current/20 px-1.5 py-0.5 text-[9px] uppercase tracking-[0.12em]\"\u001b[39m\n              \u001b[36m>\u001b[39m\n                \u001b[0mNeeds retry\u001b[0m\n              \u001b[36m</span>\u001b[39m\n              \u001b[0mRetry Dispatch\u001b[0m\n            \u001b[36m</button>\u001b[39m\n            \u001b[36m<div\u001b[39m\n              \u001b[33mclass\u001b[39m=\u001b[32m\"mt-2 space-y-1 text-[10px] font-semibold leading-4 text-muted\"\u001b[39m\n            \u001b[36m>\u001b[39m\n              \u001b[36m<p>\u001b[39m\n                \u001b[0mThe action did not complete. Use retry or contact the school system admin.\u001b[0m\n              \u001b[36m</p>\u001b[39m\n              \u001b[36m<p>\u001b[39m\n                \u001b[0mAction history will record who did this and when.\u001b[0m\n              \u001b[36m</p>\u001b[39m\n            \u001b[36m</div>\u001b[39m\n          \u001b[36m</div>\u001b[39m\n          \u001b[36m<div\u001b[39m\n            \u001b[33mclass\u001b[39m=\u001b[32m\"rounded-[var(--radius-sm)] border border-border bg-surface/80 p-3 shadow-[0_12px_32px_rgba(15,23,42,0.05)]\"\u001b[39m\n            \u001b[33mdata-action-health\u001b[39m=\u001b[32m\"ACTIVE\"\u001b[39m\n          \u001b[36m>\u001b[39m\n            \u001b[36m<button\u001b[39m\n              \u001b[33maria-label\u001b[39m=\u001b[32m\"Send to Dean Ready\"\u001b[39m\n              \u001b[33mclass\u001b[39m=\u001b[32m\"inline-flex items-center gap-2 rounded-[var(--radius-xs)] border px-3 py-2 text-xs font-bold transition hover:-translate-y-0.5 disabled:cursor-not-allowed disabled:opacity-75 border-[#BFD7FF] bg-[#EEF6FF] text-[#0B3A7A] hover:border-[#7BAEF9]\"\u001b[39m\n              \u001b[33mtype\u001b[39m=\u001b[32m\"button\"\u001b[39m\n            \u001b[36m>\u001b[39m\n              \u001b[36m<svg\u001b[39m\n                \u001b[33maria-hidden\u001b[39m=\u001b[32m\"true\"\u001b[39m\n                \u001b[33mclass\u001b[39m=\u001b[32m\"lucide lucide-shield-check h-3.5 w-3.5\"\u001b[39m\n                \u001b[33mfill\u001b[39m=\u001b[32m\"none\"\u001b[39m\n                \u001b[33mheight\u001b[39m=\u001b[32m\"24\"\u001b[39m\n                \u001b[33mstroke\u001b[39m=\u001b[32m\"currentColor\"\u001b[39m\n                \u001b[33mstroke-linecap\u001b[39m=\u001b[32m\"round\"\u001b[39m\n                \u001b[33mstroke-linejoin\u001b[39m=\u001b[32m\"round\"\u001b[39m\n                \u001b[33mstroke-width\u001b[39m=\u001b[32m\"2\"\u001b[39m\n                \u001b[33mviewBox\u001b[39m=\u001b[32m\"0 0 24 24\"\u001b[39m\n                \u001b[33mwidth\u001b[39m=\u001b[32m\"24\"\u001b[39m\n                \u001b[33mxmlns\u001b[39m=\u001b[32m\"http://www.w3.org/2000/svg\"\u001b[39m\n              \u001b[36m>\u001b[39m\n                \u001b[36m<path\u001b[39m\n                  \u001b[33md\u001b[39m=\u001b[32m\"M20 13c0 5-3.5 7.5-7.66 8.95a1 1 0 0 1-.67-.01C7.5 20.5 4 18 4 13V6a1 1 0 0 1 1-1c2 0 4.5-1.2 6.24-2.72a1.17 1.17 0 0 1 1.52 0C14.51 3.81 17 5 19 5a1 1 0 0 1 1 1z\"\u001b[39m\n                \u001b[36m/>\u001b[39m\n                \u001b[36m<path\u001b[39m\n                  \u001b[33md\u001b[39m=\u001b[32m\"m9 12 2 2 4-4\"\u001b[39m\n                \u001b[36m/>\u001b[39m\n              \u001b[36m</svg>\u001b[39m\n              \u001b[36m<span\u001b[39m\n                \u001b[33mclass\u001b[39m=\u001b[32m\"rounded-full border border-current/20 px-1.5 py-0.5 text-[9px] uppercase tracking-[0.12em]\"\u001b[39m\n              \u001b[36m>\u001b[39m\n                \u001b[0mReady\u001b[0m\n              \u001b[36m</span>\u001b[39m\n              \u001b[0mSend to Dean\u001b[0m\n            \u001b[36m</button>\u001b[39m\n            \u001b[36m<div\u001b[39m\n              \u001b[33mclass\u001b[39m=\u001b[32m\"mt-2 space-y-1 text-[10px] font-semibold leading-4 text-muted\"\u001b[39m\n            \u001b[36m>\u001b[39m\n              \u001b[36m<p>\u001b[39m\n                \u001b[0mReady to use.\u001b[0m\n              \u001b[36m</p>\u001b[39m\n              \u001b[36m<p>\u001b[39m\n                \u001b[0mAction history will record who did this and when.\u001b[0m\n              \u001b[36m</p>\u001b[39m\n            \u001b[36m</div>\u001b[39m\n          \u001b[36m</div>\u001b[39m\n        \u001b[36m</div>\u001b[39m\n      \u001b[36m</div>\u001b[39m\n    \u001b[36m</body>\u001b[39m\n\n    \u001b[0m \u001b[90m 81 |\u001b[39m     )\u001b[33m;\u001b[39m\n     \u001b[90m 82 |\u001b[39m\n    \u001b[31m\u001b[1m>\u001b[22m\u001b[39m\u001b[90m 83 |\u001b[39m     expect(screen\u001b[33m.\u001b[39mgetByRole(\u001b[32m\"button\"\u001b[39m\u001b[33m,\u001b[39m { name\u001b[33m:\u001b[39m \u001b[35m/approve results locked/i\u001b[39m }))\u001b[33m.\u001b[39mtoBeVisible()\u001b[33m;\u001b[39m\n     \u001b[90m    |\u001b[39m                   \u001b[31m\u001b[1m^\u001b[22m\u001b[39m\n     \u001b[90m 84 |\u001b[39m     expect(screen\u001b[33m.\u001b[39mgetByRole(\u001b[32m\"button\"\u001b[39m\u001b[33m,\u001b[39m { name\u001b[33m:\u001b[39m \u001b[35m/return correction degraded/i\u001b[39m }))\u001b[33m.\u001b[39mtoBeVisible()\u001b[33m;\u001b[39m\n     \u001b[90m 85 |\u001b[39m     expect(screen\u001b[33m.\u001b[39mgetByRole(\u001b[32m\"button\"\u001b[39m\u001b[33m,\u001b[39m { name\u001b[33m:\u001b[39m \u001b[35m/retry dispatch failed/i\u001b[39m }))\u001b[33m.\u001b[39mtoBeVisible()\u001b[33m;\u001b[39m\n     \u001b[90m 86 |\u001b[39m\u001b[0m\n\n      at Object.getElementError (node_modules/@testing-library/dom/dist/config.js:37:19)\n      at node_modules/@testing-library/dom/dist/query-helpers.js:76:38\n      at node_modules/@testing-library/dom/dist/query-helpers.js:52:17\n      at node_modules/@testing-library/dom/dist/query-helpers.js:95:19\n      at Object.getByRole (tests/design/operational-action-contract.test.tsx:83:19)\n","name":"C:\\Users\\user\\Desktop\\PROJECTS\\Shule hub\\apps\\web\\tests\\design\\operational-action-contract.test.tsx","startTime":1779900525459,"status":"failed","summary":""}],"wasInterrupted":false}
