{"numFailedTestSuites":3,"numFailedTests":4,"numPassedTestSuites":0,"numPassedTests":5,"numPendingTestSuites":0,"numPendingTests":0,"numRuntimeErrorTestSuites":0,"numTodoTests":0,"numTotalTestSuites":3,"numTotalTests":9,"openHandles":[],"snapshot":{"added":0,"didUpdate":false,"failure":false,"filesAdded":0,"filesRemoved":0,"filesRemovedList":[],"filesUnmatched":0,"filesUpdated":0,"matched":2,"total":2,"unchecked":0,"uncheckedKeysByFile":[],"unmatched":0,"updated":0},"startTime":1779902110450,"success":false,"testResults":[{"assertionResults":[{"ancestorTitles":["STEP 1: Layout tests"],"duration":384,"failing":false,"failureDetails":[],"failureMessages":[],"fullName":"STEP 1: Layout tests keeps the dashboard information hierarchy in the correct DOM order","invocations":1,"location":null,"numPassingAsserts":3,"retryReasons":[],"startAt":1779902117208,"status":"passed","title":"keeps the dashboard information hierarchy in the correct DOM order"},{"ancestorTitles":["STEP 1: Layout tests"],"duration":319,"failing":false,"failureDetails":[],"failureMessages":[],"fullName":"STEP 1: Layout tests keeps quick actions visible in the dashboard shell","invocations":1,"location":null,"numPassingAsserts":2,"retryReasons":[],"startAt":1779902117593,"status":"passed","title":"keeps quick actions visible in the dashboard shell"},{"ancestorTitles":["STEP 1: Layout tests"],"duration":189,"failing":false,"failureDetails":[],"failureMessages":[],"fullName":"STEP 1: Layout tests matches the dashboard regression snapshots","invocations":1,"location":null,"numPassingAsserts":3,"retryReasons":[],"startAt":1779902117912,"status":"passed","title":"matches the dashboard regression snapshots"},{"ancestorTitles":["STEP 1: Layout tests"],"duration":4458,"failing":false,"failureDetails":[{"name":"TestingLibraryElementError"}],"failureMessages":["TestingLibraryElementError: Unable to find an accessible element with the role \"heading\" and name `/bursar operational command center/i`\n\nHere are the accessible roles:\n\n  complementary:\n\n  Name \"\":\n  \u001b[36m<aside\u001b[39m\n    \u001b[33mclass\u001b[39m=\u001b[32m\"h-full overflow-y-auto border-r border-[#D7E0EF] bg-[linear-gradient(180deg,#071D49_0%,#102E63_58%,#0F172A_100%)] p-4 text-white\"\u001b[39m\n  \u001b[36m/>\u001b[39m\n\n  --------------------------------------------------\n  paragraph:\n\n  Name \"\":\n  \u001b[36m<p\u001b[39m\n    \u001b[33mclass\u001b[39m=\u001b[32m\"text-xs font-black uppercase tracking-[0.18em] text-cyan-100/80\"\u001b[39m\n  \u001b[36m/>\u001b[39m\n\n  Name \"\":\n  \u001b[36m<p\u001b[39m\n    \u001b[33mclass\u001b[39m=\u001b[32m\"mt-2 text-xs font-semibold leading-5 text-white/62\"\u001b[39m\n  \u001b[36m/>\u001b[39m\n\n  Name \"\":\n  \u001b[36m<p\u001b[39m\n    \u001b[33mclass\u001b[39m=\u001b[32m\"text-sm font-black leading-tight tracking-normal sm:text-base text-white\"\u001b[39m\n  \u001b[36m/>\u001b[39m\n\n  Name \"\":\n  \u001b[36m<p\u001b[39m\n    \u001b[33mclass\u001b[39m=\u001b[32m\"mt-1 text-xs font-semibold leading-5 text-white/70\"\u001b[39m\n  \u001b[36m/>\u001b[39m\n\n  Name \"\":\n  \u001b[36m<p\u001b[39m\n    \u001b[33mclass\u001b[39m=\u001b[32m\"text-xs font-black uppercase tracking-[0.2em] text-cyan-100/75\"\u001b[39m\n  \u001b[36m/>\u001b[39m\n\n  Name \"\":\n  \u001b[36m<p\u001b[39m\n    \u001b[33mclass\u001b[39m=\u001b[32m\"mt-1 max-w-4xl text-sm leading-6 text-white/76\"\u001b[39m\n  \u001b[36m/>\u001b[39m\n\n  Name \"\":\n  \u001b[36m<p\u001b[39m\n    \u001b[33mclass\u001b[39m=\u001b[32m\"text-xs font-black uppercase tracking-[0.14em] text-muted\"\u001b[39m\n  \u001b[36m/>\u001b[39m\n\n  Name \"\":\n  \u001b[36m<p\u001b[39m\n    \u001b[33mclass\u001b[39m=\u001b[32m\"mt-2 text-2xl font-black text-foreground\"\u001b[39m\n  \u001b[36m/>\u001b[39m\n\n  Name \"\":\n  \u001b[36m<p\u001b[39m\n    \u001b[33mclass\u001b[39m=\u001b[32m\"mt-1 text-xs font-semibold leading-5 text-muted\"\u001b[39m\n  \u001b[36m/>\u001b[39m\n\n  Name \"\":\n  \u001b[36m<p\u001b[39m\n    \u001b[33mclass\u001b[39m=\u001b[32m\"mt-3 rounded-xl border border-border bg-surface-muted px-3 py-2 text-[11px] font-semibold text-muted\"\u001b[39m\n  \u001b[36m/>\u001b[39m\n\n  Name \"\":\n  \u001b[36m<p\u001b[39m\n    \u001b[33mclass\u001b[39m=\u001b[32m\"text-xs font-black uppercase tracking-[0.14em] text-muted\"\u001b[39m\n  \u001b[36m/>\u001b[39m\n\n  Name \"\":\n  \u001b[36m<p\u001b[39m\n    \u001b[33mclass\u001b[39m=\u001b[32m\"mt-2 text-2xl font-black text-foreground\"\u001b[39m\n  \u001b[36m/>\u001b[39m\n\n  Name \"\":\n  \u001b[36m<p\u001b[39m\n    \u001b[33mclass\u001b[39m=\u001b[32m\"mt-1 text-xs font-semibold leading-5 text-muted\"\u001b[39m\n  \u001b[36m/>\u001b[39m\n\n  Name \"\":\n  \u001b[36m<p\u001b[39m\n    \u001b[33mclass\u001b[39m=\u001b[32m\"mt-3 rounded-xl border border-border bg-surface-muted px-3 py-2 text-[11px] font-semibold text-muted\"\u001b[39m\n  \u001b[36m/>\u001b[39m\n\n  Name \"\":\n  \u001b[36m<p\u001b[39m\n    \u001b[33mclass\u001b[39m=\u001b[32m\"text-xs font-black uppercase tracking-[0.14em] text-muted\"\u001b[39m\n  \u001b[36m/>\u001b[39m\n\n  Name \"\":\n  \u001b[36m<p\u001b[39m\n    \u001b[33mclass\u001b[39m=\u001b[32m\"mt-2 text-2xl font-black text-foreground\"\u001b[39m\n  \u001b[36m/>\u001b[39m\n\n  Name \"\":\n  \u001b[36m<p\u001b[39m\n    \u001b[33mclass\u001b[39m=\u001b[32m\"mt-1 text-xs font-semibold leading-5 text-muted\"\u001b[39m\n  \u001b[36m/>\u001b[39m\n\n  Name \"\":\n  \u001b[36m<p\u001b[39m\n    \u001b[33mclass\u001b[39m=\u001b[32m\"mt-3 rounded-xl border border-border bg-surface-muted px-3 py-2 text-[11px] font-semibold text-muted\"\u001b[39m\n  \u001b[36m/>\u001b[39m\n\n  Name \"\":\n  \u001b[36m<p\u001b[39m\n    \u001b[33mclass\u001b[39m=\u001b[32m\"text-xs font-black uppercase tracking-[0.14em] text-muted\"\u001b[39m\n  \u001b[36m/>\u001b[39m\n\n  Name \"\":\n  \u001b[36m<p\u001b[39m\n    \u001b[33mclass\u001b[39m=\u001b[32m\"mt-2 text-2xl font-black text-foreground\"\u001b[39m\n  \u001b[36m/>\u001b[39m\n\n  Name \"\":\n  \u001b[36m<p\u001b[39m\n    \u001b[33mclass\u001b[39m=\u001b[32m\"mt-1 text-xs font-semibold leading-5 text-muted\"\u001b[39m\n  \u001b[36m/>\u001b[39m\n\n  Name \"\":\n  \u001b[36m<p\u001b[39m\n    \u001b[33mclass\u001b[39m=\u001b[32m\"mt-3 rounded-xl border border-border bg-surface-muted px-3 py-2 text-[11px] font-semibold text-muted\"\u001b[39m\n  \u001b[36m/>\u001b[39m\n\n  Name \"\":\n  \u001b[36m<p\u001b[39m\n    \u001b[33mclass\u001b[39m=\u001b[32m\"text-xs font-black uppercase tracking-[0.16em] text-[#40608F]\"\u001b[39m\n  \u001b[36m/>\u001b[39m\n\n  Name \"\":\n  \u001b[36m<p\u001b[39m\n    \u001b[33mclass\u001b[39m=\u001b[32m\"text-xl font-black text-[#071D49]\"\u001b[39m\n  \u001b[36m/>\u001b[39m\n\n  Name \"\":\n  \u001b[36m<p\u001b[39m\n    \u001b[33mclass\u001b[39m=\u001b[32m\"eyebrow\"\u001b[39m\n  \u001b[36m/>\u001b[39m\n\n  Name \"\":\n  \u001b[36m<p\u001b[39m\n    \u001b[33mclass\u001b[39m=\u001b[32m\"eyebrow\"\u001b[39m\n  \u001b[36m/>\u001b[39m\n\n  Name \"\":\n  \u001b[36m<p\u001b[39m\n    \u001b[33mclass\u001b[39m=\u001b[32m\"mt-1 max-w-2xl text-sm font-semibold leading-6 text-[#40608F]\"\u001b[39m\n  \u001b[36m/>\u001b[39m\n\n  Name \"\":\n  \u001b[36m<p\u001b[39m\n    \u001b[33mclass\u001b[39m=\u001b[32m\"text-sm font-black text-[#071D49]\"\u001b[39m\n  \u001b[36m/>\u001b[39m\n\n  Name \"\":\n  \u001b[36m<p\u001b[39m\n    \u001b[33mclass\u001b[39m=\u001b[32m\"mt-1 text-xs font-semibold leading-5 text-[#52657F]\"\u001b[39m\n  \u001b[36m/>\u001b[39m\n\n  Name \"\":\n  \u001b[36m<p\u001b[39m\n    \u001b[33mclass\u001b[39m=\u001b[32m\"mt-2 text-[11px] font-black uppercase tracking-[0.14em] text-[#40608F]\"\u001b[39m\n  \u001b[36m/>\u001b[39m\n\n  Name \"\":\n  \u001b[36m<p\u001b[39m\n    \u001b[33mclass\u001b[39m=\u001b[32m\"text-sm font-black text-[#071D49]\"\u001b[39m\n  \u001b[36m/>\u001b[39m\n\n  Name \"\":\n  \u001b[36m<p\u001b[39m\n    \u001b[33mclass\u001b[39m=\u001b[32m\"mt-1 text-xs font-semibold leading-5 text-[#52657F]\"\u001b[39m\n  \u001b[36m/>\u001b[39m\n\n  Name \"\":\n  \u001b[36m<p\u001b[39m\n    \u001b[33mclass\u001b[39m=\u001b[32m\"mt-2 text-[11px] font-black uppercase tracking-[0.14em] text-[#40608F]\"\u001b[39m\n  \u001b[36m/>\u001b[39m\n\n  Name \"\":\n  \u001b[36m<p\u001b[39m\n    \u001b[33mclass\u001b[39m=\u001b[32m\"text-sm font-black text-[#071D49]\"\u001b[39m\n  \u001b[36m/>\u001b[39m\n\n  Name \"\":\n  \u001b[36m<p\u001b[39m\n    \u001b[33mclass\u001b[39m=\u001b[32m\"mt-1 text-xs font-semibold leading-5 text-[#52657F]\"\u001b[39m\n  \u001b[36m/>\u001b[39m\n\n  Name \"\":\n  \u001b[36m<p\u001b[39m\n    \u001b[33mclass\u001b[39m=\u001b[32m\"mt-2 text-[11px] font-black uppercase tracking-[0.14em] text-[#40608F]\"\u001b[39m\n  \u001b[36m/>\u001b[39m\n\n  Name \"\":\n  \u001b[36m<p\u001b[39m\n    \u001b[33mclass\u001b[39m=\u001b[32m\"text-sm font-black text-[#071D49]\"\u001b[39m\n  \u001b[36m/>\u001b[39m\n\n  Name \"\":\n  \u001b[36m<p\u001b[39m\n    \u001b[33mclass\u001b[39m=\u001b[32m\"mt-1 text-xs font-semibold leading-5 text-[#52657F]\"\u001b[39m\n  \u001b[36m/>\u001b[39m\n\n  Name \"\":\n  \u001b[36m<p\u001b[39m\n    \u001b[33mclass\u001b[39m=\u001b[32m\"mt-2 text-[11px] font-black uppercase tracking-[0.14em] text-[#40608F]\"\u001b[39m\n  \u001b[36m/>\u001b[39m\n\n  Name \"\":\n  \u001b[36m<p\u001b[39m\n    \u001b[33mclass\u001b[39m=\u001b[32m\"text-sm font-black text-[#071D49]\"\u001b[39m\n  \u001b[36m/>\u001b[39m\n\n  Name \"\":\n  \u001b[36m<p\u001b[39m\n    \u001b[33mclass\u001b[39m=\u001b[32m\"mt-1 text-xs font-semibold leading-5 text-[#52657F]\"\u001b[39m\n  \u001b[36m/>\u001b[39m\n\n  Name \"\":\n  \u001b[36m<p\u001b[39m\n    \u001b[33mclass\u001b[39m=\u001b[32m\"mt-2 text-[11px] font-black uppercase tracking-[0.14em] text-[#40608F]\"\u001b[39m\n  \u001b[36m/>\u001b[39m\n\n  Name \"\":\n  \u001b[36m<p\u001b[39m\n    \u001b[33mclass\u001b[39m=\u001b[32m\"text-sm font-black text-[#071D49]\"\u001b[39m\n  \u001b[36m/>\u001b[39m\n\n  Name \"\":\n  \u001b[36m<p\u001b[39m\n    \u001b[33mclass\u001b[39m=\u001b[32m\"mt-1 text-xs font-semibold leading-5 text-[#52657F]\"\u001b[39m\n  \u001b[36m/>\u001b[39m\n\n  Name \"\":\n  \u001b[36m<p\u001b[39m\n    \u001b[33mclass\u001b[39m=\u001b[32m\"mt-2 text-[11px] font-black uppercase tracking-[0.14em] text-[#40608F]\"\u001b[39m\n  \u001b[36m/>\u001b[39m\n\n  Name \"\":\n  \u001b[36m<p\u001b[39m\n    \u001b[33mclass\u001b[39m=\u001b[32m\"text-sm font-black text-[#071D49]\"\u001b[39m\n  \u001b[36m/>\u001b[39m\n\n  Name \"\":\n  \u001b[36m<p\u001b[39m\n    \u001b[33mclass\u001b[39m=\u001b[32m\"mt-1 text-xs font-semibold leading-5 text-[#52657F]\"\u001b[39m\n  \u001b[36m/>\u001b[39m\n\n  Name \"\":\n  \u001b[36m<p\u001b[39m\n    \u001b[33mclass\u001b[39m=\u001b[32m\"mt-2 text-[11px] font-black uppercase tracking-[0.14em] text-[#40608F]\"\u001b[39m\n  \u001b[36m/>\u001b[39m\n\n  Name \"\":\n  \u001b[36m<p\u001b[39m\n    \u001b[33mclass\u001b[39m=\u001b[32m\"text-sm font-black text-[#071D49]\"\u001b[39m\n  \u001b[36m/>\u001b[39m\n\n  Name \"\":\n  \u001b[36m<p\u001b[39m\n    \u001b[33mclass\u001b[39m=\u001b[32m\"mt-1 text-xs font-semibold leading-5 text-[#52657F]\"\u001b[39m\n  \u001b[36m/>\u001b[39m\n\n  Name \"\":\n  \u001b[36m<p\u001b[39m\n    \u001b[33mclass\u001b[39m=\u001b[32m\"mt-2 text-[11px] font-black uppercase tracking-[0.14em] text-[#40608F]\"\u001b[39m\n  \u001b[36m/>\u001b[39m\n\n  Name \"\":\n  \u001b[36m<p\u001b[39m\n    \u001b[33mclass\u001b[39m=\u001b[32m\"text-sm font-black text-[#071D49]\"\u001b[39m\n  \u001b[36m/>\u001b[39m\n\n  Name \"\":\n  \u001b[36m<p\u001b[39m\n    \u001b[33mclass\u001b[39m=\u001b[32m\"mt-1 text-xs font-semibold leading-5 text-[#52657F]\"\u001b[39m\n  \u001b[36m/>\u001b[39m\n\n  Name \"\":\n  \u001b[36m<p\u001b[39m\n    \u001b[33mclass\u001b[39m=\u001b[32m\"mt-2 text-[11px] font-black uppercase tracking-[0.14em] text-[#40608F]\"\u001b[39m\n  \u001b[36m/>\u001b[39m\n\n  Name \"\":\n  \u001b[36m<p\u001b[39m\n    \u001b[33mclass\u001b[39m=\u001b[32m\"text-sm font-black text-[#071D49]\"\u001b[39m\n  \u001b[36m/>\u001b[39m\n\n  Name \"\":\n  \u001b[36m<p\u001b[39m\n    \u001b[33mclass\u001b[39m=\u001b[32m\"mt-1 text-xs font-semibold leading-5 text-[#52657F]\"\u001b[39m\n  \u001b[36m/>\u001b[39m\n\n  Name \"\":\n  \u001b[36m<p\u001b[39m\n    \u001b[33mclass\u001b[39m=\u001b[32m\"mt-2 text-[11px] font-black uppercase tracking-[0.14em] text-[#40608F]\"\u001b[39m\n  \u001b[36m/>\u001b[39m\n\n  Name \"\":\n  \u001b[36m<p\u001b[39m\n    \u001b[33mclass\u001b[39m=\u001b[32m\"text-sm font-black text-[#071D49]\"\u001b[39m\n  \u001b[36m/>\u001b[39m\n\n  Name \"\":\n  \u001b[36m<p\u001b[39m\n    \u001b[33mclass\u001b[39m=\u001b[32m\"mt-1 text-xs font-semibold leading-5 text-[#52657F]\"\u001b[39m\n  \u001b[36m/>\u001b[39m\n\n  Name \"\":\n  \u001b[36m<p\u001b[39m\n    \u001b[33mclass\u001b[39m=\u001b[32m\"mt-2 text-[11px] font-black uppercase tracking-[0.14em] text-[#40608F]\"\u001b[39m\n  \u001b[36m/>\u001b[39m\n\n  Name \"\":\n  \u001b[36m<p\u001b[39m\n    \u001b[33mclass\u001b[39m=\u001b[32m\"eyebrow\"\u001b[39m\n  \u001b[36m/>\u001b[39m\n\n  Name \"\":\n  \u001b[36m<p\u001b[39m\n    \u001b[33mclass\u001b[39m=\u001b[32m\"eyebrow\"\u001b[39m\n  \u001b[36m/>\u001b[39m\n\n  Name \"\":\n  \u001b[36m<p\u001b[39m\n    \u001b[33mclass\u001b[39m=\u001b[32m\"mt-2 max-w-2xl text-sm leading-6 text-muted\"\u001b[39m\n  \u001b[36m/>\u001b[39m\n\n  Name \"\":\n  \u001b[36m<p\u001b[39m\n    \u001b[33mclass\u001b[39m=\u001b[32m\"mt-3 text-[10px] font-black uppercase tracking-[0.14em] text-muted\"\u001b[39m\n  \u001b[36m/>\u001b[39m\n\n  Name \"\":\n  \u001b[36m<p\u001b[39m\n    \u001b[33mclass\u001b[39m=\u001b[32m\"mt-3 text-[10px] font-black uppercase tracking-[0.14em] text-muted\"\u001b[39m\n  \u001b[36m/>\u001b[39m\n\n  Name \"\":\n  \u001b[36m<p\u001b[39m\n    \u001b[33mclass\u001b[39m=\u001b[32m\"mt-3 text-[10px] font-black uppercase tracking-[0.14em] text-muted\"\u001b[39m\n  \u001b[36m/>\u001b[39m\n\n  Name \"\":\n  \u001b[36m<p\u001b[39m\n    \u001b[33mclass\u001b[39m=\u001b[32m\"mt-3 text-[10px] font-black uppercase tracking-[0.14em] text-muted\"\u001b[39m\n  \u001b[36m/>\u001b[39m\n\n  Name \"\":\n  \u001b[36m<p\u001b[39m\n    \u001b[33mclass\u001b[39m=\u001b[32m\"mt-3 text-[10px] font-black uppercase tracking-[0.14em] text-muted\"\u001b[39m\n  \u001b[36m/>\u001b[39m\n\n  Name \"\":\n  \u001b[36m<p\u001b[39m\n    \u001b[33mclass\u001b[39m=\u001b[32m\"shrink-0 flex items-center gap-2 rounded-xl border border-[#D7E0EF] bg-white/70 px-3 py-2 text-xs font-semibold text-[#40608F]\"\u001b[39m\n  \u001b[36m/>\u001b[39m\n\n  --------------------------------------------------\n  heading:\n\n  Name \"Fee Desk\":\n  \u001b[36m<h1\u001b[39m\n    \u001b[33mclass\u001b[39m=\u001b[32m\"mt-3 text-2xl font-black tracking-tight\"\u001b[39m\n  \u001b[36m/>\u001b[39m\n\n  Name \"Accountant Fee Collection\":\n  \u001b[36m<h2\u001b[39m\n    \u001b[33mclass\u001b[39m=\u001b[32m\"mt-1 text-2xl font-black tracking-tight\"\u001b[39m\n  \u001b[36m/>\u001b[39m\n\n  Name \"Needs attention today\":\n  \u001b[36m<h3\u001b[39m\n    \u001b[33mclass\u001b[39m=\u001b[32m\"mt-1 text-base font-black text-foreground\"\u001b[39m\n  \u001b[36m/>\u001b[39m\n\n  Name \"School-wide activity is active\":\n  \u001b[36m<h3\u001b[39m\n    \u001b[33mclass\u001b[39m=\u001b[32m\"mt-1 text-lg font-black text-[#071D49]\"\u001b[39m\n  \u001b[36m/>\u001b[39m\n\n  Name \"What requires action right now?\":\n  \u001b[36m<h3\u001b[39m\n    \u001b[33mclass\u001b[39m=\u001b[32m\"text-lg font-black text-foreground\"\u001b[39m\n  \u001b[36m/>\u001b[39m\n\n  Name \"Useful school actions\":\n  \u001b[36m<h3\u001b[39m\n    \u001b[33mclass\u001b[39m=\u001b[32m\"mt-1 text-base font-black text-foreground\"\u001b[39m\n  \u001b[36m/>\u001b[39m\n\n  Name \"Finance Command Center today’s work\":\n  \u001b[36m<h2\u001b[39m\n    \u001b[33mclass\u001b[39m=\u001b[32m\"mt-2 text-lg font-bold text-foreground\"\u001b[39m\n  \u001b[36m/>\u001b[39m\n\n  Name \"Fee payment updated across offices\":\n  \u001b[36m<h3\u001b[39m\n    \u001b[33mclass\u001b[39m=\u001b[32m\"text-sm font-bold text-foreground\"\u001b[39m\n  \u001b[36m/>\u001b[39m\n\n  Name \"New learner admitted\":\n  \u001b[36m<h3\u001b[39m\n    \u001b[33mclass\u001b[39m=\u001b[32m\"text-sm font-bold text-foreground\"\u001b[39m\n  \u001b[36m/>\u001b[39m\n\n  Name \"M-Pesa callback requires reconciliation\":\n  \u001b[36m<h3\u001b[39m\n    \u001b[33mclass\u001b[39m=\u001b[32m\"text-sm font-bold text-foreground\"\u001b[39m\n  \u001b[36m/>\u001b[39m\n\n  Name \"Fee collection: partial payment\":\n  \u001b[36m<h3\u001b[39m\n    \u001b[33mclass\u001b[39m=\u001b[32m\"text-sm font-bold text-foreground\"\u001b[39m\n  \u001b[36m/>\u001b[39m\n\n  Name \"M-Pesa reconciliation: overpayment credit\":\n  \u001b[36m<h3\u001b[39m\n    \u001b[33mclass\u001b[39m=\u001b[32m\"text-sm font-bold text-foreground\"\u001b[39m\n  \u001b[36m/>\u001b[39m\n\n  --------------------------------------------------\n  navigation:\n\n  Name \"Bursar operational sidebar\":\n  \u001b[36m<nav\u001b[39m\n    \u001b[33maria-label\u001b[39m=\u001b[32m\"Bursar operational sidebar\"\u001b[39m\n    \u001b[33mclass\u001b[39m=\u001b[32m\"mt-4 grid gap-2\"\u001b[39m\n  \u001b[36m/>\u001b[39m\n\n  --------------------------------------------------\n  button:\n\n  Name \"Finance Command Center Active\":\n  \u001b[36m<button\u001b[39m\n    \u001b[33maria-current\u001b[39m=\u001b[32m\"page\"\u001b[39m\n    \u001b[33mclass\u001b[39m=\u001b[32m\"flex items-center justify-between rounded-xl border px-3 py-2 text-left text-xs font-bold transition hover:-translate-y-0.5 border-cyan-200/35 bg-cyan-200/14 text-white shadow-[0_0_24px_rgba(34,211,238,0.16)]\"\u001b[39m\n    \u001b[33mtype\u001b[39m=\u001b[32m\"button\"\u001b[39m\n  \u001b[36m/>\u001b[39m\n\n  Name \"Fee Structures 2\":\n  \u001b[36m<button\u001b[39m\n    \u001b[33mclass\u001b[39m=\u001b[32m\"flex items-center justify-between rounded-xl border px-3 py-2 text-left text-xs font-bold transition hover:-translate-y-0.5 border-white/10 bg-white/[0.06] text-white/78 hover:bg-white/[0.1]\"\u001b[39m\n    \u001b[33mtype\u001b[39m=\u001b[32m\"button\"\u001b[39m\n  \u001b[36m/>\u001b[39m\n\n  Name \"Invoices 3\":\n  \u001b[36m<button\u001b[39m\n    \u001b[33mclass\u001b[39m=\u001b[32m\"flex items-center justify-between rounded-xl border px-3 py-2 text-left text-xs font-bold transition hover:-translate-y-0.5 border-white/10 bg-white/[0.06] text-white/78 hover:bg-white/[0.1]\"\u001b[39m\n    \u001b[33mtype\u001b[39m=\u001b[32m\"button\"\u001b[39m\n  \u001b[36m/>\u001b[39m\n\n  Name \"Payments\":\n  \u001b[36m<button\u001b[39m\n    \u001b[33mclass\u001b[39m=\u001b[32m\"flex items-center justify-between rounded-xl border px-3 py-2 text-left text-xs font-bold transition hover:-translate-y-0.5 border-white/10 bg-white/[0.06] text-white/78 hover:bg-white/[0.1]\"\u001b[39m\n    \u001b[33mtype\u001b[39m=\u001b[32m\"button\"\u001b[39m\n  \u001b[36m/>\u001b[39m\n\n  Name \"M-Pesa Reconciliation\":\n  \u001b[36m<button\u001b[39m\n    \u001b[33mclass\u001b[39m=\u001b[32m\"flex items-center justify-between rounded-xl border px-3 py-2 text-left text-xs font-bold transition hover:-translate-y-0.5 border-white/10 bg-white/[0.06] text-white/78 hover:bg-white/[0.1]\"\u001b[39m\n    \u001b[33mtype\u001b[39m=\u001b[32m\"button\"\u001b[39m\n  \u001b[36m/>\u001b[39m\n\n  Name \"Receipts\":\n  \u001b[36m<button\u001b[39m\n    \u001b[33mclass\u001b[39m=\u001b[32m\"flex items-center justify-between rounded-xl border px-3 py-2 text-left text-xs font-bold transition hover:-translate-y-0.5 border-white/10 bg-white/[0.06] text-white/78 hover:bg-white/[0.1]\"\u001b[39m\n    \u001b[33mtype\u001b[39m=\u001b[32m\"button\"\u001b[39m\n  \u001b[36m/>\u001b[39m\n\n  Name \"Waivers\":\n  \u001b[36m<button\u001b[39m\n    \u001b[33mclass\u001b[39m=\u001b[32m\"flex items-center justify-between rounded-xl border px-3 py-2 text-left text-xs font-bold transition hover:-translate-y-0.5 border-white/10 bg-white/[0.06] text-white/78 hover:bg-white/[0.1]\"\u001b[39m\n    \u001b[33mtype\u001b[39m=\u001b[32m\"button\"\u001b[39m\n  \u001b[36m/>\u001b[39m\n\n  Name \"Reports\":\n  \u001b[36m<button\u001b[39m\n    \u001b[33mclass\u001b[39m=\u001b[32m\"flex items-center justify-between rounded-xl border px-3 py-2 text-left text-xs font-bold transition hover:-translate-y-0.5 border-white/10 bg-white/[0.06] text-white/78 hover:bg-white/[0.1]\"\u001b[39m\n    \u001b[33mtype\u001b[39m=\u001b[32m\"button\"\u001b[39m\n  \u001b[36m/>\u001b[39m\n\n  Name \"Vote Heads\":\n  \u001b[36m<button\u001b[39m\n    \u001b[33mclass\u001b[39m=\u001b[32m\"flex items-center justify-between rounded-xl border px-3 py-2 text-left text-xs font-bold transition hover:-translate-y-0.5 border-white/10 bg-white/[0.06] text-white/78 hover:bg-white/[0.1]\"\u001b[39m\n    \u001b[33mtype\u001b[39m=\u001b[32m\"button\"\u001b[39m\n  \u001b[36m/>\u001b[39m\n\n  Name \"Term Billing\":\n  \u001b[36m<button\u001b[39m\n    \u001b[33mclass\u001b[39m=\u001b[32m\"flex items-center justify-between rounded-xl border px-3 py-2 text-left text-xs font-bold transition hover:-translate-y-0.5 border-white/10 bg-white/[0.06] text-white/78 hover:bg-white/[0.1]\"\u001b[39m\n    \u001b[33mtype\u001b[39m=\u001b[32m\"button\"\u001b[39m\n  \u001b[36m/>\u001b[39m\n\n  Name \"Boarding Fees\":\n  \u001b[36m<button\u001b[39m\n    \u001b[33mclass\u001b[39m=\u001b[32m\"flex items-center justify-between rounded-xl border px-3 py-2 text-left text-xs font-bold transition hover:-translate-y-0.5 border-white/10 bg-white/[0.06] text-white/78 hover:bg-white/[0.1]\"\u001b[39m\n    \u001b[33mtype\u001b[39m=\u001b[32m\"button\"\u001b[39m\n  \u001b[36m/>\u001b[39m\n\n  Name \"Transport Fees\":\n  \u001b[36m<button\u001b[39m\n    \u001b[33mclass\u001b[39m=\u001b[32m\"flex items-center justify-between rounded-xl border px-3 py-2 text-left text-xs font-bold transition hover:-translate-y-0.5 border-white/10 bg-white/[0.06] text-white/78 hover:bg-white/[0.1]\"\u001b[39m\n    \u001b[33mtype\u001b[39m=\u001b[32m\"button\"\u001b[39m\n  \u001b[36m/>\u001b[39m\n\n  Name \"Lunch Fees\":\n  \u001b[36m<button\u001b[39m\n    \u001b[33mclass\u001b[39m=\u001b[32m\"flex items-center justify-between rounded-xl border px-3 py-2 text-left text-xs font-bold transition hover:-translate-y-0.5 border-white/10 bg-white/[0.06] text-white/78 hover:bg-white/[0.1]\"\u001b[39m\n    \u001b[33mtype\u001b[39m=\u001b[32m\"button\"\u001b[39m\n  \u001b[36m/>\u001b[39m\n\n  Name \"Bursaries\":\n  \u001b[36m<button\u001b[39m\n    \u001b[33mclass\u001b[39m=\u001b[32m\"flex items-center justify-between rounded-xl border px-3 py-2 text-left text-xs font-bold transition hover:-translate-y-0.5 border-white/10 bg-white/[0.06] text-white/78 hover:bg-white/[0.1]\"\u001b[39m\n    \u001b[33mtype\u001b[39m=\u001b[32m\"button\"\u001b[39m\n  \u001b[36m/>\u001b[39m\n\n  Name \"Refunds\":\n  \u001b[36m<button\u001b[39m\n    \u001b[33mclass\u001b[39m=\u001b[32m\"flex items-center justify-between rounded-xl border px-3 py-2 text-left text-xs font-bold transition hover:-translate-y-0.5 border-white/10 bg-white/[0.06] text-white/78 hover:bg-white/[0.1]\"\u001b[39m\n    \u001b[33mtype\u001b[39m=\u001b[32m\"button\"\u001b[39m\n  \u001b[36m/>\u001b[39m\n\n  Name \"Record payment, print receipt, send parent SMS Ready\":\n  \u001b[36m<button\u001b[39m\n    \u001b[33maria-label\u001b[39m=\u001b[32m\"Record payment, print receipt, send parent SMS Ready\"\u001b[39m\n    \u001b[33mclass\u001b[39m=\u001b[32m\"inline-flex items-center gap-2 rounded-[var(--radius-xs)] border px-3 py-2 text-xs font-bold transition hover:-translate-y-0.5 disabled:cursor-not-allowed disabled:opacity-75 border-[#BFD7FF] bg-[#EEF6FF] text-[#0B3A7A] hover:border-[#7BAEF9]\"\u001b[39m\n    \u001b[33mtype\u001b[39m=\u001b[32m\"button\"\u001b[39m\n  \u001b[36m/>\u001b[39m\n\n  Name \"Generate admission number, first invoice, parent SMS Ready\":\n  \u001b[36m<button\u001b[39m\n    \u001b[33maria-label\u001b[39m=\u001b[32m\"Generate admission number, first invoice, parent SMS Ready\"\u001b[39m\n    \u001b[33mclass\u001b[39m=\u001b[32m\"inline-flex items-center gap-2 rounded-[var(--radius-xs)] border px-3 py-2 text-xs font-bold transition hover:-translate-y-0.5 disabled:cursor-not-allowed disabled:opacity-75 border-[#BFD7FF] bg-[#EEF6FF] text-[#0B3A7A] hover:border-[#7BAEF9]\"\u001b[39m\n    \u001b[33mtype\u001b[39m=\u001b[32m\"button\"\u001b[39m\n  \u001b[36m/>\u001b[39m\n\n  Name \"Match payment, print receipt, or escalate callback failure Ready\":\n  \u001b[36m<button\u001b[39m\n    \u001b[33maria-label\u001b[39m=\u001b[32m\"Match payment, print receipt, or escalate callback failure Ready\"\u001b[39m\n    \u001b[33mclass\u001b[39m=\u001b[32m\"inline-flex items-center gap-2 rounded-[var(--radius-xs)] border px-3 py-2 text-xs font-bold transition hover:-translate-y-0.5 disabled:cursor-not-allowed disabled:opacity-75 border-[#BFD7FF] bg-[#EEF6FF] text-[#0B3A7A] hover:border-[#7BAEF9]\"\u001b[39m\n    \u001b[33mtype\u001b[39m=\u001b[32m\"button\"\u001b[39m\n  \u001b[36m/>\u001b[39m\n\n  Name \"Record payment Ready\":\n  \u001b[36m<button\u001b[39m\n    \u001b[33maria-label\u001b[39m=\u001b[32m\"Record payment Ready\"\u001b[39m\n    \u001b[33mclass\u001b[39m=\u001b[32m\"inline-flex items-center gap-2 rounded-[var(--radius-xs)] border px-3 py-2 text-xs font-bold transition hover:-translate-y-0.5 disabled:cursor-not-allowed disabled:opacity-75 border-[#BFD7FF] bg-[#EEF6FF] text-[#0B3A7A] hover:border-[#7BAEF9]\"\u001b[39m\n    \u001b[33mtype\u001b[39m=\u001b[32m\"button\"\u001b[39m\n  \u001b[36m/>\u001b[39m\n\n  Name \"Print receipt Ready\":\n  \u001b[36m<button\u001b[39m\n    \u001b[33maria-label\u001b[39m=\u001b[32m\"Print receipt Ready\"\u001b[39m\n    \u001b[33mclass\u001b[39m=\u001b[32m\"inline-flex items-center gap-2 rounded-[var(--radius-xs)] border px-3 py-2 text-xs font-bold transition hover:-translate-y-0.5 disabled:cursor-not-allowed disabled:opacity-75 border-[#BFD7FF] bg-[#EEF6FF] text-[#0B3A7A] hover:border-[#7BAEF9]\"\u001b[39m\n    \u001b[33mtype\u001b[39m=\u001b[32m\"button\"\u001b[39m\n  \u001b[36m/>\u001b[39m\n\n  Name \"Send SMS receipt Ready\":\n  \u001b[36m<button\u001b[39m\n    \u001b[33maria-label\u001b[39m=\u001b[32m\"Send SMS receipt Ready\"\u001b[39m\n    \u001b[33mclass\u001b[39m=\u001b[32m\"inline-flex items-center gap-2 rounded-[var(--radius-xs)] border px-3 py-2 text-xs font-bold transition hover:-translate-y-0.5 disabled:cursor-not-allowed disabled:opacity-75 border-[#BFD7FF] bg-[#EEF6FF] text-[#0B3A7A] hover:border-[#7BAEF9]\"\u001b[39m\n    \u001b[33mtype\u001b[39m=\u001b[32m\"button\"\u001b[39m\n  \u001b[36m/>\u001b[39m\n\n  Name \"Request reversal approval Ready\":\n  \u001b[36m<button\u001b[39m\n    \u001b[33maria-label\u001b[39m=\u001b[32m\"Request reversal approval Ready\"\u001b[39m\n    \u001b[33mclass\u001b[39m=\u001b[32m\"inline-flex items-center gap-2 rounded-[var(--radius-xs)] border px-3 py-2 text-xs font-bold transition hover:-translate-y-0.5 disabled:cursor-not-allowed disabled:opacity-75 border-[#BFD7FF] bg-[#EEF6FF] text-[#0B3A7A] hover:border-[#7BAEF9]\"\u001b[39m\n    \u001b[33mtype\u001b[39m=\u001b[32m\"button\"\u001b[39m\n  \u001b[36m/>\u001b[39m\n\n  Name \"Record payment Ready\":\n  \u001b[36m<button\u001b[39m\n    \u001b[33maria-label\u001b[39m=\u001b[32m\"Record payment Ready\"\u001b[39m\n    \u001b[33mclass\u001b[39m=\u001b[32m\"inline-flex items-center gap-2 rounded-[var(--radius-xs)] border px-3 py-2 text-xs font-bold transition hover:-translate-y-0.5 disabled:cursor-not-allowed disabled:opacity-75 border-[#BFD7FF] bg-[#EEF6FF] text-[#0B3A7A] hover:border-[#7BAEF9]\"\u001b[39m\n    \u001b[33mtype\u001b[39m=\u001b[32m\"button\"\u001b[39m\n  \u001b[36m/>\u001b[39m\n\n  Name \"Print receipt Ready\":\n  \u001b[36m<button\u001b[39m\n    \u001b[33maria-label\u001b[39m=\u001b[32m\"Print receipt Ready\"\u001b[39m\n    \u001b[33mclass\u001b[39m=\u001b[32m\"inline-flex items-center gap-2 rounded-[var(--radius-xs)] border px-3 py-2 text-xs font-bold transition hover:-translate-y-0.5 disabled:cursor-not-allowed disabled:opacity-75 border-[#BFD7FF] bg-[#EEF6FF] text-[#0B3A7A] hover:border-[#7BAEF9]\"\u001b[39m\n    \u001b[33mtype\u001b[39m=\u001b[32m\"button\"\u001b[39m\n  \u001b[36m/>\u001b[39m\n\n  Name \"Send SMS receipt Ready\":\n  \u001b[36m<button\u001b[39m\n    \u001b[33maria-label\u001b[39m=\u001b[32m\"Send SMS receipt Ready\"\u001b[39m\n    \u001b[33mclass\u001b[39m=\u001b[32m\"inline-flex items-center gap-2 rounded-[var(--radius-xs)] border px-3 py-2 text-xs font-bold transition hover:-translate-y-0.5 disabled:cursor-not-allowed disabled:opacity-75 border-[#BFD7FF] bg-[#EEF6FF] text-[#0B3A7A] hover:border-[#7BAEF9]\"\u001b[39m\n    \u001b[33mtype\u001b[39m=\u001b[32m\"button\"\u001b[39m\n  \u001b[36m/>\u001b[39m\n\n  Name \"Request reversal approval Ready\":\n  \u001b[36m<button\u001b[39m\n    \u001b[33maria-label\u001b[39m=\u001b[32m\"Request reversal approval Ready\"\u001b[39m\n    \u001b[33mclass\u001b[39m=\u001b[32m\"inline-flex items-center gap-2 rounded-[var(--radius-xs)] border px-3 py-2 text-xs font-bold transition hover:-translate-y-0.5 disabled:cursor-not-allowed disabled:opacity-75 border-[#BFD7FF] bg-[#EEF6FF] text-[#0B3A7A] hover:border-[#7BAEF9]\"\u001b[39m\n    \u001b[33mtype\u001b[39m=\u001b[32m\"button\"\u001b[39m\n  \u001b[36m/>\u001b[39m\n\n  Name \"Open today's payments Ready\":\n  \u001b[36m<button\u001b[39m\n    \u001b[33maria-label\u001b[39m=\u001b[32m\"Open today's payments Ready\"\u001b[39m\n    \u001b[33mclass\u001b[39m=\u001b[32m\"inline-flex items-center gap-2 rounded-[var(--radius-xs)] border px-3 py-2 text-xs font-bold transition hover:-translate-y-0.5 disabled:cursor-not-allowed disabled:opacity-75 border-[#BFD7FF] bg-[#EEF6FF] text-[#0B3A7A] hover:border-[#7BAEF9]\"\u001b[39m\n    \u001b[33mtype\u001b[39m=\u001b[32m\"button\"\u001b[39m\n  \u001b[36m/>\u001b[39m\n\n  Name \"Open unreconciled M-Pesa Ready\":\n  \u001b[36m<button\u001b[39m\n    \u001b[33maria-label\u001b[39m=\u001b[32m\"Open unreconciled M-Pesa Ready\"\u001b[39m\n    \u001b[33mclass\u001b[39m=\u001b[32m\"inline-flex items-center gap-2 rounded-[var(--radius-xs)] border px-3 py-2 text-xs font-bold transition hover:-translate-y-0.5 disabled:cursor-not-allowed disabled:opacity-75 border-[#BFD7FF] bg-[#EEF6FF] text-[#0B3A7A] hover:border-[#7BAEF9]\"\u001b[39m\n    \u001b[33mtype\u001b[39m=\u001b[32m\"button\"\u001b[39m\n  \u001b[36m/>\u001b[39m\n\n  Name \"Open failed callbacks Ready\":\n  \u001b[36m<button\u001b[39m\n    \u001b[33maria-label\u001b[39m=\u001b[32m\"Open failed callbacks Ready\"\u001b[39m\n    \u001b[33mclass\u001b[39m=\u001b[32m\"inline-flex items-center gap-2 rounded-[var(--radius-xs)] border px-3 py-2 text-xs font-bold transition hover:-translate-y-0.5 disabled:cursor-not-allowed disabled:opacity-75 border-[#BFD7FF] bg-[#EEF6FF] text-[#0B3A7A] hover:border-[#7BAEF9]\"\u001b[39m\n    \u001b[33mtype\u001b[39m=\u001b[32m\"button\"\u001b[39m\n  \u001b[36m/>\u001b[39m\n\n  Name \"Open high balances Ready\":\n  \u001b[36m<button\u001b[39m\n    \u001b[33maria-label\u001b[39m=\u001b[32m\"Open high balances Ready\"\u001b[39m\n    \u001b[33mclass\u001b[39m=\u001b[32m\"inline-flex items-center gap-2 rounded-[var(--radius-xs)] border px-3 py-2 text-xs font-bold transition hover:-translate-y-0.5 disabled:cursor-not-allowed disabled:opacity-75 border-[#BFD7FF] bg-[#EEF6FF] text-[#0B3A7A] hover:border-[#7BAEF9]\"\u001b[39m\n    \u001b[33mtype\u001b[39m=\u001b[32m\"button\"\u001b[39m\n  \u001b[36m/>\u001b[39m\n\n  Name \"Open waiver requests Ready\":\n  \u001b[36m<button\u001b[39m\n    \u001b[33maria-label\u001b[39m=\u001b[32m\"Open waiver requests Ready\"\u001b[39m\n    \u001b[33mclass\u001b[39m=\u001b[32m\"inline-flex items-center gap-2 rounded-[var(--radius-xs)] border px-3 py-2 text-xs font-bold transition hover:-translate-y-0.5 disabled:cursor-not-allowed disabled:opacity-75 border-[#BFD7FF] bg-[#EEF6FF] text-[#0B3A7A] hover:border-[#7BAEF9]\"\u001b[39m\n    \u001b[33mtype\u001b[39m=\u001b[32m\"button\"\u001b[39m\n  \u001b[36m/>\u001b[39m\n\n  Name \"Open duplicate warnings Ready\":\n  \u001b[36m<button\u001b[39m\n    \u001b[33maria-label\u001b[39m=\u001b[32m\"Open duplicate warnings Ready\"\u001b[39m\n    \u001b[33mclass\u001b[39m=\u001b[32m\"inline-flex items-center gap-2 rounded-[var(--radius-xs)] border px-3 py-2 text-xs font-bold transition hover:-translate-y-0.5 disabled:cursor-not-allowed disabled:opacity-75 border-[#BFD7FF] bg-[#EEF6FF] text-[#0B3A7A] hover:border-[#7BAEF9]\"\u001b[39m\n    \u001b[33mtype\u001b[39m=\u001b[32m\"button\"\u001b[39m\n  \u001b[36m/>\u001b[39m\n\n  Name \"Record Payment Ready\":\n  \u001b[36m<button\u001b[39m\n    \u001b[33maria-label\u001b[39m=\u001b[32m\"Record Payment Ready\"\u001b[39m\n    \u001b[33mclass\u001b[39m=\u001b[32m\"inline-flex items-center gap-2 rounded-[var(--radius-xs)] border px-3 py-2 text-xs font-bold transition hover:-translate-y-0.5 disabled:cursor-not-allowed disabled:opacity-75 border-[#BFD7FF] bg-[#EEF6FF] text-[#0B3A7A] hover:border-[#7BAEF9]\"\u001b[39m\n    \u001b[33mtype\u001b[39m=\u001b[32m\"button\"\u001b[39m\n  \u001b[36m/>\u001b[39m\n\n  Name \"Generate Invoice Ready\":\n  \u001b[36m<button\u001b[39m\n    \u001b[33maria-label\u001b[39m=\u001b[32m\"Generate Invoice Ready\"\u001b[39m\n    \u001b[33mclass\u001b[39m=\u001b[32m\"inline-flex items-center gap-2 rounded-[var(--radius-xs)] border px-3 py-2 text-xs font-bold transition hover:-translate-y-0.5 disabled:cursor-not-allowed disabled:opacity-75 border-[#BFD7FF] bg-[#EEF6FF] text-[#0B3A7A] hover:border-[#7BAEF9]\"\u001b[39m\n    \u001b[33mtype\u001b[39m=\u001b[32m\"button\"\u001b[39m\n  \u001b[36m/>\u001b[39m\n\n  Name \"Print Receipt Ready\":\n  \u001b[36m<button\u001b[39m\n    \u001b[33maria-label\u001b[39m=\u001b[32m\"Print Receipt Ready\"\u001b[39m\n    \u001b[33mclass\u001b[39m=\u001b[32m\"inline-flex items-center gap-2 rounded-[var(--radius-xs)] border px-3 py-2 text-xs font-bold transition hover:-translate-y-0.5 disabled:cursor-not-allowed disabled:opacity-75 border-[#BFD7FF] bg-[#EEF6FF] text-[#0B3A7A] hover:border-[#7BAEF9]\"\u001b[39m\n    \u001b[33mtype\u001b[39m=\u001b[32m\"button\"\u001b[39m\n  \u001b[36m/>\u001b[39m\n\n  Name \"Send Fee Reminder Ready\":\n  \u001b[36m<button\u001b[39m\n    \u001b[33maria-label\u001b[39m=\u001b[32m\"Send Fee Reminder Ready\"\u001b[39m\n    \u001b[33mclass\u001b[39m=\u001b[32m\"inline-flex items-center gap-2 rounded-[var(--radius-xs)] border px-3 py-2 text-xs font-bold transition hover:-translate-y-0.5 disabled:cursor-not-allowed disabled:opacity-75 border-[#BFD7FF] bg-[#EEF6FF] text-[#0B3A7A] hover:border-[#7BAEF9]\"\u001b[39m\n    \u001b[33mtype\u001b[39m=\u001b[32m\"button\"\u001b[39m\n  \u001b[36m/>\u001b[39m\n\n  Name \"Open Urgent Tasks Ready\":\n  \u001b[36m<button\u001b[39m\n    \u001b[33maria-label\u001b[39m=\u001b[32m\"Open Urgent Tasks Ready\"\u001b[39m\n    \u001b[33mclass\u001b[39m=\u001b[32m\"inline-flex items-center gap-2 rounded-[var(--radius-xs)] border px-3 py-2 text-xs font-bold transition hover:-translate-y-0.5 disabled:cursor-not-allowed disabled:opacity-75 border-[#BFD7FF] bg-[#EEF6FF] text-[#0B3A7A] hover:border-[#7BAEF9]\"\u001b[39m\n    \u001b[33mtype\u001b[39m=\u001b[32m\"button\"\u001b[39m\n  \u001b[36m/>\u001b[39m\n\n  Name \"Assign Owner Ready\":\n  \u001b[36m<button\u001b[39m\n    \u001b[33maria-label\u001b[39m=\u001b[32m\"Assign Owner Ready\"\u001b[39m\n    \u001b[33mclass\u001b[39m=\u001b[32m\"inline-flex items-center gap-2 rounded-[var(--radius-xs)] border px-3 py-2 text-xs font-bold transition hover:-translate-y-0.5 disabled:cursor-not-allowed disabled:opacity-75 border-[#BFD7FF] bg-[#EEF6FF] text-[#0B3A7A] hover:border-[#7BAEF9]\"\u001b[39m\n    \u001b[33mtype\u001b[39m=\u001b[32m\"button\"\u001b[39m\n  \u001b[36m/>\u001b[39m\n\n  Name \"Assign selected Ready\":\n  \u001b[36m<button\u001b[39m\n    \u001b[33maria-label\u001b[39m=\u001b[32m\"Assign selected Ready\"\u001b[39m\n    \u001b[33mclass\u001b[39m=\u001b[32m\"inline-flex items-center gap-2 rounded-[var(--radius-xs)] border px-3 py-2 text-xs font-bold transition hover:-translate-y-0.5 disabled:cursor-not-allowed disabled:opacity-75 border-[#BFD7FF] bg-[#EEF6FF] text-[#0B3A7A] hover:border-[#7BAEF9]\"\u001b[39m\n    \u001b[33mtype\u001b[39m=\u001b[32m\"button\"\u001b[39m\n  \u001b[36m/>\u001b[39m\n\n  Name \"Escalate selected Ready\":\n  \u001b[36m<button\u001b[39m\n    \u001b[33maria-label\u001b[39m=\u001b[32m\"Escalate selected Ready\"\u001b[39m\n    \u001b[33mclass\u001b[39m=\u001b[32m\"inline-flex items-center gap-2 rounded-[var(--radius-xs)] border px-3 py-2 text-xs font-bold transition hover:-translate-y-0.5 disabled:cursor-not-allowed disabled:opacity-75 border-[#BFD7FF] bg-[#EEF6FF] text-[#0B3A7A] hover:border-[#7BAEF9]\"\u001b[39m\n    \u001b[33mtype\u001b[39m=\u001b[32m\"button\"\u001b[39m\n  \u001b[36m/>\u001b[39m\n\n  Name \"Print selected Ready\":\n  \u001b[36m<button\u001b[39m\n    \u001b[33maria-label\u001b[39m=\u001b[32m\"Print selected Ready\"\u001b[39m\n    \u001b[33mclass\u001b[39m=\u001b[32m\"inline-flex items-center gap-2 rounded-[var(--radius-xs)] border px-3 py-2 text-xs font-bold transition hover:-translate-y-0.5 disabled:cursor-not-allowed disabled:opacity-75 border-[#BFD7FF] bg-[#EEF6FF] text-[#0B3A7A] hover:border-[#7BAEF9]\"\u001b[39m\n    \u001b[33mtype\u001b[39m=\u001b[32m\"button\"\u001b[39m\n  \u001b[36m/>\u001b[39m\n\n  Name \"View Action History Ready\":\n  \u001b[36m<button\u001b[39m\n    \u001b[33maria-label\u001b[39m=\u001b[32m\"View Action History Ready\"\u001b[39m\n    \u001b[33mclass\u001b[39m=\u001b[32m\"inline-flex items-center gap-2 rounded-[var(--radius-xs)] border px-3 py-2 text-xs font-bold transition hover:-translate-y-0.5 disabled:cursor-not-allowed disabled:opacity-75 border-[#BFD7FF] bg-[#EEF6FF] text-[#0B3A7A] hover:border-[#7BAEF9]\"\u001b[39m\n    \u001b[33mtype\u001b[39m=\u001b[32m\"button\"\u001b[39m\n  \u001b[36m/>\u001b[39m\n\n  Name \"Record Payment Ready\":\n  \u001b[36m<button\u001b[39m\n    \u001b[33maria-label\u001b[39m=\u001b[32m\"Record Payment Ready\"\u001b[39m\n    \u001b[33mclass\u001b[39m=\u001b[32m\"inline-flex items-center gap-2 rounded-[var(--radius-xs)] border px-3 py-2 text-xs font-bold transition hover:-translate-y-0.5 disabled:cursor-not-allowed disabled:opacity-75 border-[#BFD7FF] bg-[#EEF6FF] text-[#0B3A7A] hover:border-[#7BAEF9]\"\u001b[39m\n    \u001b[33mtype\u001b[39m=\u001b[32m\"button\"\u001b[39m\n  \u001b[36m/>\u001b[39m\n\n  Name \"Generate Invoice Ready\":\n  \u001b[36m<button\u001b[39m\n    \u001b[33maria-label\u001b[39m=\u001b[32m\"Generate Invoice Ready\"\u001b[39m\n    \u001b[33mclass\u001b[39m=\u001b[32m\"inline-flex items-center gap-2 rounded-[var(--radius-xs)] border px-3 py-2 text-xs font-bold transition hover:-translate-y-0.5 disabled:cursor-not-allowed disabled:opacity-75 border-[#BFD7FF] bg-[#EEF6FF] text-[#0B3A7A] hover:border-[#7BAEF9]\"\u001b[39m\n    \u001b[33mtype\u001b[39m=\u001b[32m\"button\"\u001b[39m\n  \u001b[36m/>\u001b[39m\n\n  Name \"Print Receipt Ready\":\n  \u001b[36m<button\u001b[39m\n    \u001b[33maria-label\u001b[39m=\u001b[32m\"Print Receipt Ready\"\u001b[39m\n    \u001b[33mclass\u001b[39m=\u001b[32m\"inline-flex items-center gap-2 rounded-[var(--radius-xs)] border px-3 py-2 text-xs font-bold transition hover:-translate-y-0.5 disabled:cursor-not-allowed disabled:opacity-75 border-[#BFD7FF] bg-[#EEF6FF] text-[#0B3A7A] hover:border-[#7BAEF9]\"\u001b[39m\n    \u001b[33mtype\u001b[39m=\u001b[32m\"button\"\u001b[39m\n  \u001b[36m/>\u001b[39m\n\n  Name \"Send Fee Reminder Ready\":\n  \u001b[36m<button\u001b[39m\n    \u001b[33maria-label\u001b[39m=\u001b[32m\"Send Fee Reminder Ready\"\u001b[39m\n    \u001b[33mclass\u001b[39m=\u001b[32m\"inline-flex items-center gap-2 rounded-[var(--radius-xs)] border px-3 py-2 text-xs font-bold transition hover:-translate-y-0.5 disabled:cursor-not-allowed disabled:opacity-75 border-[#BFD7FF] bg-[#EEF6FF] text-[#0B3A7A] hover:border-[#7BAEF9]\"\u001b[39m\n    \u001b[33mtype\u001b[39m=\u001b[32m\"button\"\u001b[39m\n  \u001b[36m/>\u001b[39m\n\n  Name \"Open Urgent Tasks Ready\":\n  \u001b[36m<button\u001b[39m\n    \u001b[33maria-label\u001b[39m=\u001b[32m\"Open Urgent Tasks Ready\"\u001b[39m\n    \u001b[33mclass\u001b[39m=\u001b[32m\"inline-flex items-center gap-2 rounded-[var(--radius-xs)] border px-3 py-2 text-xs font-bold transition hover:-translate-y-0.5 disabled:cursor-not-allowed disabled:opacity-75 border-[#BFD7FF] bg-[#EEF6FF] text-[#0B3A7A] hover:border-[#7BAEF9]\"\u001b[39m\n    \u001b[33mtype\u001b[39m=\u001b[32m\"button\"\u001b[39m\n  \u001b[36m/>\u001b[39m\n\n  Name \"Generate Invoice Ready\":\n  \u001b[36m<button\u001b[39m\n    \u001b[33maria-label\u001b[39m=\u001b[32m\"Generate Invoice Ready\"\u001b[39m\n    \u001b[33mclass\u001b[39m=\u001b[32m\"inline-flex items-center gap-2 rounded-[var(--radius-xs)] border px-3 py-2 text-xs font-bold transition hover:-translate-y-0.5 disabled:cursor-not-allowed disabled:opacity-75 border-[#BFD7FF] bg-[#EEF6FF] text-[#0B3A7A] hover:border-[#7BAEF9]\"\u001b[39m\n    \u001b[33mtype\u001b[39m=\u001b[32m\"button\"\u001b[39m\n  \u001b[36m/>\u001b[39m\n\n  Name \"Print Receipt Ready\":\n  \u001b[36m<button\u001b[39m\n    \u001b[33maria-label\u001b[39m=\u001b[32m\"Print Receipt Ready\"\u001b[39m\n    \u001b[33mclass\u001b[39m=\u001b[32m\"inline-flex items-center gap-2 rounded-[var(--radius-xs)] border px-3 py-2 text-xs font-bold transition hover:-translate-y-0.5 disabled:cursor-not-allowed disabled:opacity-75 border-[#BFD7FF] bg-[#EEF6FF] text-[#0B3A7A] hover:border-[#7BAEF9]\"\u001b[39m\n    \u001b[33mtype\u001b[39m=\u001b[32m\"button\"\u001b[39m\n  \u001b[36m/>\u001b[39m\n\n  Name \"Send Fee Reminder Ready\":\n  \u001b[36m<button\u001b[39m\n    \u001b[33maria-label\u001b[39m=\u001b[32m\"Send Fee Reminder Ready\"\u001b[39m\n    \u001b[33mclass\u001b[39m=\u001b[32m\"inline-flex items-center gap-2 rounded-[var(--radius-xs)] border px-3 py-2 text-xs font-bold transition hover:-translate-y-0.5 disabled:cursor-not-allowed disabled:opacity-75 border-[#BFD7FF] bg-[#EEF6FF] text-[#0B3A7A] hover:border-[#7BAEF9]\"\u001b[39m\n    \u001b[33mtype\u001b[39m=\u001b[32m\"button\"\u001b[39m\n  \u001b[36m/>\u001b[39m\n\n  Name \"Open Urgent Tasks Ready\":\n  \u001b[36m<button\u001b[39m\n    \u001b[33maria-label\u001b[39m=\u001b[32m\"Open Urgent Tasks Ready\"\u001b[39m\n    \u001b[33mclass\u001b[39m=\u001b[32m\"inline-flex items-center gap-2 rounded-[var(--radius-xs)] border px-3 py-2 text-xs font-bold transition hover:-translate-y-0.5 disabled:cursor-not-allowed disabled:opacity-75 border-[#BFD7FF] bg-[#EEF6FF] text-[#0B3A7A] hover:border-[#7BAEF9]\"\u001b[39m\n    \u001b[33mtype\u001b[39m=\u001b[32m\"button\"\u001b[39m\n  \u001b[36m/>\u001b[39m\n\n  Name \"Assign Owner Ready\":\n  \u001b[36m<button\u001b[39m\n    \u001b[33maria-label\u001b[39m=\u001b[32m\"Assign Owner Ready\"\u001b[39m\n    \u001b[33mclass\u001b[39m=\u001b[32m\"inline-flex items-center gap-2 rounded-[var(--radius-xs)] border px-3 py-2 text-xs font-bold transition hover:-translate-y-0.5 disabled:cursor-not-allowed disabled:opacity-75 border-[#BFD7FF] bg-[#EEF6FF] text-[#0B3A7A] hover:border-[#7BAEF9]\"\u001b[39m\n    \u001b[33mtype\u001b[39m=\u001b[32m\"button\"\u001b[39m\n  \u001b[36m/>\u001b[39m\n\n  Name \"Print Receipt Ready\":\n  \u001b[36m<button\u001b[39m\n    \u001b[33maria-label\u001b[39m=\u001b[32m\"Print Receipt Ready\"\u001b[39m\n    \u001b[33mclass\u001b[39m=\u001b[32m\"inline-flex items-center gap-2 rounded-[var(--radius-xs)] border px-3 py-2 text-xs font-bold transition hover:-translate-y-0.5 disabled:cursor-not-allowed disabled:opacity-75 border-[#BFD7FF] bg-[#EEF6FF] text-[#0B3A7A] hover:border-[#7BAEF9]\"\u001b[39m\n    \u001b[33mtype\u001b[39m=\u001b[32m\"button\"\u001b[39m\n  \u001b[36m/>\u001b[39m\n\n  Name \"Send Fee Reminder Ready\":\n  \u001b[36m<button\u001b[39m\n    \u001b[33maria-label\u001b[39m=\u001b[32m\"Send Fee Reminder Ready\"\u001b[39m\n    \u001b[33mclass\u001b[39m=\u001b[32m\"inline-flex items-center gap-2 rounded-[var(--radius-xs)] border px-3 py-2 text-xs font-bold transition hover:-translate-y-0.5 disabled:cursor-not-allowed disabled:opacity-75 border-[#BFD7FF] bg-[#EEF6FF] text-[#0B3A7A] hover:border-[#7BAEF9]\"\u001b[39m\n    \u001b[33mtype\u001b[39m=\u001b[32m\"button\"\u001b[39m\n  \u001b[36m/>\u001b[39m\n\n  Name \"Open Urgent Tasks Ready\":\n  \u001b[36m<button\u001b[39m\n    \u001b[33maria-label\u001b[39m=\u001b[32m\"Open Urgent Tasks Ready\"\u001b[39m\n    \u001b[33mclass\u001b[39m=\u001b[32m\"inline-flex items-center gap-2 rounded-[var(--radius-xs)] border px-3 py-2 text-xs font-bold transition hover:-translate-y-0.5 disabled:cursor-not-allowed disabled:opacity-75 border-[#BFD7FF] bg-[#EEF6FF] text-[#0B3A7A] hover:border-[#7BAEF9]\"\u001b[39m\n    \u001b[33mtype\u001b[39m=\u001b[32m\"button\"\u001b[39m\n  \u001b[36m/>\u001b[39m\n\n  Name \"Assign Owner Ready\":\n  \u001b[36m<button\u001b[39m\n    \u001b[33maria-label\u001b[39m=\u001b[32m\"Assign Owner Ready\"\u001b[39m\n    \u001b[33mclass\u001b[39m=\u001b[32m\"inline-flex items-center gap-2 rounded-[var(--radius-xs)] border px-3 py-2 text-xs font-bold transition hover:-translate-y-0.5 disabled:cursor-not-allowed disabled:opacity-75 border-[#BFD7FF] bg-[#EEF6FF] text-[#0B3A7A] hover:border-[#7BAEF9]\"\u001b[39m\n    \u001b[33mtype\u001b[39m=\u001b[32m\"button\"\u001b[39m\n  \u001b[36m/>\u001b[39m\n\n  Name \"Record Payment Ready\":\n  \u001b[36m<button\u001b[39m\n    \u001b[33maria-label\u001b[39m=\u001b[32m\"Record Payment Ready\"\u001b[39m\n    \u001b[33mclass\u001b[39m=\u001b[32m\"inline-flex items-center gap-2 rounded-[var(--radius-xs)] border px-3 py-2 text-xs font-bold transition hover:-translate-y-0.5 disabled:cursor-not-allowed disabled:opacity-75 border-[#BFD7FF] bg-[#EEF6FF] text-[#0B3A7A] hover:border-[#7BAEF9]\"\u001b[39m\n    \u001b[33mtype\u001b[39m=\u001b[32m\"button\"\u001b[39m\n  \u001b[36m/>\u001b[39m\n\n  Name \"Send Fee Reminder Ready\":\n  \u001b[36m<button\u001b[39m\n    \u001b[33maria-label\u001b[39m=\u001b[32m\"Send Fee Reminder Ready\"\u001b[39m\n    \u001b[33mclass\u001b[39m=\u001b[32m\"inline-flex items-center gap-2 rounded-[var(--radius-xs)] border px-3 py-2 text-xs font-bold transition hover:-translate-y-0.5 disabled:cursor-not-allowed disabled:opacity-75 border-[#BFD7FF] bg-[#EEF6FF] text-[#0B3A7A] hover:border-[#7BAEF9]\"\u001b[39m\n    \u001b[33mtype\u001b[39m=\u001b[32m\"button\"\u001b[39m\n  \u001b[36m/>\u001b[39m\n\n  Name \"Open Urgent Tasks Ready\":\n  \u001b[36m<button\u001b[39m\n    \u001b[33maria-label\u001b[39m=\u001b[32m\"Open Urgent Tasks Ready\"\u001b[39m\n    \u001b[33mclass\u001b[39m=\u001b[32m\"inline-flex items-center gap-2 rounded-[var(--radius-xs)] border px-3 py-2 text-xs font-bold transition hover:-translate-y-0.5 disabled:cursor-not-allowed disabled:opacity-75 border-[#BFD7FF] bg-[#EEF6FF] text-[#0B3A7A] hover:border-[#7BAEF9]\"\u001b[39m\n    \u001b[33mtype\u001b[39m=\u001b[32m\"button\"\u001b[39m\n  \u001b[36m/>\u001b[39m\n\n  Name \"Assign Owner Ready\":\n  \u001b[36m<button\u001b[39m\n    \u001b[33maria-label\u001b[39m=\u001b[32m\"Assign Owner Ready\"\u001b[39m\n    \u001b[33mclass\u001b[39m=\u001b[32m\"inline-flex items-center gap-2 rounded-[var(--radius-xs)] border px-3 py-2 text-xs font-bold transition hover:-translate-y-0.5 disabled:cursor-not-allowed disabled:opacity-75 border-[#BFD7FF] bg-[#EEF6FF] text-[#0B3A7A] hover:border-[#7BAEF9]\"\u001b[39m\n    \u001b[33mtype\u001b[39m=\u001b[32m\"button\"\u001b[39m\n  \u001b[36m/>\u001b[39m\n\n  Name \"Record Payment Ready\":\n  \u001b[36m<button\u001b[39m\n    \u001b[33maria-label\u001b[39m=\u001b[32m\"Record Payment Ready\"\u001b[39m\n    \u001b[33mclass\u001b[39m=\u001b[32m\"inline-flex items-center gap-2 rounded-[var(--radius-xs)] border px-3 py-2 text-xs font-bold transition hover:-translate-y-0.5 disabled:cursor-not-allowed disabled:opacity-75 border-[#BFD7FF] bg-[#EEF6FF] text-[#0B3A7A] hover:border-[#7BAEF9]\"\u001b[39m\n    \u001b[33mtype\u001b[39m=\u001b[32m\"button\"\u001b[39m\n  \u001b[36m/>\u001b[39m\n\n  Name \"Generate Invoice Ready\":\n  \u001b[36m<button\u001b[39m\n    \u001b[33maria-label\u001b[39m=\u001b[32m\"Generate Invoice Ready\"\u001b[39m\n    \u001b[33mclass\u001b[39m=\u001b[32m\"inline-flex items-center gap-2 rounded-[var(--radius-xs)] border px-3 py-2 text-xs font-bold transition hover:-translate-y-0.5 disabled:cursor-not-allowed disabled:opacity-75 border-[#BFD7FF] bg-[#EEF6FF] text-[#0B3A7A] hover:border-[#7BAEF9]\"\u001b[39m\n    \u001b[33mtype\u001b[39m=\u001b[32m\"button\"\u001b[39m\n  \u001b[36m/>\u001b[39m\n\n  Name \"Open Urgent Tasks Ready\":\n  \u001b[36m<button\u001b[39m\n    \u001b[33maria-label\u001b[39m=\u001b[32m\"Open Urgent Tasks Ready\"\u001b[39m\n    \u001b[33mclass\u001b[39m=\u001b[32m\"inline-flex items-center gap-2 rounded-[var(--radius-xs)] border px-3 py-2 text-xs font-bold transition hover:-translate-y-0.5 disabled:cursor-not-allowed disabled:opacity-75 border-[#BFD7FF] bg-[#EEF6FF] text-[#0B3A7A] hover:border-[#7BAEF9]\"\u001b[39m\n    \u001b[33mtype\u001b[39m=\u001b[32m\"button\"\u001b[39m\n  \u001b[36m/>\u001b[39m\n\n  Name \"Assign Owner Ready\":\n  \u001b[36m<button\u001b[39m\n    \u001b[33maria-label\u001b[39m=\u001b[32m\"Assign Owner Ready\"\u001b[39m\n    \u001b[33mclass\u001b[39m=\u001b[32m\"inline-flex items-center gap-2 rounded-[var(--radius-xs)] border px-3 py-2 text-xs font-bold transition hover:-translate-y-0.5 disabled:cursor-not-allowed disabled:opacity-75 border-[#BFD7FF] bg-[#EEF6FF] text-[#0B3A7A] hover:border-[#7BAEF9]\"\u001b[39m\n    \u001b[33mtype\u001b[39m=\u001b[32m\"button\"\u001b[39m\n  \u001b[36m/>\u001b[39m\n\n  Name \"Record Payment Ready\":\n  \u001b[36m<button\u001b[39m\n    \u001b[33maria-label\u001b[39m=\u001b[32m\"Record Payment Ready\"\u001b[39m\n    \u001b[33mclass\u001b[39m=\u001b[32m\"inline-flex items-center gap-2 rounded-[var(--radius-xs)] border px-3 py-2 text-xs font-bold transition hover:-translate-y-0.5 disabled:cursor-not-allowed disabled:opacity-75 border-[#BFD7FF] bg-[#EEF6FF] text-[#0B3A7A] hover:border-[#7BAEF9]\"\u001b[39m\n    \u001b[33mtype\u001b[39m=\u001b[32m\"button\"\u001b[39m\n  \u001b[36m/>\u001b[39m\n\n  Name \"Generate Invoice Ready\":\n  \u001b[36m<button\u001b[39m\n    \u001b[33maria-label\u001b[39m=\u001b[32m\"Generate Invoice Ready\"\u001b[39m\n    \u001b[33mclass\u001b[39m=\u001b[32m\"inline-flex items-center gap-2 rounded-[var(--radius-xs)] border px-3 py-2 text-xs font-bold transition hover:-translate-y-0.5 disabled:cursor-not-allowed disabled:opacity-75 border-[#BFD7FF] bg-[#EEF6FF] text-[#0B3A7A] hover:border-[#7BAEF9]\"\u001b[39m\n    \u001b[33mtype\u001b[39m=\u001b[32m\"button\"\u001b[39m\n  \u001b[36m/>\u001b[39m\n\n  Name \"Print Receipt Ready\":\n  \u001b[36m<button\u001b[39m\n    \u001b[33maria-label\u001b[39m=\u001b[32m\"Print Receipt Ready\"\u001b[39m\n    \u001b[33mclass\u001b[39m=\u001b[32m\"inline-flex items-center gap-2 rounded-[var(--radius-xs)] border px-3 py-2 text-xs font-bold transition hover:-translate-y-0.5 disabled:cursor-not-allowed disabled:opacity-75 border-[#BFD7FF] bg-[#EEF6FF] text-[#0B3A7A] hover:border-[#7BAEF9]\"\u001b[39m\n    \u001b[33mtype\u001b[39m=\u001b[32m\"button\"\u001b[39m\n  \u001b[36m/>\u001b[39m\n\n  --------------------------------------------------\n  main:\n\n  Name \"\":\n  \u001b[36m<main\u001b[39m\n    \u001b[33mclass\u001b[39m=\u001b[32m\"flex h-full min-w-0 flex-col overflow-hidden\"\u001b[39m\n  \u001b[36m/>\u001b[39m\n\n  --------------------------------------------------\n  banner:\n\n  Name \"\":\n  \u001b[36m<header\u001b[39m\n    \u001b[33mclass\u001b[39m=\u001b[32m\"shrink-0 border-b border-[#D7E0EF] bg-[linear-gradient(135deg,#071D49_0%,#123A7A_58%,#0F172A_100%)] px-4 py-4 text-white shadow-[0_24px_70px_rgba(7,29,73,0.18)] md:px-6\"\u001b[39m\n  \u001b[36m/>\u001b[39m\n\n  --------------------------------------------------\n  article:\n\n  Name \"\":\n  \u001b[36m<article\u001b[39m\n    \u001b[33mclass\u001b[39m=\u001b[32m\"rounded-[var(--radius-sm)] border border-border bg-surface-muted/75 p-4\"\u001b[39m\n  \u001b[36m/>\u001b[39m\n\n  Name \"\":\n  \u001b[36m<article\u001b[39m\n    \u001b[33mclass\u001b[39m=\u001b[32m\"rounded-[var(--radius-sm)] border border-border bg-surface-muted/75 p-4\"\u001b[39m\n  \u001b[36m/>\u001b[39m\n\n  Name \"\":\n  \u001b[36m<article\u001b[39m\n    \u001b[33mclass\u001b[39m=\u001b[32m\"rounded-[var(--radius-sm)] border border-border bg-surface-muted/75 p-4\"\u001b[39m\n  \u001b[36m/>\u001b[39m\n\n  Name \"\":\n  \u001b[36m<article\u001b[39m\n    \u001b[33mclass\u001b[39m=\u001b[32m\"rounded-[var(--radius-sm)] border border-border bg-surface-muted/75 p-4\"\u001b[39m\n  \u001b[36m/>\u001b[39m\n\n  Name \"\":\n  \u001b[36m<article\u001b[39m\n    \u001b[33mclass\u001b[39m=\u001b[32m\"rounded-[var(--radius-sm)] border border-border bg-surface-muted/75 p-4\"\u001b[39m\n  \u001b[36m/>\u001b[39m\n\n  --------------------------------------------------\n\nIgnored nodes: comments, script, style\n\u001b[36m<body>\u001b[39m\n  \u001b[36m<div />\u001b[39m\n  \u001b[36m<div>\u001b[39m\n    \u001b[36m<div\u001b[39m\n      \u001b[33mclass\u001b[39m=\u001b[32m\"h-screen overflow-hidden bg-[#F3F6FA]\"\u001b[39m\n      \u001b[33mdata-testid\u001b[39m=\u001b[32m\"role-operational-command-center\"\u001b[39m\n    \u001b[36m>\u001b[39m\n      \u001b[36m<div\u001b[39m\n        \u001b[33mclass\u001b[39m=\u001b[32m\"mx-auto grid h-full max-w-[1500px] gap-0 lg:grid-cols-[292px_minmax(0,1fr)]\"\u001b[39m\n      \u001b[36m>\u001b[39m\n        \u001b[36m<aside\u001b[39m\n          \u001b[33mclass\u001b[39m=\u001b[32m\"h-full overflow-y-auto border-r border-[#D7E0EF] bg-[linear-gradient(180deg,#071D49_0%,#102E63_58%,#0F172A_100%)] p-4 text-white\"\u001b[39m\n        \u001b[36m>\u001b[39m\n          \u001b[36m<div\u001b[39m\n            \u001b[33mclass\u001b[39m=\u001b[32m\"rounded-2xl border border-white/12 bg-white/[0.08] p-4 backdrop-blur\"\u001b[39m\n          \u001b[36m>\u001b[39m\n            \u001b[36m<div\u001b[39m\n              \u001b[33mclass\u001b[39m=\u001b[32m\"flex items-center gap-2\"\u001b[39m\n            \u001b[36m>\u001b[39m\n              \u001b[36m<svg\u001b[39m\n                \u001b[33maria-hidden\u001b[39m=\u001b[32m\"true\"\u001b[39m\n                \u001b[33mclass\u001b[39m=\u001b[32m\"lucide lucide-layout-dashboard h-4 w-4 text-cyan-200\"\u001b[39m\n                \u001b[33mfill\u001b[39m=\u001b[32m\"none\"\u001b[39m\n                \u001b[33mheight\u001b[39m=\u001b[32m\"24\"\u001b[39m\n                \u001b[33mstroke\u001b[39m=\u001b[32m\"currentColor\"\u001b[39m\n                \u001b[33mstroke-linecap\u001b[39m=\u001b[32m\"round\"\u001b[39m\n                \u001b[33mstroke-linejoin\u001b[39m=\u001b[32m\"round\"\u001b[39m\n                \u001b[33mstroke-width\u001b[39m=\u001b[32m\"2\"\u001b[39m\n                \u001b[33mviewBox\u001b[39m=\u001b[32m\"0 0 24 24\"\u001b[39m\n                \u001b[33mwidth\u001b[39m=\u001b[32m\"24\"\u001b[39m\n                \u001b[33mxmlns\u001b[39m=\u001b[32m\"http://www.w3.org/2000/svg\"\u001b[39m\n              \u001b[36m>\u001b[39m\n                \u001b[36m<rect\u001b[39m\n                  \u001b[33mheight\u001b[39m=\u001b[32m\"9\"\u001b[39m\n                  \u001b[33mrx\u001b[39m=\u001b[32m\"1\"\u001b[39m\n                  \u001b[33mwidth\u001b[39m=\u001b[32m\"7\"\u001b[39m\n                  \u001b[33mx\u001b[39m=\u001b[32m\"3\"\u001b[39m\n                  \u001b[33my\u001b[39m=\u001b[32m\"3\"\u001b[39m\n                \u001b[36m/>\u001b[39m\n                \u001b[36m<rect\u001b[39m\n                  \u001b[33mheight\u001b[39m=\u001b[32m\"5\"\u001b[39m\n                  \u001b[33mrx\u001b[39m=\u001b[32m\"1\"\u001b[39m\n                  \u001b[33mwidth\u001b[39m=\u001b[32m\"7\"\u001b[39m\n                  \u001b[33mx\u001b[39m=\u001b[32m\"14\"\u001b[39m\n                  \u001b[33my\u001b[39m=\u001b[32m\"3\"\u001b[39m\n                \u001b[36m/>\u001b[39m\n                \u001b[36m<rect\u001b[39m\n                  \u001b[33mheight\u001b[39m=\u001b[32m\"9\"\u001b[39m\n                  \u001b[33mrx\u001b[39m=\u001b[32m\"1\"\u001b[39m\n                  \u001b[33mwidth\u001b[39m=\u001b[32m\"7\"\u001b[39m\n                  \u001b[33mx\u001b[39m=\u001b[32m\"14\"\u001b[39m\n                  \u001b[33my\u001b[39m=\u001b[32m\"12\"\u001b[39m\n                \u001b[36m/>\u001b[39m\n                \u001b[36m<rect\u001b[39m\n                  \u001b[33mheight\u001b[39m=\u001b[32m\"5\"\u001b[39m\n                  \u001b[33mrx\u001b[39m=\u001b[32m\"1\"\u001b[39m\n                  \u001b[33mwidth\u001b[39m=\u001b[32m\"7\"\u001b[39m\n                  \u001b[33mx\u001b[39m=\u001b[32m\"3\"\u001b[39m\n                  \u001b[33my\u001b[39m=\u001b[32m\"16\"\u001b[39m\n                \u001b[36m/>\u001b[39m\n              \u001b[36m</svg>\u001b[39m\n              \u001b[36m<p\u001b[39m\n                \u001b[33mclass\u001b[39m=\u001b[32m\"text-xs font-black uppercase tracking-[0.18em] text-cyan-100/80\"\u001b[39m\n              \u001b[36m>\u001b[39m\n                \u001b[0mRole menu\u001b[0m\n              \u001b[36m</p>\u001b[39m\n            \u001b[36m</div>\u001b[39m\n            \u001b[36m<h1\u001b[39m\n              \u001b[33mclass\u001b[39m=\u001b[32m\"mt-3 text-2xl font-black tracking-tight\"\u001b[39m\n            \u001b[36m>\u001b[39m\n              \u001b[0mFee Desk\u001b[0m\n            \u001b[36m</h1>\u001b[39m\n            \u001b[36m<p\u001b[39m\n              \u001b[33mclass\u001b[39m=\u001b[32m\"mt-2 text-xs font-semibold leading-5 text-white/62\"\u001b[39m\n            \u001b[36m>\u001b[39m\n              \u001b[0mPayments and balances\u001b[0m\n            \u001b[36m</p>\u001b[39m\n          \u001b[36m</div>\u001b[39m\n          \u001b[36m<nav\u001b[39m\n            \u001b[33maria-label\u001b[39m=\u001b[32m\"Bursar operational sidebar\"\u001b[39m\n            \u001b[33mclass\u001b[39m=\u001b[32m\"mt-4 grid gap-2\"\u001b[39m\n          \u001b[36m>\u001b[39m\n            \u001b[36m<button\u001b[39m\n              \u001b[33maria-current\u001b[39m=\u001b[32m\"page\"\u001b[39m\n              \u001b[33mclass\u001b[39m=\u001b[32m\"flex items-center justify-between rounded-xl border px-3 py-2 text-left text-xs font-bold transition hover:-translate-y-0.5 border-cyan-200/35 bg-cyan-200/14 text-white shadow-[0_0_24px_rgba(34,211,238,0.16)]\"\u001b[39m\n              \u001b[33mtype\u001b[39m=\u001b[32m\"button\"\u001b[39m\n            \u001b[36m>\u001b[39m\n              \u001b[36m<span>\u001b[39m\n                \u001b[0mFinance Command Center\u001b[0m\n              \u001b[36m</span>\u001b[39m\n              \u001b[36m<span\u001b[39m\n                \u001b[33mclass\u001b[39m=\u001b[32m\"inline-flex items-center gap-1.5 rounded-full px-2.5 py-0.5 text-[11px] font-semibold leading-tight whitespace-nowrap border border-success/25 bg-success-soft text-success shadow-[0_0_18px_rgba(52,211,153,0.08)]\"\u001b[39m\n              \u001b[36m>\u001b[39m\n                \u001b[36m<svg\u001b[39m\n                  \u001b[33maria-hidden\u001b[39m=\u001b[32m\"true\"\u001b[39m\n                  \u001b[33mclass\u001b[39m=\u001b[32m\"lucide lucide-circle-check h-3 w-3\"\u001b[39m\n                  \u001b[33mfill\u001b[39m=\u001b[32m\"none\"\u001b[39m\n                  \u001b[33mheight\u001b[39m=\u001b[32m\"24\"\u001b[39m\n                  \u001b[33mstroke\u001b[39m=\u001b[32m\"currentColor\"\u001b[39m\n                  \u001b[33mstroke-linecap\u001b[39m=\u001b[32m\"round\"\u001b[39m\n                  \u001b[33mstroke-linejoin\u001b[39m=\u001b[32m\"round\"\u001b[39m\n                  \u001b[33mstroke-width\u001b[39m=\u001b[32m\"2\"\u001b[39m\n                  \u001b[33mviewBox\u001b[39m=\u001b[32m\"0 0 24 24\"\u001b[39m\n                  \u001b[33mwidth\u001b[39m=\u001b[32m\"24\"\u001b[39m\n                  \u001b[33mxmlns\u001b[39m=\u001b[32m\"http://www.w3.org/2000/svg\"\u001b[39m\n                \u001b[36m>\u001b[39m\n                  \u001b[36m<circle\u001b[39m\n                    \u001b[33mcx\u001b[39m=\u001b[32m\"12\"\u001b[39m\n                    \u001b[33mcy\u001b[39m=\u001b[32m\"12\"\u001b[39m\n                    \u001b[33mr\u001b[39m=\u001b[32m\"10\"\u001b[39m\n                  \u001b[36m/>\u001b[39m\n                  \u001b[36m<path\u001b[39m\n                    \u001b[33md\u001b[39m=\u001b[32m\"m9 12 2 2 4-4\"\u001b[39m\n                  \u001b[36m/>\u001b[39m\n                \u001b[36m</svg>\u001b[39m\n                \u001b[0mActive\u001b[0m\n              \u001b[36m</span>\u001b[39m\n            \u001b[36m</button>\u001b[39m\n            \u001b[36m<button\u001b[39m\n              \u001b[33mclass\u001b[39m=\u001b[32m\"flex items-center justify-between rounded-xl border px-3 py-2 text-left text-xs font-bold transition hover:-translate-y-0.5 border-white/10 bg-white/[0.06] text-white/78 hover:bg-white/[0.1]\"\u001b[39m\n              \u001b[33mtype\u001b[39m=\u001b[32m\"button\"\u001b[39m\n            \u001b[36m>\u001b[39m\n              \u001b[36m<span>\u001b[39m\n                \u001b[0mFee Structures\u001b[0m\n              \u001b[36m</span>\u001b[39m\n              \u001b[36m<span\u001b[39m\n                \u001b[33mclass\u001b[39m=\u001b[32m\"rounded-full bg-warning-soft px-2 py-0.5 text-[10px] font-black text-warning\"\u001b[39m\n              \u001b[36m>\u001b[39m\n                \u001b[0m2\u001b[0m\n              \u001b[36m</span>\u001b[39m\n            \u001b[36m</button>\u001b[39m\n            \u001b[36m<button\u001b[39m\n              \u001b[33mclass\u001b[39m=\u001b[32m\"flex items-center justify-between rounded-xl border px-3 py-2 text-left text-xs font-bold transition hover:-translate-y-0.5 border-white/10 bg-white/[0.06] text-white/78 hover:bg-white/[0.1]\"\u001b[39m\n              \u001b[33mtype\u001b[39m=\u001b[32m\"button\"\u001b[39m\n            \u001b[36m>\u001b[39m\n              \u001b[36m<span>\u001b[39m\n                \u001b[0mInvoices\u001b[0m\n              \u001b[36m</span>\u001b[39m\n              \u001b[36m<span\u001b[39m\n                \u001b[33mclass\u001b[39m=\u001b[32m\"rounded-full bg-warning-soft px-2 py-0.5 text-[10px] font-black text-warning\"\u001b[39m\n              \u001b[36m>\u001b[39m\n                \u001b[0m3\u001b[0m\n              \u001b[36m</s...\n    at Object.getElementError (C:\\Users\\user\\Desktop\\PROJECTS\\Shule hub\\apps\\web\\node_modules\\@testing-library\\dom\\dist\\config.js:37:19)\n    at C:\\Users\\user\\Desktop\\PROJECTS\\Shule hub\\apps\\web\\node_modules\\@testing-library\\dom\\dist\\query-helpers.js:76:38\n    at C:\\Users\\user\\Desktop\\PROJECTS\\Shule hub\\apps\\web\\node_modules\\@testing-library\\dom\\dist\\query-helpers.js:52:17\n    at C:\\Users\\user\\Desktop\\PROJECTS\\Shule hub\\apps\\web\\node_modules\\@testing-library\\dom\\dist\\query-helpers.js:95:19\n    at Object.getByRole (C:\\Users\\user\\Desktop\\PROJECTS\\Shule hub\\apps\\web\\tests\\design\\layout.test.tsx:69:19)\n    at runNextTicks (node:internal/process/task_queues:65:5)\n    at listOnTimeout (node:internal/timers:549:9)\n    at processTimers (node:internal/timers:523:7)"],"fullName":"STEP 1: Layout tests does not reuse the same shell across platform, school, and portal experiences","invocations":1,"location":null,"numPassingAsserts":2,"retryReasons":[],"startAt":1779902118104,"status":"failed","title":"does not reuse the same shell across platform, school, and portal experiences"},{"ancestorTitles":["STEP 1: Layout tests"],"duration":2651,"failing":false,"failureDetails":[],"failureMessages":[],"fullName":"STEP 1: Layout tests renders the parent portal as a MyShule family intelligence center","invocations":1,"location":null,"numPassingAsserts":22,"retryReasons":[],"startAt":1779902122588,"status":"passed","title":"renders the parent portal as a MyShule family intelligence center"}],"endTime":1779902125371,"message":"  ● STEP 1: Layout tests › does not reuse the same shell across platform, school, and portal experiences\n\n    TestingLibraryElementError: Unable to find an accessible element with the role \"heading\" and name `/bursar operational command center/i`\n\n    Here are the accessible roles:\n\n      complementary:\n\n      Name \"\":\n      \u001b[36m<aside\u001b[39m\n        \u001b[33mclass\u001b[39m=\u001b[32m\"h-full overflow-y-auto border-r border-[#D7E0EF] bg-[linear-gradient(180deg,#071D49_0%,#102E63_58%,#0F172A_100%)] p-4 text-white\"\u001b[39m\n      \u001b[36m/>\u001b[39m\n\n      --------------------------------------------------\n      paragraph:\n\n      Name \"\":\n      \u001b[36m<p\u001b[39m\n        \u001b[33mclass\u001b[39m=\u001b[32m\"text-xs font-black uppercase tracking-[0.18em] text-cyan-100/80\"\u001b[39m\n      \u001b[36m/>\u001b[39m\n\n      Name \"\":\n      \u001b[36m<p\u001b[39m\n        \u001b[33mclass\u001b[39m=\u001b[32m\"mt-2 text-xs font-semibold leading-5 text-white/62\"\u001b[39m\n      \u001b[36m/>\u001b[39m\n\n      Name \"\":\n      \u001b[36m<p\u001b[39m\n        \u001b[33mclass\u001b[39m=\u001b[32m\"text-sm font-black leading-tight tracking-normal sm:text-base text-white\"\u001b[39m\n      \u001b[36m/>\u001b[39m\n\n      Name \"\":\n      \u001b[36m<p\u001b[39m\n        \u001b[33mclass\u001b[39m=\u001b[32m\"mt-1 text-xs font-semibold leading-5 text-white/70\"\u001b[39m\n      \u001b[36m/>\u001b[39m\n\n      Name \"\":\n      \u001b[36m<p\u001b[39m\n        \u001b[33mclass\u001b[39m=\u001b[32m\"text-xs font-black uppercase tracking-[0.2em] text-cyan-100/75\"\u001b[39m\n      \u001b[36m/>\u001b[39m\n\n      Name \"\":\n      \u001b[36m<p\u001b[39m\n        \u001b[33mclass\u001b[39m=\u001b[32m\"mt-1 max-w-4xl text-sm leading-6 text-white/76\"\u001b[39m\n      \u001b[36m/>\u001b[39m\n\n      Name \"\":\n      \u001b[36m<p\u001b[39m\n        \u001b[33mclass\u001b[39m=\u001b[32m\"text-xs font-black uppercase tracking-[0.14em] text-muted\"\u001b[39m\n      \u001b[36m/>\u001b[39m\n\n      Name \"\":\n      \u001b[36m<p\u001b[39m\n        \u001b[33mclass\u001b[39m=\u001b[32m\"mt-2 text-2xl font-black text-foreground\"\u001b[39m\n      \u001b[36m/>\u001b[39m\n\n      Name \"\":\n      \u001b[36m<p\u001b[39m\n        \u001b[33mclass\u001b[39m=\u001b[32m\"mt-1 text-xs font-semibold leading-5 text-muted\"\u001b[39m\n      \u001b[36m/>\u001b[39m\n\n      Name \"\":\n      \u001b[36m<p\u001b[39m\n        \u001b[33mclass\u001b[39m=\u001b[32m\"mt-3 rounded-xl border border-border bg-surface-muted px-3 py-2 text-[11px] font-semibold text-muted\"\u001b[39m\n      \u001b[36m/>\u001b[39m\n\n      Name \"\":\n      \u001b[36m<p\u001b[39m\n        \u001b[33mclass\u001b[39m=\u001b[32m\"text-xs font-black uppercase tracking-[0.14em] text-muted\"\u001b[39m\n      \u001b[36m/>\u001b[39m\n\n      Name \"\":\n      \u001b[36m<p\u001b[39m\n        \u001b[33mclass\u001b[39m=\u001b[32m\"mt-2 text-2xl font-black text-foreground\"\u001b[39m\n      \u001b[36m/>\u001b[39m\n\n      Name \"\":\n      \u001b[36m<p\u001b[39m\n        \u001b[33mclass\u001b[39m=\u001b[32m\"mt-1 text-xs font-semibold leading-5 text-muted\"\u001b[39m\n      \u001b[36m/>\u001b[39m\n\n      Name \"\":\n      \u001b[36m<p\u001b[39m\n        \u001b[33mclass\u001b[39m=\u001b[32m\"mt-3 rounded-xl border border-border bg-surface-muted px-3 py-2 text-[11px] font-semibold text-muted\"\u001b[39m\n      \u001b[36m/>\u001b[39m\n\n      Name \"\":\n      \u001b[36m<p\u001b[39m\n        \u001b[33mclass\u001b[39m=\u001b[32m\"text-xs font-black uppercase tracking-[0.14em] text-muted\"\u001b[39m\n      \u001b[36m/>\u001b[39m\n\n      Name \"\":\n      \u001b[36m<p\u001b[39m\n        \u001b[33mclass\u001b[39m=\u001b[32m\"mt-2 text-2xl font-black text-foreground\"\u001b[39m\n      \u001b[36m/>\u001b[39m\n\n      Name \"\":\n      \u001b[36m<p\u001b[39m\n        \u001b[33mclass\u001b[39m=\u001b[32m\"mt-1 text-xs font-semibold leading-5 text-muted\"\u001b[39m\n      \u001b[36m/>\u001b[39m\n\n      Name \"\":\n      \u001b[36m<p\u001b[39m\n        \u001b[33mclass\u001b[39m=\u001b[32m\"mt-3 rounded-xl border border-border bg-surface-muted px-3 py-2 text-[11px] font-semibold text-muted\"\u001b[39m\n      \u001b[36m/>\u001b[39m\n\n      Name \"\":\n      \u001b[36m<p\u001b[39m\n        \u001b[33mclass\u001b[39m=\u001b[32m\"text-xs font-black uppercase tracking-[0.14em] text-muted\"\u001b[39m\n      \u001b[36m/>\u001b[39m\n\n      Name \"\":\n      \u001b[36m<p\u001b[39m\n        \u001b[33mclass\u001b[39m=\u001b[32m\"mt-2 text-2xl font-black text-foreground\"\u001b[39m\n      \u001b[36m/>\u001b[39m\n\n      Name \"\":\n      \u001b[36m<p\u001b[39m\n        \u001b[33mclass\u001b[39m=\u001b[32m\"mt-1 text-xs font-semibold leading-5 text-muted\"\u001b[39m\n      \u001b[36m/>\u001b[39m\n\n      Name \"\":\n      \u001b[36m<p\u001b[39m\n        \u001b[33mclass\u001b[39m=\u001b[32m\"mt-3 rounded-xl border border-border bg-surface-muted px-3 py-2 text-[11px] font-semibold text-muted\"\u001b[39m\n      \u001b[36m/>\u001b[39m\n\n      Name \"\":\n      \u001b[36m<p\u001b[39m\n        \u001b[33mclass\u001b[39m=\u001b[32m\"text-xs font-black uppercase tracking-[0.16em] text-[#40608F]\"\u001b[39m\n      \u001b[36m/>\u001b[39m\n\n      Name \"\":\n      \u001b[36m<p\u001b[39m\n        \u001b[33mclass\u001b[39m=\u001b[32m\"text-xl font-black text-[#071D49]\"\u001b[39m\n      \u001b[36m/>\u001b[39m\n\n      Name \"\":\n      \u001b[36m<p\u001b[39m\n        \u001b[33mclass\u001b[39m=\u001b[32m\"eyebrow\"\u001b[39m\n      \u001b[36m/>\u001b[39m\n\n      Name \"\":\n      \u001b[36m<p\u001b[39m\n        \u001b[33mclass\u001b[39m=\u001b[32m\"eyebrow\"\u001b[39m\n      \u001b[36m/>\u001b[39m\n\n      Name \"\":\n      \u001b[36m<p\u001b[39m\n        \u001b[33mclass\u001b[39m=\u001b[32m\"mt-1 max-w-2xl text-sm font-semibold leading-6 text-[#40608F]\"\u001b[39m\n      \u001b[36m/>\u001b[39m\n\n      Name \"\":\n      \u001b[36m<p\u001b[39m\n        \u001b[33mclass\u001b[39m=\u001b[32m\"text-sm font-black text-[#071D49]\"\u001b[39m\n      \u001b[36m/>\u001b[39m\n\n      Name \"\":\n      \u001b[36m<p\u001b[39m\n        \u001b[33mclass\u001b[39m=\u001b[32m\"mt-1 text-xs font-semibold leading-5 text-[#52657F]\"\u001b[39m\n      \u001b[36m/>\u001b[39m\n\n      Name \"\":\n      \u001b[36m<p\u001b[39m\n        \u001b[33mclass\u001b[39m=\u001b[32m\"mt-2 text-[11px] font-black uppercase tracking-[0.14em] text-[#40608F]\"\u001b[39m\n      \u001b[36m/>\u001b[39m\n\n      Name \"\":\n      \u001b[36m<p\u001b[39m\n        \u001b[33mclass\u001b[39m=\u001b[32m\"text-sm font-black text-[#071D49]\"\u001b[39m\n      \u001b[36m/>\u001b[39m\n\n      Name \"\":\n      \u001b[36m<p\u001b[39m\n        \u001b[33mclass\u001b[39m=\u001b[32m\"mt-1 text-xs font-semibold leading-5 text-[#52657F]\"\u001b[39m\n      \u001b[36m/>\u001b[39m\n\n      Name \"\":\n      \u001b[36m<p\u001b[39m\n        \u001b[33mclass\u001b[39m=\u001b[32m\"mt-2 text-[11px] font-black uppercase tracking-[0.14em] text-[#40608F]\"\u001b[39m\n      \u001b[36m/>\u001b[39m\n\n      Name \"\":\n      \u001b[36m<p\u001b[39m\n        \u001b[33mclass\u001b[39m=\u001b[32m\"text-sm font-black text-[#071D49]\"\u001b[39m\n      \u001b[36m/>\u001b[39m\n\n      Name \"\":\n      \u001b[36m<p\u001b[39m\n        \u001b[33mclass\u001b[39m=\u001b[32m\"mt-1 text-xs font-semibold leading-5 text-[#52657F]\"\u001b[39m\n      \u001b[36m/>\u001b[39m\n\n      Name \"\":\n      \u001b[36m<p\u001b[39m\n        \u001b[33mclass\u001b[39m=\u001b[32m\"mt-2 text-[11px] font-black uppercase tracking-[0.14em] text-[#40608F]\"\u001b[39m\n      \u001b[36m/>\u001b[39m\n\n      Name \"\":\n      \u001b[36m<p\u001b[39m\n        \u001b[33mclass\u001b[39m=\u001b[32m\"text-sm font-black text-[#071D49]\"\u001b[39m\n      \u001b[36m/>\u001b[39m\n\n      Name \"\":\n      \u001b[36m<p\u001b[39m\n        \u001b[33mclass\u001b[39m=\u001b[32m\"mt-1 text-xs font-semibold leading-5 text-[#52657F]\"\u001b[39m\n      \u001b[36m/>\u001b[39m\n\n      Name \"\":\n      \u001b[36m<p\u001b[39m\n        \u001b[33mclass\u001b[39m=\u001b[32m\"mt-2 text-[11px] font-black uppercase tracking-[0.14em] text-[#40608F]\"\u001b[39m\n      \u001b[36m/>\u001b[39m\n\n      Name \"\":\n      \u001b[36m<p\u001b[39m\n        \u001b[33mclass\u001b[39m=\u001b[32m\"text-sm font-black text-[#071D49]\"\u001b[39m\n      \u001b[36m/>\u001b[39m\n\n      Name \"\":\n      \u001b[36m<p\u001b[39m\n        \u001b[33mclass\u001b[39m=\u001b[32m\"mt-1 text-xs font-semibold leading-5 text-[#52657F]\"\u001b[39m\n      \u001b[36m/>\u001b[39m\n\n      Name \"\":\n      \u001b[36m<p\u001b[39m\n        \u001b[33mclass\u001b[39m=\u001b[32m\"mt-2 text-[11px] font-black uppercase tracking-[0.14em] text-[#40608F]\"\u001b[39m\n      \u001b[36m/>\u001b[39m\n\n      Name \"\":\n      \u001b[36m<p\u001b[39m\n        \u001b[33mclass\u001b[39m=\u001b[32m\"text-sm font-black text-[#071D49]\"\u001b[39m\n      \u001b[36m/>\u001b[39m\n\n      Name \"\":\n      \u001b[36m<p\u001b[39m\n        \u001b[33mclass\u001b[39m=\u001b[32m\"mt-1 text-xs font-semibold leading-5 text-[#52657F]\"\u001b[39m\n      \u001b[36m/>\u001b[39m\n\n      Name \"\":\n      \u001b[36m<p\u001b[39m\n        \u001b[33mclass\u001b[39m=\u001b[32m\"mt-2 text-[11px] font-black uppercase tracking-[0.14em] text-[#40608F]\"\u001b[39m\n      \u001b[36m/>\u001b[39m\n\n      Name \"\":\n      \u001b[36m<p\u001b[39m\n        \u001b[33mclass\u001b[39m=\u001b[32m\"text-sm font-black text-[#071D49]\"\u001b[39m\n      \u001b[36m/>\u001b[39m\n\n      Name \"\":\n      \u001b[36m<p\u001b[39m\n        \u001b[33mclass\u001b[39m=\u001b[32m\"mt-1 text-xs font-semibold leading-5 text-[#52657F]\"\u001b[39m\n      \u001b[36m/>\u001b[39m\n\n      Name \"\":\n      \u001b[36m<p\u001b[39m\n        \u001b[33mclass\u001b[39m=\u001b[32m\"mt-2 text-[11px] font-black uppercase tracking-[0.14em] text-[#40608F]\"\u001b[39m\n      \u001b[36m/>\u001b[39m\n\n      Name \"\":\n      \u001b[36m<p\u001b[39m\n        \u001b[33mclass\u001b[39m=\u001b[32m\"text-sm font-black text-[#071D49]\"\u001b[39m\n      \u001b[36m/>\u001b[39m\n\n      Name \"\":\n      \u001b[36m<p\u001b[39m\n        \u001b[33mclass\u001b[39m=\u001b[32m\"mt-1 text-xs font-semibold leading-5 text-[#52657F]\"\u001b[39m\n      \u001b[36m/>\u001b[39m\n\n      Name \"\":\n      \u001b[36m<p\u001b[39m\n        \u001b[33mclass\u001b[39m=\u001b[32m\"mt-2 text-[11px] font-black uppercase tracking-[0.14em] text-[#40608F]\"\u001b[39m\n      \u001b[36m/>\u001b[39m\n\n      Name \"\":\n      \u001b[36m<p\u001b[39m\n        \u001b[33mclass\u001b[39m=\u001b[32m\"text-sm font-black text-[#071D49]\"\u001b[39m\n      \u001b[36m/>\u001b[39m\n\n      Name \"\":\n      \u001b[36m<p\u001b[39m\n        \u001b[33mclass\u001b[39m=\u001b[32m\"mt-1 text-xs font-semibold leading-5 text-[#52657F]\"\u001b[39m\n      \u001b[36m/>\u001b[39m\n\n      Name \"\":\n      \u001b[36m<p\u001b[39m\n        \u001b[33mclass\u001b[39m=\u001b[32m\"mt-2 text-[11px] font-black uppercase tracking-[0.14em] text-[#40608F]\"\u001b[39m\n      \u001b[36m/>\u001b[39m\n\n      Name \"\":\n      \u001b[36m<p\u001b[39m\n        \u001b[33mclass\u001b[39m=\u001b[32m\"text-sm font-black text-[#071D49]\"\u001b[39m\n      \u001b[36m/>\u001b[39m\n\n      Name \"\":\n      \u001b[36m<p\u001b[39m\n        \u001b[33mclass\u001b[39m=\u001b[32m\"mt-1 text-xs font-semibold leading-5 text-[#52657F]\"\u001b[39m\n      \u001b[36m/>\u001b[39m\n\n      Name \"\":\n      \u001b[36m<p\u001b[39m\n        \u001b[33mclass\u001b[39m=\u001b[32m\"mt-2 text-[11px] font-black uppercase tracking-[0.14em] text-[#40608F]\"\u001b[39m\n      \u001b[36m/>\u001b[39m\n\n      Name \"\":\n      \u001b[36m<p\u001b[39m\n        \u001b[33mclass\u001b[39m=\u001b[32m\"text-sm font-black text-[#071D49]\"\u001b[39m\n      \u001b[36m/>\u001b[39m\n\n      Name \"\":\n      \u001b[36m<p\u001b[39m\n        \u001b[33mclass\u001b[39m=\u001b[32m\"mt-1 text-xs font-semibold leading-5 text-[#52657F]\"\u001b[39m\n      \u001b[36m/>\u001b[39m\n\n      Name \"\":\n      \u001b[36m<p\u001b[39m\n        \u001b[33mclass\u001b[39m=\u001b[32m\"mt-2 text-[11px] font-black uppercase tracking-[0.14em] text-[#40608F]\"\u001b[39m\n      \u001b[36m/>\u001b[39m\n\n      Name \"\":\n      \u001b[36m<p\u001b[39m\n        \u001b[33mclass\u001b[39m=\u001b[32m\"eyebrow\"\u001b[39m\n      \u001b[36m/>\u001b[39m\n\n      Name \"\":\n      \u001b[36m<p\u001b[39m\n        \u001b[33mclass\u001b[39m=\u001b[32m\"eyebrow\"\u001b[39m\n      \u001b[36m/>\u001b[39m\n\n      Name \"\":\n      \u001b[36m<p\u001b[39m\n        \u001b[33mclass\u001b[39m=\u001b[32m\"mt-2 max-w-2xl text-sm leading-6 text-muted\"\u001b[39m\n      \u001b[36m/>\u001b[39m\n\n      Name \"\":\n      \u001b[36m<p\u001b[39m\n        \u001b[33mclass\u001b[39m=\u001b[32m\"mt-3 text-[10px] font-black uppercase tracking-[0.14em] text-muted\"\u001b[39m\n      \u001b[36m/>\u001b[39m\n\n      Name \"\":\n      \u001b[36m<p\u001b[39m\n        \u001b[33mclass\u001b[39m=\u001b[32m\"mt-3 text-[10px] font-black uppercase tracking-[0.14em] text-muted\"\u001b[39m\n      \u001b[36m/>\u001b[39m\n\n      Name \"\":\n      \u001b[36m<p\u001b[39m\n        \u001b[33mclass\u001b[39m=\u001b[32m\"mt-3 text-[10px] font-black uppercase tracking-[0.14em] text-muted\"\u001b[39m\n      \u001b[36m/>\u001b[39m\n\n      Name \"\":\n      \u001b[36m<p\u001b[39m\n        \u001b[33mclass\u001b[39m=\u001b[32m\"mt-3 text-[10px] font-black uppercase tracking-[0.14em] text-muted\"\u001b[39m\n      \u001b[36m/>\u001b[39m\n\n      Name \"\":\n      \u001b[36m<p\u001b[39m\n        \u001b[33mclass\u001b[39m=\u001b[32m\"mt-3 text-[10px] font-black uppercase tracking-[0.14em] text-muted\"\u001b[39m\n      \u001b[36m/>\u001b[39m\n\n      Name \"\":\n      \u001b[36m<p\u001b[39m\n        \u001b[33mclass\u001b[39m=\u001b[32m\"shrink-0 flex items-center gap-2 rounded-xl border border-[#D7E0EF] bg-white/70 px-3 py-2 text-xs font-semibold text-[#40608F]\"\u001b[39m\n      \u001b[36m/>\u001b[39m\n\n      --------------------------------------------------\n      heading:\n\n      Name \"Fee Desk\":\n      \u001b[36m<h1\u001b[39m\n        \u001b[33mclass\u001b[39m=\u001b[32m\"mt-3 text-2xl font-black tracking-tight\"\u001b[39m\n      \u001b[36m/>\u001b[39m\n\n      Name \"Accountant Fee Collection\":\n      \u001b[36m<h2\u001b[39m\n        \u001b[33mclass\u001b[39m=\u001b[32m\"mt-1 text-2xl font-black tracking-tight\"\u001b[39m\n      \u001b[36m/>\u001b[39m\n\n      Name \"Needs attention today\":\n      \u001b[36m<h3\u001b[39m\n        \u001b[33mclass\u001b[39m=\u001b[32m\"mt-1 text-base font-black text-foreground\"\u001b[39m\n      \u001b[36m/>\u001b[39m\n\n      Name \"School-wide activity is active\":\n      \u001b[36m<h3\u001b[39m\n        \u001b[33mclass\u001b[39m=\u001b[32m\"mt-1 text-lg font-black text-[#071D49]\"\u001b[39m\n      \u001b[36m/>\u001b[39m\n\n      Name \"What requires action right now?\":\n      \u001b[36m<h3\u001b[39m\n        \u001b[33mclass\u001b[39m=\u001b[32m\"text-lg font-black text-foreground\"\u001b[39m\n      \u001b[36m/>\u001b[39m\n\n      Name \"Useful school actions\":\n      \u001b[36m<h3\u001b[39m\n        \u001b[33mclass\u001b[39m=\u001b[32m\"mt-1 text-base font-black text-foreground\"\u001b[39m\n      \u001b[36m/>\u001b[39m\n\n      Name \"Finance Command Center today’s work\":\n      \u001b[36m<h2\u001b[39m\n        \u001b[33mclass\u001b[39m=\u001b[32m\"mt-2 text-lg font-bold text-foreground\"\u001b[39m\n      \u001b[36m/>\u001b[39m\n\n      Name \"Fee payment updated across offices\":\n      \u001b[36m<h3\u001b[39m\n        \u001b[33mclass\u001b[39m=\u001b[32m\"text-sm font-bold text-foreground\"\u001b[39m\n      \u001b[36m/>\u001b[39m\n\n      Name \"New learner admitted\":\n      \u001b[36m<h3\u001b
[...]
01b[36m</p>\u001b[39m\n          \u001b[36m<p>\u001b[39m\n            \u001b[0mAction history will recor...\n    at Object.getElementError (C:\\Users\\user\\Desktop\\PROJECTS\\Shule hub\\apps\\web\\node_modules\\@testing-library\\dom\\dist\\config.js:37:19)\n    at getElementError (C:\\Users\\user\\Desktop\\PROJECTS\\Shule hub\\apps\\web\\node_modules\\@testing-library\\dom\\dist\\query-helpers.js:20:35)\n    at getMultipleElementsFoundError (C:\\Users\\user\\Desktop\\PROJECTS\\Shule hub\\apps\\web\\node_modules\\@testing-library\\dom\\dist\\query-helpers.js:23:10)\n    at C:\\Users\\user\\Desktop\\PROJECTS\\Shule hub\\apps\\web\\node_modules\\@testing-library\\dom\\dist\\query-helpers.js:55:13\n    at C:\\Users\\user\\Desktop\\PROJECTS\\Shule hub\\apps\\web\\node_modules\\@testing-library\\dom\\dist\\query-helpers.js:95:19\n    at Object.getByRole (C:\\Users\\user\\Desktop\\PROJECTS\\Shule hub\\apps\\web\\tests\\design\\operational-action-contract.test.tsx:63:21)\n    at Promise.finally.completed (C:\\Users\\user\\Desktop\\PROJECTS\\Shule hub\\apps\\web\\node_modules\\jest-circus\\build\\jestAdapterInit.js:1557:28)\n    at new Promise (<anonymous>)\n    at callAsyncCircusFn (C:\\Users\\user\\Desktop\\PROJECTS\\Shule hub\\apps\\web\\node_modules\\jest-circus\\build\\jestAdapterInit.js:1497:10)\n    at _callCircusTest (C:\\Users\\user\\Desktop\\PROJECTS\\Shule hub\\apps\\web\\node_modules\\jest-circus\\build\\jestAdapterInit.js:1007:40)\n    at _runTest (C:\\Users\\user\\Desktop\\PROJECTS\\Shule hub\\apps\\web\\node_modules\\jest-circus\\build\\jestAdapterInit.js:947:3)\n    at C:\\Users\\user\\Desktop\\PROJECTS\\Shule hub\\apps\\web\\node_modules\\jest-circus\\build\\jestAdapterInit.js:849:7\n    at _runTestsForDescribeBlock (C:\\Users\\user\\Desktop\\PROJECTS\\Shule hub\\apps\\web\\node_modules\\jest-circus\\build\\jestAdapterInit.js:862:11)\n    at _runTestsForDescribeBlock (C:\\Users\\user\\Desktop\\PROJECTS\\Shule hub\\apps\\web\\node_modules\\jest-circus\\build\\jestAdapterInit.js:857:11)\n    at run (C:\\Users\\user\\Desktop\\PROJECTS\\Shule hub\\apps\\web\\node_modules\\jest-circus\\build\\jestAdapterInit.js:761:3)\n    at runAndTransformResultsToJestFormat (C:\\Users\\user\\Desktop\\PROJECTS\\Shule hub\\apps\\web\\node_modules\\jest-circus\\build\\jestAdapterInit.js:1918:21)\n    at jestAdapter (C:\\Users\\user\\Desktop\\PROJECTS\\Shule hub\\apps\\web\\node_modules\\jest-circus\\build\\runner.js:101:19)\n    at runTestInternal (C:\\Users\\user\\Desktop\\PROJECTS\\Shule hub\\apps\\web\\node_modules\\jest-runner\\build\\index.js:275:16)\n    at runTest (C:\\Users\\user\\Desktop\\PROJECTS\\Shule hub\\apps\\web\\node_modules\\jest-runner\\build\\index.js:343:7)"],"fullName":"OperationalActionButton keeps every action health state visible with school-friendly action context","invocations":1,"location":null,"numPassingAsserts":14,"retryReasons":[],"startAt":1779902131804,"status":"failed","title":"keeps every action health state visible with school-friendly action context"},{"ancestorTitles":["OperationalActionButton"],"duration":105,"failing":false,"failureDetails":[],"failureMessages":[],"fullName":"OperationalActionButton does not hide locked, degraded, or failed actions and routes active clicks through the execution contract","invocations":1,"location":null,"numPassingAsserts":4,"retryReasons":[],"startAt":1779902132085,"status":"passed","title":"does not hide locked, degraded, or failed actions and routes active clicks through the execution contract"}],"endTime":1779902132223,"message":"  ● OperationalActionButton › keeps every action health state visible with school-friendly action context\n\n    TestingLibraryElementError: Found multiple elements with the role \"button\" and name `/approve results Retry/i`\n\n    Here are the matching elements:\n\n    Ignored nodes: comments, script, style\n    \u001b[36m<button\u001b[39m\n      \u001b[33maria-label\u001b[39m=\u001b[32m\"Approve Results Retry available\"\u001b[39m\n      \u001b[33mclass\u001b[39m=\u001b[32m\"inline-flex items-center gap-2 rounded-[var(--radius-xs)] border px-3 py-2 text-xs font-bold transition hover:-translate-y-0.5 disabled:cursor-not-allowed disabled:opacity-75 border-warning/25 bg-warning-soft text-warning hover:border-warning/45\"\u001b[39m\n      \u001b[33mtype\u001b[39m=\u001b[32m\"button\"\u001b[39m\n    \u001b[36m>\u001b[39m\n      \u001b[36m<svg\u001b[39m\n        \u001b[33maria-hidden\u001b[39m=\u001b[32m\"true\"\u001b[39m\n        \u001b[33mclass\u001b[39m=\u001b[32m\"lucide lucide-triangle-alert h-3.5 w-3.5\"\u001b[39m\n        \u001b[33mfill\u001b[39m=\u001b[32m\"none\"\u001b[39m\n        \u001b[33mheight\u001b[39m=\u001b[32m\"24\"\u001b[39m\n        \u001b[33mstroke\u001b[39m=\u001b[32m\"currentColor\"\u001b[39m\n        \u001b[33mstroke-linecap\u001b[39m=\u001b[32m\"round\"\u001b[39m\n        \u001b[33mstroke-linejoin\u001b[39m=\u001b[32m\"round\"\u001b[39m\n        \u001b[33mstroke-width\u001b[39m=\u001b[32m\"2\"\u001b[39m\n        \u001b[33mviewBox\u001b[39m=\u001b[32m\"0 0 24 24\"\u001b[39m\n        \u001b[33mwidth\u001b[39m=\u001b[32m\"24\"\u001b[39m\n        \u001b[33mxmlns\u001b[39m=\u001b[32m\"http://www.w3.org/2000/svg\"\u001b[39m\n      \u001b[36m>\u001b[39m\n        \u001b[36m<path\u001b[39m\n          \u001b[33md\u001b[39m=\u001b[32m\"m21.73 18-8-14a2 2 0 0 0-3.48 0l-8 14A2 2 0 0 0 4 21h16a2 2 0 0 0 1.73-3\"\u001b[39m\n        \u001b[36m/>\u001b[39m\n        \u001b[36m<path\u001b[39m\n          \u001b[33md\u001b[39m=\u001b[32m\"M12 9v4\"\u001b[39m\n        \u001b[36m/>\u001b[39m\n        \u001b[36m<path\u001b[39m\n          \u001b[33md\u001b[39m=\u001b[32m\"M12 17h.01\"\u001b[39m\n        \u001b[36m/>\u001b[39m\n      \u001b[36m</svg>\u001b[39m\n      \u001b[36m<span\u001b[39m\n        \u001b[33mclass\u001b[39m=\u001b[32m\"rounded-full border border-current/20 px-1.5 py-0.5 text-[9px] uppercase tracking-[0.12em]\"\u001b[39m\n      \u001b[36m>\u001b[39m\n        \u001b[0mRetry available\u001b[0m\n      \u001b[36m</span>\u001b[39m\n      \u001b[0mApprove Results\u001b[0m\n    \u001b[36m</button>\u001b[39m\n\n    Ignored nodes: comments, script, style\n    \u001b[36m<button\u001b[39m\n      \u001b[33maria-label\u001b[39m=\u001b[32m\"Approve Results Retry\"\u001b[39m\n      \u001b[33mclass\u001b[39m=\u001b[32m\"inline-flex items-center gap-2 rounded-[var(--radius-xs)] border px-3 py-2 text-xs font-bold transition hover:-translate-y-0.5 disabled:cursor-not-allowed disabled:opacity-75 border-warning/25 bg-warning-soft text-warning hover:border-warning/45\"\u001b[39m\n      \u001b[33mtype\u001b[39m=\u001b[32m\"button\"\u001b[39m\n    \u001b[36m>\u001b[39m\n      \u001b[36m<svg\u001b[39m\n        \u001b[33maria-hidden\u001b[39m=\u001b[32m\"true\"\u001b[39m\n        \u001b[33mclass\u001b[39m=\u001b[32m\"lucide lucide-rotate-ccw h-3.5 w-3.5\"\u001b[39m\n        \u001b[33mfill\u001b[39m=\u001b[32m\"none\"\u001b[39m\n        \u001b[33mheight\u001b[39m=\u001b[32m\"24\"\u001b[39m\n        \u001b[33mstroke\u001b[39m=\u001b[32m\"currentColor\"\u001b[39m\n        \u001b[33mstroke-linecap\u001b[39m=\u001b[32m\"round\"\u001b[39m\n        \u001b[33mstroke-linejoin\u001b[39m=\u001b[32m\"round\"\u001b[39m\n        \u001b[33mstroke-width\u001b[39m=\u001b[32m\"2\"\u001b[39m\n        \u001b[33mviewBox\u001b[39m=\u001b[32m\"0 0 24 24\"\u001b[39m\n        \u001b[33mwidth\u001b[39m=\u001b[32m\"24\"\u001b[39m\n        \u001b[33mxmlns\u001b[39m=\u001b[32m\"http://www.w3.org/2000/svg\"\u001b[39m\n      \u001b[36m>\u001b[39m\n        \u001b[36m<path\u001b[39m\n          \u001b[33md\u001b[39m=\u001b[32m\"M3 12a9 9 0 1 0 9-9 9.75 9.75 0 0 0-6.74 2.74L3 8\"\u001b[39m\n        \u001b[36m/>\u001b[39m\n        \u001b[36m<path\u001b[39m\n          \u001b[33md\u001b[39m=\u001b[32m\"M3 3v5h5\"\u001b[39m\n        \u001b[36m/>\u001b[39m\n      \u001b[36m</svg>\u001b[39m\n      \u001b[36m<span\u001b[39m\n        \u001b[33mclass\u001b[39m=\u001b[32m\"rounded-full border border-current/20 px-1.5 py-0.5 text-[9px] uppercase tracking-[0.12em]\"\u001b[39m\n      \u001b[36m>\u001b[39m\n        \u001b[0mRetry\u001b[0m\n      \u001b[36m</span>\u001b[39m\n      \u001b[0mApprove Results\u001b[0m\n    \u001b[36m</button>\u001b[39m\n\n    (If this is intentional, then use the `*AllBy*` variant of the query (like `queryAllByText`, `getAllByText`, or `findAllByText`)).\n\n    Ignored nodes: comments, script, style\n    \u001b[36m<body>\u001b[39m\n      \u001b[36m<div>\u001b[39m\n        \u001b[36m<div>\u001b[39m\n          \u001b[36m<div\u001b[39m\n            \u001b[33mclass\u001b[39m=\u001b[32m\"rounded-[var(--radius-sm)] border border-border bg-surface/80 p-3 shadow-[0_12px_32px_rgba(15,23,42,0.05)]\"\u001b[39m\n            \u001b[33mdata-action-health\u001b[39m=\u001b[32m\"ACTIVE\"\u001b[39m\n          \u001b[36m>\u001b[39m\n            \u001b[36m<button\u001b[39m\n              \u001b[33maria-label\u001b[39m=\u001b[32m\"Approve Results Ready\"\u001b[39m\n              \u001b[33mclass\u001b[39m=\u001b[32m\"inline-flex items-center gap-2 rounded-[var(--radius-xs)] border px-3 py-2 text-xs font-bold transition hover:-translate-y-0.5 disabled:cursor-not-allowed disabled:opacity-75 border-[#BFD7FF] bg-[#EEF6FF] text-[#0B3A7A] hover:border-[#7BAEF9]\"\u001b[39m\n              \u001b[33mtype\u001b[39m=\u001b[32m\"button\"\u001b[39m\n            \u001b[36m>\u001b[39m\n              \u001b[36m<svg\u001b[39m\n                \u001b[33maria-hidden\u001b[39m=\u001b[32m\"true\"\u001b[39m\n                \u001b[33mclass\u001b[39m=\u001b[32m\"lucide lucide-shield-check h-3.5 w-3.5\"\u001b[39m\n                \u001b[33mfill\u001b[39m=\u001b[32m\"none\"\u001b[39m\n                \u001b[33mheight\u001b[39m=\u001b[32m\"24\"\u001b[39m\n                \u001b[33mstroke\u001b[39m=\u001b[32m\"currentColor\"\u001b[39m\n                \u001b[33mstroke-linecap\u001b[39m=\u001b[32m\"round\"\u001b[39m\n                \u001b[33mstroke-linejoin\u001b[39m=\u001b[32m\"round\"\u001b[39m\n                \u001b[33mstroke-width\u001b[39m=\u001b[32m\"2\"\u001b[39m\n                \u001b[33mviewBox\u001b[39m=\u001b[32m\"0 0 24 24\"\u001b[39m\n                \u001b[33mwidth\u001b[39m=\u001b[32m\"24\"\u001b[39m\n                \u001b[33mxmlns\u001b[39m=\u001b[32m\"http://www.w3.org/2000/svg\"\u001b[39m\n              \u001b[36m>\u001b[39m\n                \u001b[36m<path\u001b[39m\n                  \u001b[33md\u001b[39m=\u001b[32m\"M20 13c0 5-3.5 7.5-7.66 8.95a1 1 0 0 1-.67-.01C7.5 20.5 4 18 4 13V6a1 1 0 0 1 1-1c2 0 4.5-1.2 6.24-2.72a1.17 1.17 0 0 1 1.52 0C14.51 3.81 17 5 19 5a1 1 0 0 1 1 1z\"\u001b[39m\n                \u001b[36m/>\u001b[39m\n                \u001b[36m<path\u001b[39m\n                  \u001b[33md\u001b[39m=\u001b[32m\"m9 12 2 2 4-4\"\u001b[39m\n                \u001b[36m/>\u001b[39m\n              \u001b[36m</svg>\u001b[39m\n              \u001b[36m<span\u001b[39m\n                \u001b[33mclass\u001b[39m=\u001b[32m\"rounded-full border border-current/20 px-1.5 py-0.5 text-[9px] uppercase tracking-[0.12em]\"\u001b[39m\n              \u001b[36m>\u001b[39m\n                \u001b[0mReady\u001b[0m\n              \u001b[36m</span>\u001b[39m\n              \u001b[0mApprove Results\u001b[0m\n            \u001b[36m</button>\u001b[39m\n            \u001b[36m<div\u001b[39m\n              \u001b[33mclass\u001b[39m=\u001b[32m\"mt-2 space-y-1 text-[10px] font-semibold leading-4 text-muted\"\u001b[39m\n            \u001b[36m>\u001b[39m\n              \u001b[36m<p>\u001b[39m\n                \u001b[0mReady to use.\u001b[0m\n              \u001b[36m</p>\u001b[39m\n              \u001b[36m<p>\u001b[39m\n                \u001b[0mAction history will record who did this and when.\u001b[0m\n              \u001b[36m</p>\u001b[39m\n            \u001b[36m</div>\u001b[39m\n          \u001b[36m</div>\u001b[39m\n          \u001b[36m<div\u001b[39m\n            \u001b[33mclass\u001b[39m=\u001b[32m\"rounded-[var(--radius-sm)] border border-border bg-surface/80 p-3 shadow-[0_12px_32px_rgba(15,23,42,0.05)]\"\u001b[39m\n            \u001b[33mdata-action-health\u001b[39m=\u001b[32m\"LOADING\"\u001b[39m\n          \u001b[36m>\u001b[39m\n            \u001b[36m<button\u001b[39m\n              \u001b[33maria-label\u001b[39m=\u001b[32m\"Approve Results Sending\"\u001b[39m\n              \u001b[33mclass\u001b[39m=\u001b[32m\"inline-flex items-center gap-2 rounded-[var(--radius-xs)] border px-3 py-2 text-xs font-bold transition hover:-translate-y-0.5 disabled:cursor-not-allowed disabled:opacity-75 border-border bg-surface-muted text-muted\"\u001b[39m\n              \u001b[33mdisabled\u001b[39m=\u001b[32m\"\"\u001b[39m\n              \u001b[33mtype\u001b[39m=\u001b[32m\"button\"\u001b[39m\n            \u001b[36m>\u001b[39m\n              \u001b[36m<svg\u001b[39m\n                \u001b[33maria-hidden\u001b[39m=\u001b[32m\"true\"\u001b[39m\n                \u001b[33mclass\u001b[39m=\u001b[32m\"lucide lucide-clock3 lucide-clock-3 h-3.5 w-3.5\"\u001b[39m\n                \u001b[33mfill\u001b[39m=\u001b[32m\"none\"\u001b[39m\n                \u001b[33mheight\u001b[39m=\u001b[32m\"24\"\u001b[39m\n                \u001b[33mstroke\u001b[39m=\u001b[32m\"currentColor\"\u001b[39m\n                \u001b[33mstroke-linecap\u001b[39m=\u001b[32m\"round\"\u001b[39m\n                \u001b[33mstroke-linejoin\u001b[39m=\u001b[32m\"round\"\u001b[39m\n                \u001b[33mstroke-width\u001b[39m=\u001b[32m\"2\"\u001b[39m\n                \u001b[33mviewBox\u001b[39m=\u001b[32m\"0 0 24 24\"\u001b[39m\n                \u001b[33mwidth\u001b[39m=\u001b[32m\"24\"\u001b[39m\n                \u001b[33mxmlns\u001b[39m=\u001b[32m\"http://www.w3.org/2000/svg\"\u001b[39m\n              \u001b[36m>\u001b[39m\n                \u001b[36m<circle\u001b[39m\n                  \u001b[33mcx\u001b[39m=\u001b[32m\"12\"\u001b[39m\n                  \u001b[33mcy\u001b[39m=\u001b[32m\"12\"\u001b[39m\n                  \u001b[33mr\u001b[39m=\u001b[32m\"10\"\u001b[39m\n                \u001b[36m/>\u001b[39m\n                \u001b[36m<path\u001b[39m\n                  \u001b[33md\u001b[39m=\u001b[32m\"M12 6v6h4\"\u001b[39m\n                \u001b[36m/>\u001b[39m\n              \u001b[36m</svg>\u001b[39m\n              \u001b[36m<span\u001b[39m\n                \u001b[33mclass\u001b[39m=\u001b[32m\"rounded-full border border-current/20 px-1.5 py-0.5 text-[9px] uppercase tracking-[0.12em]\"\u001b[39m\n              \u001b[36m>\u001b[39m\n                \u001b[0mSending\u001b[0m\n              \u001b[36m</span>\u001b[39m\n              \u001b[0mApprove Results\u001b[0m\n            \u001b[36m</button>\u001b[39m\n            \u001b[36m<div\u001b[39m\n              \u001b[33mclass\u001b[39m=\u001b[32m\"mt-2 space-y-1 text-[10px] font-semibold leading-4 text-muted\"\u001b[39m\n            \u001b[36m>\u001b[39m\n              \u001b[36m<p>\u001b[39m\n                \u001b[0mReady to use.\u001b[0m\n              \u001b[36m</p>\u001b[39m\n              \u001b[36m<p>\u001b[39m\n                \u001b[0mAction history will record who did this and when.\u001b[0m\n              \u001b[36m</p>\u001b[39m\n            \u001b[36m</div>\u001b[39m\n          \u001b[36m</div>\u001b[39m\n          \u001b[36m<div\u001b[39m\n            \u001b[33mclass\u001b[39m=\u001b[32m\"rounded-[var(--radius-sm)] border border-border bg-surface/80 p-3 shadow-[0_12px_32px_rgba(15,23,42,0.05)]\"\u001b[39m\n            \u001b[33mdata-action-health\u001b[39m=\u001b[32m\"SUCCESS\"\u001b[39m\n          \u001b[36m>\u001b[39m\n            \u001b[36m<button\u001b[39m\n              \u001b[33maria-label\u001b[39m=\u001b[32m\"Approve Results Done\"\u001b[39m\n              \u001b[33mclass\u001b[39m=\u001b[32m\"inline-flex items-center gap-2 rounded-[var(--radius-xs)] border px-3 py-2 text-xs font-bold transition hover:-translate-y-0.5 disabled:cursor-not-allowed disabled:opacity-75 border-success/25 bg-success-soft text-success hover:border-success/45\"\u001b[39m\n              \u001b[33mtype\u001b[39m=\u001b[32m\"button\"\u001b[39m\n            \u001b[36m>\u001b[39m\n              \u001b[36m<svg\u001b[39m\n                \u001b[33maria-hidden\u001b[39m=\u001b[32m\"true\"\u001b[39m\n                \u001b[33mclass\u001b[39m=\u001b[32m\"lucide lucide-circle-check h-3.5 w-3.5\"\u001b[39m\n                \u001b[33mfill\u001b[39m=\u001b[32m\"none\"\u001b[39m\n                \u001b[33mheight\u001b[39m=\u001b[32m\"24\"\u001b[39m\n                \u001b[33mstroke\u001b[39m=\u001b[32m\"currentColor\"\u001b[39m\n                \u001b[33mstroke-linecap\u001b[39m=\u001b[32m\"round\"\u001b[39m\n                \u001b[33mstroke-linejoin\u001b[39m=\u001b[32m\"round\"\u001b[39m\n                \u001b[33mstroke-width\u001b[39m=\u001b[32m\"2\"\u001b[39m\n                \u001b[33mviewBox\u001b[39m=\u001b[32m\"0 0 24 24\"\u001b[39m\n                \u001b[33mwidth\u001b[39m=\u001b[32m\"24\"\u001b[39m\n                \u001b[33mxmlns\u001b[39m=\u001b[32m\"http://www.w3.org/2000/svg\"\u001b[39m\n              \u001b[36m>\u001b[39m\n                \u001b[36m<circle\u001b[39m\n                  \u001b[33mcx\u001b[39m=\u001b[32m\"12\"\u001b[39m\n                  \u001b[33mcy\u001b[39m=\u001b[32m\"12\"\u001b[39m\n                  \u001b[33mr\u001b[39m=\u001b[32m\"10\"\u001b[39m\n                \u001b[36m/>\u001b[39m\n                \u001b[36m<path\u001b[39m\n                  \u001b[33md\u001b[39m=\u001b[32m\"m9 12 2 2 4-4\"\u001b[39m\n                \u001b[36m/>\u001b[39m\n              \u001b[36m</svg>\u001b[39m\n              \u001b[36m<span\u001b[39m\n                \u001b[33mclass\u001b[39m=\u001b[32m\"rounded-full border border-current/20 px-1.5 py-0.5 text-[9px] uppercase tracking-[0.12em]\"\u001b[39m\n              \u001b[36m>\u001b[39m\n                \u001b[0mDone\u001b[0m\n              \u001b[36m</span>\u001b[39m\n              \u001b[0mApprove Results\u001b[0m\n            \u001b[36m</button>\u001b[39m\n            \u001b[36m<div\u001b[39m\n              \u001b[33mclass\u001b[39m=\u001b[32m\"mt-2 space-y-1 text-[10px] font-semibold leading-4 text-muted\"\u001b[39m\n            \u001b[36m>\u001b[39m\n              \u001b[36m<p>\u001b[39m\n                \u001b[0mReady to use.\u001b[0m\n              \u001b[36m</p>\u001b[39m\n              \u001b[36m<p>\u001b[39m\n                \u001b[0mAction history will recor...\n\n    \u001b[0m \u001b[90m 61 |\u001b[39m\n     \u001b[90m 62 |\u001b[39m     \u001b[36mfor\u001b[39m (\u001b[36mconst\u001b[39m label \u001b[36mof\u001b[39m labels) {\n    \u001b[31m\u001b[1m>\u001b[22m\u001b[39m\u001b[90m 63 |\u001b[39m       expect(screen\u001b[33m.\u001b[39mgetByRole(\u001b[32m\"button\"\u001b[39m\u001b[33m,\u001b[39m { name\u001b[33m:\u001b[39m \u001b[36mnew\u001b[39m \u001b[33mRegExp\u001b[39m(\u001b[32m`approve results ${label}`\u001b[39m\u001b[33m,\u001b[39m \u001b[32m\"i\"\u001b[39m) }))\u001b[33m.\u001b[39mtoBeVisible()\u001b[33m;\u001b[39m\n     \u001b[90m    |\u001b[39m                     \u001b[31m\u001b[1m^\u001b[22m\u001b[39m\n     \u001b[90m 64 |\u001b[39m       expect(screen\u001b[33m.\u001b[39mgetByText(label))\u001b[33m.\u001b[39mtoBeVisible()\u001b[33m;\u001b[39m\n     \u001b[90m 65 |\u001b[39m     }\n     \u001b[90m 66 |\u001b[39m\u001b[0m\n\n      at Object.getElementError (node_modules/@testing-library/dom/dist/config.js:37:19)\n      at getElementError (node_modules/@testing-library/dom/dist/query-helpers.js:20:35)\n      at getMultipleElementsFoundError (node_modules/@testing-library/dom/dist/query-helpers.js:23:10)\n      at node_modules/@testing-library/dom/dist/query-helpers.js:55:13\n      at node_modules/@testing-library/dom/dist/query-helpers.js:95:19\n      at Object.getByRole (tests/design/operational-action-contract.test.tsx:63:21)\n","name":"C:\\Users\\user\\Desktop\\PROJECTS\\Shule hub\\apps\\web\\tests\\design\\operational-action-contract.test.tsx","startTime":1779902130462,"status":"failed","summary":""}],"wasInterrupted":false}
